                              1 .area _CODE_1
                              2 .globl _box_close_gb_wbox_tiledata
   0000 02 00                 3 .dw _box_close_gb_wbox_tiledata
   0002                       4 _box_close_gb_wbox_tiledata:
   0002 00 00 00 00 00 00     5 .db 0X00,0X00,0X00,0X00,0X00,0X00,0X00,0X00
        00 00
   000A 00 00 00 00 00 00     6 .db 0X00,0X00,0X00,0X00,0X00,0X00,0X00,0X00
        00 00
   0012 00 00 00 00 00 00     7 .db 0X00,0X00,0X00,0X00,0X00,0X00,0X00,0X00
        00 00
   001A 00 00 00 00 00 00     8 .db 0X00,0X00,0X00,0X00,0X00,0X00,0X15,0X00
        15 00
   0022 00 00 00 00 00 00     9 .db 0X00,0X00,0X00,0X00,0X00,0X00,0X00,0X00
        00 00
   002A 02 00 15 00 AA 00    10 .db 0X02,0X00,0X15,0X00,0XAA,0X00,0X00,0X00
        00 00
   0032 00 00 00 00 02 00    11 .db 0X00,0X00,0X00,0X00,0X02,0X00,0X15,0X00
        15 00
   003A AA 00 55 00 2A 00    12 .db 0XAA,0X00,0X55,0X00,0X2A,0X00,0X01,0X00
        01 00
   0042 00 00 00 00 A0 00    13 .db 0X00,0X00,0X00,0X00,0XA0,0X00,0X54,0X00
        54 00
   004A AA 00 15 00 28 00    14 .db 0XAA,0X00,0X15,0X00,0X28,0X00,0X40,0X00
        40 00
   0052 00 00 00 00 00 00    15 .db 0X00,0X00,0X00,0X00,0X00,0X00,0X40,0X00
        40 00
   005A A8 00 00 00 00 00    16 .db 0XA8,0X00,0X00,0X00,0X00,0X00,0X00,0X00
        00 00
   0062 00 00 00 00 00 00    17 .db 0X00,0X00,0X00,0X00,0X00,0X00,0X00,0X00
        00 00
   006A 00 00 00 00 00 00    18 .db 0X00,0X00,0X00,0X00,0X00,0X00,0X05,0X00
        05 00
   0072 00 00 00 00 00 00    19 .db 0X00,0X00,0X00,0X00,0X00,0X00,0X00,0X00
        00 00
   007A 00 00 00 00 80 00    20 .db 0X00,0X00,0X00,0X00,0X80,0X00,0X54,0X00
        54 00
   0082 00 00 00 00 00 00    21 .db 0X00,0X00,0X00,0X00,0X00,0X00,0X00,0X00
        00 00
   008A 0D 02 0F 10 15 0A    22 .db 0X0D,0X02,0X0F,0X10,0X15,0X0A,0X0A,0X15
        0A 15
   0092 00 00 00 00 02 00    23 .db 0X00,0X00,0X00,0X00,0X02,0X00,0X11,0X00
        11 00
   009A 80 00 AD 50 6D 82    24 .db 0X80,0X00,0XAD,0X50,0X6D,0X82,0XAF,0X50
        AF 50
   00A2 02 00 04 00 A0 00    25 .db 0X02,0X00,0X04,0X00,0XA0,0X00,0X10,0X00
        10 00
   00AA 00 00 04 00 62 80    26 .db 0X00,0X00,0X04,0X00,0X62,0X80,0X95,0X78
        95 78
   00B2 A0 00 00 00 08 00    27 .db 0XA0,0X00,0X00,0X00,0X08,0X00,0X15,0X00
        15 00
   00BA 08 00 00 00 00 00    28 .db 0X08,0X00,0X00,0X00,0X00,0X00,0X00,0X00
        00 00
   00C2 2A 00 55 00 82 00    29 .db 0X2A,0X00,0X55,0X00,0X82,0X00,0X00,0X00
        00 00
   00CA 00 00 00 00 00 00    30 .db 0X00,0X00,0X00,0X00,0X00,0X00,0X00,0X00
        00 00
   00D2 28 00 40 00 00 00    31 .db 0X28,0X00,0X40,0X00,0X00,0X00,0X00,0X00
        00 00
   00DA 00 00 00 00 02 00    32 .db 0X00,0X00,0X00,0X00,0X02,0X00,0X15,0X00
        15 00
   00E2 00 00 00 00 00 00    33 .db 0X00,0X00,0X00,0X00,0X00,0X00,0X00,0X00
        00 00
   00EA 02 00 15 00 AA 00    34 .db 0X02,0X00,0X15,0X00,0XAA,0X00,0X55,0X00
        55 00
   00F2 00 00 01 00 0A 00    35 .db 0X00,0X00,0X01,0X00,0X0A,0X00,0X55,0X00
        55 00
   00FA AA 00 55 00 AA 00    36 .db 0XAA,0X00,0X55,0X00,0XAA,0X00,0X55,0X00
        55 00
   0102 AA 00 55 00 AA 00    37 .db 0XAA,0X00,0X55,0X00,0XAA,0X00,0X55,0X00
        55 00
   010A AA 00 55 00 AA 00    38 .db 0XAA,0X00,0X55,0X00,0XAA,0X00,0X55,0X00
        55 00
   0112 A0 00 55 00 AA 00    39 .db 0XA0,0X00,0X55,0X00,0XAA,0X00,0X55,0X00
        55 00
   011A AA 00 55 00 AA 00    40 .db 0XAA,0X00,0X55,0X00,0XAA,0X00,0X56,0X01
        56 01
   0122 00 00 00 00 A8 00    41 .db 0X00,0X00,0X00,0X00,0XA8,0X00,0X55,0X00
        55 00
   012A AB 00 5A 05 D5 2A    42 .db 0XAB,0X00,0X5A,0X05,0XD5,0X2A,0XAA,0X55
        AA 55
   0132 00 00 00 00 00 00    43 .db 0X00,0X00,0X00,0X00,0X00,0X00,0X40,0X00
        40 00
   013A 60 80 80 40 60 80    44 .db 0X60,0X80,0X80,0X40,0X60,0X80,0X80,0X40
        80 40
   0142 15 0A 0A 15 15 0A    45 .db 0X15,0X0A,0X0A,0X15,0X15,0X0A,0X0A,0X15
        0A 15
   014A 15 0A 0A 15 15 0A    46 .db 0X15,0X0A,0X0A,0X15,0X15,0X0A,0X0A,0X15
        0A 15
   0152 55 AA AA 55 55 AA    47 .db 0X55,0XAA,0XAA,0X55,0X55,0XAA,0XAA,0X55
        AA 55
   015A 55 AA AA 55 55 AA    48 .db 0X55,0XAA,0XAA,0X55,0X55,0XAA,0XAA,0X55
        AA 55
   0162 71 8E AF 50 55 AA    49 .db 0X71,0X8E,0XAF,0X50,0X55,0XAA,0XAA,0X55
        AA 55
   016A D5 2A AA 55 55 AA    50 .db 0XD5,0X2A,0XAA,0X55,0X55,0XAA,0XAA,0X55
        AA 55
   0172 80 00 0C 70 72 8F    51 .db 0X80,0X00,0X0C,0X70,0X72,0X8F,0XAE,0X51
        AE 51
   017A 55 AA 2A D5 57 A8    52 .db 0X55,0XAA,0X2A,0XD5,0X57,0XA8,0XAA,0X55
        AA 55
   0182 00 00 00 00 AA 00    53 .db 0X00,0X00,0X00,0X00,0XAA,0X00,0X4C,0XF0
        4C F0
   018A F1 0E BE 41 D5 2A    54 .db 0XF1,0X0E,0XBE,0X41,0XD5,0X2A,0XAE,0X51
        AE 51
   0192 8A 00 55 00 80 00    55 .db 0X8A,0X00,0X55,0X00,0X80,0X00,0X14,0X00
        14 00
   019A 80 00 31 C0 C6 38    56 .db 0X80,0X00,0X31,0XC0,0XC6,0X38,0XBC,0X43
        BC 43
   01A2 2A 00 51 00 AA 00    57 .db 0X2A,0X00,0X51,0X00,0XAA,0X00,0X15,0X00
        15 00
   01AA AA 00 55 00 8A 00    58 .db 0XAA,0X00,0X55,0X00,0X8A,0X00,0XC5,0X00
        C5 00
   01B2 AA 00 55 00 AA 00    59 .db 0XAA,0X00,0X55,0X00,0XAA,0X00,0X55,0X00
        55 00
   01BA AA 00 55 00 AB 00    60 .db 0XAA,0X00,0X55,0X00,0XAB,0X00,0X5A,0X05
        5A 05
   01C2 AA 00 55 00 AA 00    61 .db 0XAA,0X00,0X55,0X00,0XAA,0X00,0X55,0X00
        55 00
   01CA AF 00 6A 15 55 AA    62 .db 0XAF,0X00,0X6A,0X15,0X55,0XAA,0XAA,0X55
        AA 55
   01D2 AA 00 55 00 AD 02    63 .db 0XAA,0X00,0X55,0X00,0XAD,0X02,0XEA,0X15
        EA 15
   01DA 55 AA AA 55 55 AA    64 .db 0X55,0XAA,0XAA,0X55,0X55,0XAA,0XAA,0X55
        AA 55
   01E2 B5 0A AA 55 55 AA    65 .db 0XB5,0X0A,0XAA,0X55,0X55,0XAA,0XAA,0X55
        AA 55
   01EA 55 AA AA 55 55 AA    66 .db 0X55,0XAA,0XAA,0X55,0X55,0XAA,0XAA,0X55
        AA 55
   01F2 60 80 80 40 60 80    67 .db 0X60,0X80,0X80,0X40,0X60,0X80,0X80,0X40
        80 40
   01FA 60 80 80 40 60 80    68 .db 0X60,0X80,0X80,0X40,0X60,0X80,0X80,0X40
        80 40
   0202 17 08 0A 15 1D 02    69 .db 0X17,0X08,0X0A,0X15,0X1D,0X02,0X1A,0X05
        1A 05
   020A 15 0A 0A 15 1F 00    70 .db 0X15,0X0A,0X0A,0X15,0X1F,0X00,0X0E,0X11
        0E 11
   0212 55 AA AA 55 55 AA    71 .db 0X55,0XAA,0XAA,0X55,0X55,0XAA,0XEA,0X15
        EA 15
   021A 75 8A AA 55 55 AA    72 .db 0X75,0X8A,0XAA,0X55,0X55,0XAA,0XBB,0X44
        BB 44
   0222 57 A8 AB 54 57 A8    73 .db 0X57,0XA8,0XAB,0X54,0X57,0XA8,0XAB,0X54
        AB 54
   022A 55 AA AE 51 D7 28    74 .db 0X55,0XAA,0XAE,0X51,0XD7,0X28,0XAB,0X54
        AB 54
   0232 DD 22 BF 40 5F A0    75 .db 0XDD,0X22,0XBF,0X40,0X5F,0XA0,0XAA,0X55
        AA 55
   023A 55 AA AE 51 D5 2A    76 .db 0X55,0XAA,0XAE,0X51,0XD5,0X2A,0XEA,0X15
        EA 15
   0242 55 AA AA 55 55 AA    77 .db 0X55,0XAA,0XAA,0X55,0X55,0XAA,0XAA,0X55
        AA 55
   024A 55 AA EA 15 F5 0A    78 .db 0X55,0XAA,0XEA,0X15,0XF5,0X0A,0XEA,0X15
        EA 15
   0252 56 A8 AA 55 DD 22    79 .db 0X56,0XA8,0XAA,0X55,0XDD,0X22,0XAB,0X54
        AB 54
   025A 55 AA AA 55 55 AA    80 .db 0X55,0XAA,0XAA,0X55,0X55,0XAA,0XAA,0X55
        AA 55
   0262 CA 20 DC 01 5F A0    81 .db 0XCA,0X20,0XDC,0X01,0X5F,0XA0,0XBF,0X40
        BF 40
   026A FF 00 AF 50 5F A0    82 .db 0XFF,0X00,0XAF,0X50,0X5F,0XA0,0XAE,0X51
        AE 51
   0272 F5 0A AA 55 55 AA    83 .db 0XF5,0X0A,0XAA,0X55,0X55,0XAA,0XBA,0X45
        BA 45
   027A 5D A2 BE 41 F5 0A    84 .db 0X5D,0XA2,0XBE,0X41,0XF5,0X0A,0XAE,0X51
        AE 51
   0282 55 AA AA 55 55 AA    85 .db 0X55,0XAA,0XAA,0X55,0X55,0XAA,0XAA,0X55
        AA 55
   028A 55 AA AA 55 75 8A    86 .db 0X55,0XAA,0XAA,0X55,0X75,0X8A,0XBA,0X45
        BA 45
   0292 55 AA AA 55 55 AA    87 .db 0X55,0XAA,0XAA,0X55,0X55,0XAA,0XAA,0X55
        AA 55
   029A 55 AA AA 55 5D A2    88 .db 0X55,0XAA,0XAA,0X55,0X5D,0XA2,0XAA,0X55
        AA 55
   02A2 60 80 A0 40 60 80    89 .db 0X60,0X80,0XA0,0X40,0X60,0X80,0XA0,0X40
        A0 40
   02AA 60 80 A0 40 60 80    90 .db 0X60,0X80,0XA0,0X40,0X60,0X80,0XA0,0X40
        A0 40
   02B2 15 0A 0A 15 15 0A    91 .db 0X15,0X0A,0X0A,0X15,0X15,0X0A,0X1A,0X05
        1A 05
   02BA 15 0A 1A 05 1D 02    92 .db 0X15,0X0A,0X1A,0X05,0X1D,0X02,0X1E,0X01
        1E 01
   02C2 55 AA AA 55 D5 2A    93 .db 0X55,0XAA,0XAA,0X55,0XD5,0X2A,0XEE,0X11
        EE 11
   02CA 75 8A EA 15 55 AA    94 .db 0X75,0X8A,0XEA,0X15,0X55,0XAA,0XAE,0X51
        AE 51
   02D2 D7 28 AF 50 5F A0    95 .db 0XD7,0X28,0XAF,0X50,0X5F,0XA0,0XBF,0X40
        BF 40
   02DA FF 00 EF 10 DF 20    96 .db 0XFF,0X00,0XEF,0X10,0XDF,0X20,0XFE,0X01
        FE 01
   02E2 F5 0A EE 11 FF 00    97 .db 0XF5,0X0A,0XEE,0X11,0XFF,0X00,0XFE,0X01
        FE 01
   02EA FF 00 BB 44 7F 80    98 .db 0XFF,0X00,0XBB,0X44,0X7F,0X80,0XFF,0X00
        FF 00
   02F2 55 AA AA 55 55 AA    99 .db 0X55,0XAA,0XAA,0X55,0X55,0XAA,0XAA,0X55
        AA 55
   02FA DD 22 AA 55 DD 22   100 .db 0XDD,0X22,0XAA,0X55,0XDD,0X22,0XEB,0X14
        EB 14
   0302 55 AA AA 55 55 AA   101 .db 0X55,0XAA,0XAA,0X55,0X55,0XAA,0XAA,0X55
        AA 55
   030A 55 AA AA 55 5D A2   102 .db 0X55,0XAA,0XAA,0X55,0X5D,0XA2,0XAE,0X51
        AE 51
   0312 57 A8 AF 50 57 A8   103 .db 0X57,0XA8,0XAF,0X50,0X57,0XA8,0XFE,0X01
        FE 01
   031A 57 A8 AE 51 57 A8   104 .db 0X57,0XA8,0XAE,0X51,0X57,0XA8,0XAF,0X50
        AF 50
   0322 7D 82 FF 00 FF 00   105 .db 0X7D,0X82,0XFF,0X00,0XFF,0X00,0XEE,0X11
        EE 11
   032A FF 00 AF 50 5F A0   106 .db 0XFF,0X00,0XAF,0X50,0X5F,0XA0,0XBF,0X40
        BF 40
   0332 FD 02 AF 50 FF 00   107 .db 0XFD,0X02,0XAF,0X50,0XFF,0X00,0XAF,0X50
        AF 50
   033A FD 02 FF 00 FD 02   108 .db 0XFD,0X02,0XFF,0X00,0XFD,0X02,0XFF,0X00
        FF 00
   0342 F5 0A AA 55 DF 20   109 .db 0XF5,0X0A,0XAA,0X55,0XDF,0X20,0XBE,0X41
        BE 41
   034A 55 AA AA 55 55 AA   110 .db 0X55,0XAA,0XAA,0X55,0X55,0XAA,0XBE,0X41
        BE 41
   0352 55 AA AA 55 55 AA   111 .db 0X55,0XAA,0XAA,0X55,0X55,0XAA,0XAA,0X55
        AA 55
   035A 55 AA AA 55 75 8A   112 .db 0X55,0XAA,0XAA,0X55,0X75,0X8A,0XAE,0X51
        AE 51
   0362 1D 02 1A 05 1D 02   113 .db 0X1D,0X02,0X1A,0X05,0X1D,0X02,0X1B,0X04
        1B 04
   036A 1D 02 1B 04 1F 00   114 .db 0X1D,0X02,0X1B,0X04,0X1F,0X00,0X1F,0X00
        1F 00
   0372 F5 0A FE 01 FF 00   115 .db 0XF5,0X0A,0XFE,0X01,0XFF,0X00,0XFE,0X01
        FE 01
   037A DF 20 EF 10 7F 80   116 .db 0XDF,0X20,0XEF,0X10,0X7F,0X80,0XFE,0X01
        FE 01
   0382 DF 20 FF 00 5F A0   117 .db 0XDF,0X20,0XFF,0X00,0X5F,0XA0,0XAE,0X51
        AE 51
   038A DF 20 FE 01 FF 00   118 .db 0XDF,0X20,0XFE,0X01,0XFF,0X00,0XFF,0X00
        FF 00
   0392 7F 80 FF 00 FF 00   119 .db 0X7F,0X80,0XFF,0X00,0XFF,0X00,0XFF,0X00
        FF 00
   039A 7F 80 BE 41 7F 80   120 .db 0X7F,0X80,0XBE,0X41,0X7F,0X80,0XFE,0X01
        FE 01
   03A2 5F A0 EF 10 55 AA   121 .db 0X5F,0XA0,0XEF,0X10,0X55,0XAA,0XEA,0X15
        EA 15
   03AA 55 AA AA 55 55 AA   122 .db 0X55,0XAA,0XAA,0X55,0X55,0XAA,0XEB,0X14
        EB 14
   03B2 55 AA AB 54 55 AA   123 .db 0X55,0XAA,0XAB,0X54,0X55,0XAA,0XAA,0X55
        AA 55
   03BA 5F A0 AE 51 57 A8   124 .db 0X5F,0XA0,0XAE,0X51,0X57,0XA8,0XAF,0X50
        AF 50
   03C2 D7 28 AF 50 D7 28   125 .db 0XD7,0X28,0XAF,0X50,0XD7,0X28,0XFF,0X00
        FF 00
   03CA 57 A8 EF 10 57 A8   126 .db 0X57,0XA8,0XEF,0X10,0X57,0XA8,0XEE,0X11
        EE 11
   03D2 DF 20 AF 50 F7 08   127 .db 0XDF,0X20,0XAF,0X50,0XF7,0X08,0XFF,0X00
        FF 00
   03DA FF 00 FF 00 F7 08   128 .db 0XFF,0X00,0XFF,0X00,0XF7,0X08,0XFF,0X00
        FF 00
   03E2 7F 80 FF 00 FF 00   129 .db 0X7F,0X80,0XFF,0X00,0XFF,0X00,0XEF,0X10
        EF 10
   03EA FD 02 FF 00 FF 00   130 .db 0XFD,0X02,0XFF,0X00,0XFF,0X00,0XEE,0X11
        EE 11
   03F2 7F 80 EA 15 D5 2A   131 .db 0X7F,0X80,0XEA,0X15,0XD5,0X2A,0XEA,0X15
        EA 15
   03FA F5 0A FA 05 F5 0A   132 .db 0XF5,0X0A,0XFA,0X05,0XF5,0X0A,0XFB,0X04
        FB 04
   0402 55 AA AE 51 D5 2A   133 .db 0X55,0XAA,0XAE,0X51,0XD5,0X2A,0XEA,0X15
        EA 15
   040A 55 AA AA 55 DD 22   134 .db 0X55,0XAA,0XAA,0X55,0XDD,0X22,0XBB,0X44
        BB 44
   0412 1F 00 1F 00 1D 02   135 .db 0X1F,0X00,0X1F,0X00,0X1D,0X02,0X1B,0X04
        1B 04
   041A 1D 02 1A 05 1D 02   136 .db 0X1D,0X02,0X1A,0X05,0X1D,0X02,0X1E,0X01
        1E 01
   0422 FF 00 FE 01 FF 00   137 .db 0XFF,0X00,0XFE,0X01,0XFF,0X00,0XFF,0X00
        FF 00
   042A 7F 80 FF 00 FF 00   138 .db 0X7F,0X80,0XFF,0X00,0XFF,0X00,0XFF,0X00
        FF 00
   0432 FF 00 BF 40 FF 00   139 .db 0XFF,0X00,0XBF,0X40,0XFF,0X00,0XFF,0X00
        FF 00
   043A FF 00 FF 00 FF 00   140 .db 0XFF,0X00,0XFF,0X00,0XFF,0X00,0XFF,0X00
        FF 00
   0442 FD 02 FF 00 FF 00   141 .db 0XFD,0X02,0XFF,0X00,0XFF,0X00,0XFF,0X00
        FF 00
   044A FF 00 FF 00 FF 00   142 .db 0XFF,0X00,0XFF,0X00,0XFF,0X00,0XFF,0X00
        FF 00
   0452 DD 22 FA 05 F5 0A   143 .db 0XDD,0X22,0XFA,0X05,0XF5,0X0A,0XFF,0X00
        FF 00
   045A FF 00 FE 01 FD 02   144 .db 0XFF,0X00,0XFE,0X01,0XFD,0X02,0XFF,0X00
        FF 00
   0462 DF 20 BB 44 57 A8   145 .db 0XDF,0X20,0XBB,0X44,0X57,0XA8,0XAB,0X54
        AB 54
   046A F7 08 FF 00 DF 20   146 .db 0XF7,0X08,0XFF,0X00,0XDF,0X20,0XEB,0X14
        EB 14
   0472 77 88 EF 10 77 88   147 .db 0X77,0X88,0XEF,0X10,0X77,0X88,0XEF,0X10
        EF 10
   047A D7 28 EF 10 D7 28   148 .db 0XD7,0X28,0XEF,0X10,0XD7,0X28,0XEF,0X10
        EF 10
   0482 FF 00 FF 00 FF 00   149 .db 0XFF,0X00,0XFF,0X00,0XFF,0X00,0XFF,0X00
        FF 00
   048A FF 00 FF 00 FF 00   150 .db 0XFF,0X00,0XFF,0X00,0XFF,0X00,0XFF,0X00
        FF 00
   0492 F7 08 EF 10 FF 00   151 .db 0XF7,0X08,0XEF,0X10,0XFF,0X00,0XFF,0X00
        FF 00
   049A FD 02 FF 00 FF 00   152 .db 0XFD,0X02,0XFF,0X00,0XFF,0X00,0XFF,0X00
        FF 00
   04A2 D7 28 AB 54 F7 08   153 .db 0XD7,0X28,0XAB,0X54,0XF7,0X08,0XAA,0X55
        AA 55
   04AA 7F 80 EA 15 FD 02   154 .db 0X7F,0X80,0XEA,0X15,0XFD,0X02,0XEA,0X15
        EA 15
   04B2 D5 2A AA 55 55 AA   155 .db 0XD5,0X2A,0XAA,0X55,0X55,0XAA,0XAA,0X55
        AA 55
   04BA 55 AA BA 45 FD 02   156 .db 0X55,0XAA,0XBA,0X45,0XFD,0X02,0XFA,0X05
        FA 05
   04C2 D5 2A AA 55 55 AA   157 .db 0XD5,0X2A,0XAA,0X55,0X55,0XAA,0XEB,0X14
        EB 14
   04CA 75 8A AA 55 55 AA   158 .db 0X75,0X8A,0XAA,0X55,0X55,0XAA,0XEA,0X15
        EA 15
   04D2 1F 00 1F 00 1F 00   159 .db 0X1F,0X00,0X1F,0X00,0X1F,0X00,0X1E,0X01
        1E 01
   04DA 1F 00 1F 00 1F 00   160 .db 0X1F,0X00,0X1F,0X00,0X1F,0X00,0X1F,0X00
        1F 00
   04E2 FF 00 FF 00 7F 80   161 .db 0XFF,0X00,0XFF,0X00,0X7F,0X80,0XFF,0X00
        FF 00
   04EA 7F 80 FF 00 FF 00   162 .db 0X7F,0X80,0XFF,0X00,0XFF,0X00,0XFF,0X00
        FF 00
   04F2 DF 20 FF 00 FF 00   163 .db 0XDF,0X20,0XFF,0X00,0XFF,0X00,0XFE,0X01
        FE 01
   04FA FF 00 FF 00 FF 00   164 .db 0XFF,0X00,0XFF,0X00,0XFF,0X00,0XFF,0X00
        FF 00
   0502 FF 00 FF 00 FF 00   165 .db 0XFF,0X00,0XFF,0X00,0XFF,0X00,0XFF,0X00
        FF 00
   050A 7F 80 FF 00 FD 02   166 .db 0X7F,0X80,0XFF,0X00,0XFD,0X02,0XEE,0X11
        EE 11
   0512 FF 00 FF 00 FD 02   167 .db 0XFF,0X00,0XFF,0X00,0XFD,0X02,0XFF,0X00
        FF 00
   051A FF 00 BE 41 FF 00   168 .db 0XFF,0X00,0XBE,0X41,0XFF,0X00,0XFF,0X00
        FF 00
   0522 77 88 FF 00 D7 28   169 .db 0X77,0X88,0XFF,0X00,0XD7,0X28,0XEF,0X10
        EF 10
   052A D7 28 EF 10 57 A8   170 .db 0XD7,0X28,0XEF,0X10,0X57,0XA8,0XEF,0X10
        EF 10
   0532 FF 00 FE 01 FF 00   171 .db 0XFF,0X00,0XFE,0X01,0XFF,0X00,0XFF,0X00
        FF 00
   053A FF 00 BF 40 FF 00   172 .db 0XFF,0X00,0XBF,0X40,0XFF,0X00,0XFF,0X00
        FF 00
   0542 DF 20 FF 00 FF 00   173 .db 0XDF,0X20,0XFF,0X00,0XFF,0X00,0XFB,0X04
        FB 04
   054A 77 88 FF 00 FF 00   174 .db 0X77,0X88,0XFF,0X00,0XFF,0X00,0XEE,0X11
        EE 11
   0552 55 AA FA 05 D5 2A   175 .db 0X55,0XAA,0XFA,0X05,0XD5,0X2A,0XEB,0X14
        EB 14
   055A D5 2A FF 00 F5 0A   176 .db 0XD5,0X2A,0XFF,0X00,0XF5,0X0A,0XFB,0X04
        FB 04
   0562 1F 00 1F 00 1F 00   177 .db 0X1F,0X00,0X1F,0X00,0X1F,0X00,0X1F,0X00
        1F 00
   056A 1F 00 1F 00 1F 00   178 .db 0X1F,0X00,0X1F,0X00,0X1F,0X00,0X1F,0X00
        1F 00
   0572 FF 00 FF 00 DF 20   179 .db 0XFF,0X00,0XFF,0X00,0XDF,0X20,0XFF,0X00
        FF 00
   057A 7F 80 FF 00 DF 20   180 .db 0X7F,0X80,0XFF,0X00,0XDF,0X20,0XFF,0X00
        FF 00
   0582 F5 0A FB 04 FF 00   181 .db 0XF5,0X0A,0XFB,0X04,0XFF,0X00,0XFB,0X04
        FB 04
   058A FD 02 FA 05 FD 02   182 .db 0XFD,0X02,0XFA,0X05,0XFD,0X02,0XFE,0X01
        FE 01
   0592 FF 00 FF 00 FF 00   183 .db 0XFF,0X00,0XFF,0X00,0XFF,0X00,0XFF,0X00
        FF 00
   059A FF 00 FF 00 7F 80   184 .db 0XFF,0X00,0XFF,0X00,0X7F,0X80,0XBE,0X41
        BE 41
   05A2 7F 80 BF 40 FF 00   185 .db 0X7F,0X80,0XBF,0X40,0XFF,0X00,0XFF,0X00
        FF 00
   05AA FF 00 FF 00 FF 00   186 .db 0XFF,0X00,0XFF,0X00,0XFF,0X00,0XFF,0X00
        FF 00
   05B2 D7 28 EF 10 D7 28   187 .db 0XD7,0X28,0XEF,0X10,0XD7,0X28,0XFF,0X00
        FF 00
   05BA D7 28 AF 50 D7 28   188 .db 0XD7,0X28,0XAF,0X50,0XD7,0X28,0XEF,0X10
        EF 10
   05C2 7F 80 FF 00 FF 00   189 .db 0X7F,0X80,0XFF,0X00,0XFF,0X00,0XFF,0X00
        FF 00
   05CA FF 00 FF 00 FF 00   190 .db 0XFF,0X00,0XFF,0X00,0XFF,0X00,0XFF,0X00
        FF 00
   05D2 D7 28 BF 40 DF 20   191 .db 0XD7,0X28,0XBF,0X40,0XDF,0X20,0XBF,0X40
        BF 40
   05DA 7F 80 BF 40 FF 00   192 .db 0X7F,0X80,0XBF,0X40,0XFF,0X00,0XFE,0X01
        FE 01
   05E2 D7 28 BF 40 DF 20   193 .db 0XD7,0X28,0XBF,0X40,0XDF,0X20,0XFF,0X00
        FF 00
   05EA FF 00 AE 51 D7 28   194 .db 0XFF,0X00,0XAE,0X51,0XD7,0X28,0XAE,0X51
        AE 51
   05F2 D5 2A AA 55 75 8A   195 .db 0XD5,0X2A,0XAA,0X55,0X75,0X8A,0XEA,0X15
        EA 15
   05FA 55 AA AA 55 55 AA   196 .db 0X55,0XAA,0XAA,0X55,0X55,0XAA,0XAB,0X54
        AB 54
   0602 40 A0 A0 40 60 80   197 .db 0X40,0XA0,0XA0,0X40,0X60,0X80,0XA0,0X40
        A0 40
   060A 40 A0 A0 40 40 A0   198 .db 0X40,0XA0,0XA0,0X40,0X40,0XA0,0XA0,0X40
        A0 40
   0612 17 08 1E 01 1F 00   199 .db 0X17,0X08,0X1E,0X01,0X1F,0X00,0X1B,0X04
        1B 04
   061A 1F 00 0A 15 1F 00   200 .db 0X1F,0X00,0X0A,0X15,0X1F,0X00,0X06,0X01
        06 01
   0622 DF 20 FF 00 5F A0   201 .db 0XDF,0X20,0XFF,0X00,0X5F,0XA0,0XAB,0X54
        AB 54
   062A 7D 82 AF 50 75 8A   202 .db 0X7D,0X82,0XAF,0X50,0X75,0X8A,0XAF,0X50
        AF 50
   0632 FF 00 FF 00 FF 00   203 .db 0XFF,0X00,0XFF,0X00,0XFF,0X00,0XFF,0X00
        FF 00
   063A FF 00 FF 00 5D A2   204 .db 0XFF,0X00,0XFF,0X00,0X5D,0XA2,0XEB,0X14
        EB 14
   0642 F5 0A FF 00 F5 0A   205 .db 0XF5,0X0A,0XFF,0X00,0XF5,0X0A,0XFE,0X01
        FE 01
   064A FD 02 FF 00 FF 00   206 .db 0XFD,0X02,0XFF,0X00,0XFF,0X00,0XAB,0X54
        AB 54
   0652 7F 80 FF 00 FF 00   207 .db 0X7F,0X80,0XFF,0X00,0XFF,0X00,0XBF,0X40
        BF 40
   065A FF 00 FF 00 FF 00   208 .db 0XFF,0X00,0XFF,0X00,0XFF,0X00,0XEF,0X10
        EF 10
   0662 FF 00 FF 00 7F 80   209 .db 0XFF,0X00,0XFF,0X00,0X7F,0X80,0XBF,0X40
        BF 40
   066A FF 00 FF 00 FF 00   210 .db 0XFF,0X00,0XFF,0X00,0XFF,0X00,0XFF,0X00
        FF 00
   0672 D7 28 EF 10 D7 28   211 .db 0XD7,0X28,0XEF,0X10,0XD7,0X28,0XEF,0X10
        EF 10
   067A D7 28 EE 11 F7 08   212 .db 0XD7,0X28,0XEE,0X11,0XF7,0X08,0XFF,0X00
        FF 00
   0682 FF 00 FF 00 FD 02   213 .db 0XFF,0X00,0XFF,0X00,0XFD,0X02,0XFB,0X04
        FB 04
   068A FF 00 FF 00 FF 00   214 .db 0XFF,0X00,0XFF,0X00,0XFF,0X00,0XFE,0X01
        FE 01
   0692 FF 00 BF 40 7F 80   215 .db 0XFF,0X00,0XBF,0X40,0X7F,0X80,0XFA,0X05
        FA 05
   069A F5 0A AA 55 55 AA   216 .db 0XF5,0X0A,0XAA,0X55,0X55,0XAA,0XAA,0X55
        AA 55
   06A2 DD 22 EA 15 D5 2A   217 .db 0XDD,0X22,0XEA,0X15,0XD5,0X2A,0XAA,0X55
        AA 55
   06AA D5 2A AA 55 55 AA   218 .db 0XD5,0X2A,0XAA,0X55,0X55,0XAA,0XAA,0X55
        AA 55
   06B2 40 A0 A0 40 40 A0   219 .db 0X40,0XA0,0XA0,0X40,0X40,0XA0,0XA0,0X40
        A0 40
   06BA 40 A0 A0 40 60 80   220 .db 0X40,0XA0,0XA0,0X40,0X60,0X80,0X80,0X40
        80 40
   06C2 77 88 6B 14 37 08   221 .db 0X77,0X88,0X6B,0X14,0X37,0X08,0X06,0X01
        06 01
   06CA 03 00 00 00 00 00   222 .db 0X03,0X00,0X00,0X00,0X00,0X00,0X00,0X00
        00 00
   06D2 75 8A EA 15 5D A2   223 .db 0X75,0X8A,0XEA,0X15,0X5D,0XA2,0XAA,0X55
        AA 55
   06DA D5 2A 6B 14 17 08   224 .db 0XD5,0X2A,0X6B,0X14,0X17,0X08,0X06,0X01
        06 01
   06E2 D7 28 AB 54 57 A8   225 .db 0XD7,0X28,0XAB,0X54,0X57,0XA8,0XEA,0X15
        EA 15
   06EA 57 A8 EA 15 D5 2A   226 .db 0X57,0XA8,0XEA,0X15,0XD5,0X2A,0XAA,0X55
        AA 55
   06F2 FF 00 FF 00 FF 00   227 .db 0XFF,0X00,0XFF,0X00,0XFF,0X00,0XEF,0X10
        EF 10
   06FA 5F A0 EF 10 D5 2A   228 .db 0X5F,0XA0,0XEF,0X10,0XD5,0X2A,0XAE,0X51
        AE 51
   0702 FF 00 FF 00 FF 00   229 .db 0XFF,0X00,0XFF,0X00,0XFF,0X00,0XFB,0X04
        FB 04
   070A FF 00 FF 00 FF 00   230 .db 0XFF,0X00,0XFF,0X00,0XFF,0X00,0XEF,0X10
        EF 10
   0712 F7 08 BF 40 FF 00   231 .db 0XF7,0X08,0XBF,0X40,0XFF,0X00,0XBF,0X40
        BF 40
   071A 7F 80 EF 10 DF 20   232 .db 0X7F,0X80,0XEF,0X10,0XDF,0X20,0XEE,0X11
        EE 11
   0722 FD 02 FE 01 7D 82   233 .db 0XFD,0X02,0XFE,0X01,0X7D,0X82,0XBE,0X41
        BE 41
   072A 75 8A FA 05 5D A2   234 .db 0X75,0X8A,0XFA,0X05,0X5D,0XA2,0XBB,0X44
        BB 44
   0732 55 AA BA 45 55 AA   235 .db 0X55,0XAA,0XBA,0X45,0X55,0XAA,0XAA,0X55
        AA 55
   073A 55 AA AA 55 55 AA   236 .db 0X55,0XAA,0XAA,0X55,0X55,0XAA,0XAA,0X55
        AA 55
   0742 55 AA AA 55 55 AA   237 .db 0X55,0XAA,0XAA,0X55,0X55,0XAA,0XAA,0X55
        AA 55
   074A 51 AE AA 54 58 A0   238 .db 0X51,0XAE,0XAA,0X54,0X58,0XA0,0XA0,0X40
        A0 40
   0752 55 AA A8 54 58 A0   239 .db 0X55,0XAA,0XA8,0X54,0X58,0XA0,0X80,0X40
        80 40
   075A 80 00 00 00 00 00   240 .db 0X80,0X00,0X00,0X00,0X00,0X00,0X00,0X00
        00 00
   0762 01 00 00 00 00 00   241 .db 0X01,0X00,0X00,0X00,0X00,0X00,0X00,0X00
        00 00
   076A 00 00 00 00 00 00   242 .db 0X00,0X00,0X00,0X00,0X00,0X00,0X00,0X00
        00 00
   0772 5D A2 6B 14 17 08   243 .db 0X5D,0XA2,0X6B,0X14,0X17,0X08,0X06,0X01
        06 01
   077A 01 00 00 00 00 00   244 .db 0X01,0X00,0X00,0X00,0X00,0X00,0X00,0X00
        00 00
   0782 DF 20 AA 55 57 A8   245 .db 0XDF,0X20,0XAA,0X55,0X57,0XA8,0XBA,0X45
        BA 45
   078A D7 28 6B 14 17 08   246 .db 0XD7,0X28,0X6B,0X14,0X17,0X08,0X06,0X01
        06 01
   0792 DF 20 FB 04 5F A0   247 .db 0XDF,0X20,0XFB,0X04,0X5F,0XA0,0XEB,0X14
        EB 14
   079A 5F A0 EF 10 5F A0   248 .db 0X5F,0XA0,0XEF,0X10,0X5F,0XA0,0XEB,0X14
        EB 14
   07A2 FF 00 FF 00 F7 08   249 .db 0XFF,0X00,0XFF,0X00,0XF7,0X08,0XEF,0X10
        EF 10
   07AA D7 28 AE 51 DF 20   250 .db 0XD7,0X28,0XAE,0X51,0XDF,0X20,0XFF,0X00
        FF 00
   07B2 77 88 AA 55 75 8A   251 .db 0X77,0X88,0XAA,0X55,0X75,0X8A,0XEA,0X15
        EA 15
   07BA 55 AA AA 55 55 AA   252 .db 0X55,0XAA,0XAA,0X55,0X55,0XAA,0XAA,0X55
        AA 55
   07C2 55 AA AA 55 55 AA   253 .db 0X55,0XAA,0XAA,0X55,0X55,0XAA,0XAA,0X55
        AA 55
   07CA 55 AA AB 54 40 B8   254 .db 0X55,0XAA,0XAB,0X54,0X40,0XB8,0XB0,0X40
        B0 40
   07D2 55 AA AA 54 58 A0   255 .db 0X55,0XAA,0XAA,0X54,0X58,0XA0,0XB0,0X40
        B0 40
   07DA 00 80 00 00 00 00   256 .db 0X00,0X80,0X00,0X00,0X00,0X00,0X00,0X00
        00 00
   07E2 80 00 00 00 00 00   257 .db 0X80,0X00,0X00,0X00,0X00,0X00,0X00,0X00
        00 00
   07EA 00 00 00 00 00 00   258 .db 0X00,0X00,0X00,0X00,0X00,0X00,0X00,0X00
        00 00
   07F2 55 AA 6B 14 17 08   259 .db 0X55,0XAA,0X6B,0X14,0X17,0X08,0X06,0X01
        06 01
   07FA 01 00 00 00 00 00   260 .db 0X01,0X00,0X00,0X00,0X00,0X00,0X00,0X00
        00 00
   0802 FF 00 FE 01 F7 08   261 .db 0XFF,0X00,0XFE,0X01,0XF7,0X08,0XFE,0X01
        FE 01
   080A DF 20 6F 10 0C 00   262 .db 0XDF,0X20,0X6F,0X10,0X0C,0X00,0X00,0X00
        00 00
   0812 D5 2A AB 54 54 A8   263 .db 0XD5,0X2A,0XAB,0X54,0X54,0XA8,0XB0,0X40
        B0 40
   081A 40 80 00 00 00 00   264 .db 0X40,0X80,0X00,0X00,0X00,0X00,0X00,0X00
        00 00
   0822 00 80 00 00 00 00   265 .db 0X00,0X80,0X00,0X00,0X00,0X00,0X00,0X00
        00 00
   082A 00 00 00 00 00 00   266 .db 0X00,0X00,0X00,0X00,0X00,0X00,0X00,0X00
        00 00
   0832 00 00 00 00 00 00   267 .db 0X00,0X00,0X00,0X00,0X00,0X00,0X00,0X00
        00 00
   083A 10 10 28 28 17 17   268 .db 0X10,0X10,0X28,0X28,0X17,0X17,0X08,0X08
        08 08
   0842 00 00 00 00 00 00   269 .db 0X00,0X00,0X00,0X00,0X00,0X00,0X00,0X00
        00 00
   084A 00 00 00 00 FF FF   270 .db 0X00,0X00,0X00,0X00,0XFF,0XFF,0X00,0X00
        00 00
   0852 00 00 00 00 00 00   271 .db 0X00,0X00,0X00,0X00,0X00,0X00,0X00,0X00
        00 00
   085A 08 08 14 14 F8 F8   272 .db 0X08,0X08,0X14,0X14,0XF8,0XF8,0X10,0X10
        10 10
   0862 08 08 08 08 08 08   273 .db 0X08,0X08,0X08,0X08,0X08,0X08,0X08,0X08
        08 08
   086A 08 08 08 08 08 08   274 .db 0X08,0X08,0X08,0X08,0X08,0X08,0X08,0X08
        08 08
   0872 10 10 10 10 10 10   275 .db 0X10,0X10,0X10,0X10,0X10,0X10,0X10,0X10
        10 10
   087A 10 10 10 10 10 10   276 .db 0X10,0X10,0X10,0X10,0X10,0X10,0X10,0X10
        10 10
   0882 08 08 08 08 08 08   277 .db 0X08,0X08,0X08,0X08,0X08,0X08,0X17,0X17
        17 17
   088A 28 28 10 10 00 00   278 .db 0X28,0X28,0X10,0X10,0X00,0X00,0X00,0X00
        00 00
   0892 00 00 00 00 00 00   279 .db 0X00,0X00,0X00,0X00,0X00,0X00,0XFF,0XFF
        FF FF
   089A 00 00 00 00 00 00   280 .db 0X00,0X00,0X00,0X00,0X00,0X00,0X00,0X00
        00 00
   08A2 10 10 10 10 10 10   281 .db 0X10,0X10,0X10,0X10,0X10,0X10,0XE8,0XE8
        E8 E8
   08AA 14 14 08 08 00 00   282 .db 0X14,0X14,0X08,0X08,0X00,0X00,0X00,0X00
        00 00
                            283 .globl _box_close_gb_wbox_tilemap
   08B2 B4 08               284 .dw _box_close_gb_wbox_tilemap
   08B4                     285 _box_close_gb_wbox_tilemap:
   08B4 00 00 00 00 00 00   286 .db 0X00,0X00,0X00,0X00,0X00,0X00,0X00,0X01
        00 01
   08BC 02 03 04 05 06 07   287 .db 0X02,0X03,0X04,0X05,0X06,0X07,0X00,0X00
        00 00
   08C4 00 00 00 00 00 00   288 .db 0X00,0X00,0X00,0X00,0X00,0X00,0X00,0X00
        00 00
   08CC 08 09 0A 0B 0C 0D   289 .db 0X08,0X09,0X0A,0X0B,0X0C,0X0D,0X0E,0X0F
        0E 0F
   08D4 10 10 11 12 13 00   290 .db 0X10,0X10,0X11,0X12,0X13,0X00,0X00,0X00
        00 00
   08DC 00 00 00 00 14 15   291 .db 0X00,0X00,0X00,0X00,0X14,0X15,0X16,0X17
        16 17
   08E4 18 19 1A 1B 1C 1D   292 .db 0X18,0X19,0X1A,0X1B,0X1C,0X1D,0X1E,0X15
        1E 15
   08EC 1F 00 00 00 00 00   293 .db 0X1F,0X00,0X00,0X00,0X00,0X00,0X00,0X00
        00 00
   08F4 20 21 22 23 24 25   294 .db 0X20,0X21,0X22,0X23,0X24,0X25,0X26,0X27
        26 27
   08FC 28 29 15 15 2A 00   295 .db 0X28,0X29,0X15,0X15,0X2A,0X00,0X00,0X00
        00 00
   0904 00 00 00 00 2B 2C   296 .db 0X00,0X00,0X00,0X00,0X2B,0X2C,0X2D,0X2E
        2D 2E
   090C 2F 30 31 32 33 34   297 .db 0X2F,0X30,0X31,0X32,0X33,0X34,0X15,0X35
        15 35
   0914 2A 00 00 00 00 00   298 .db 0X2A,0X00,0X00,0X00,0X00,0X00,0X00,0X00
        00 00
   091C 36 37 38 39 3A 3B   299 .db 0X36,0X37,0X38,0X39,0X3A,0X3B,0X3C,0X3D
        3C 3D
   0924 3E 3F 40 15 2A 00   300 .db 0X3E,0X3F,0X40,0X15,0X2A,0X00,0X00,0X00
        00 00
   092C 00 00 00 00 41 42   301 .db 0X00,0X00,0X00,0X00,0X41,0X42,0X43,0X44
        43 44
   0934 45 46 47 48 49 4A   302 .db 0X45,0X46,0X47,0X48,0X49,0X4A,0X4B,0X4C
        4B 4C
   093C 2A 00 00 00 00 00   303 .db 0X2A,0X00,0X00,0X00,0X00,0X00,0X00,0X00
        00 00
   0944 4D 4E 4F 50 51 48   304 .db 0X4D,0X4E,0X4F,0X50,0X51,0X48,0X52,0X53
        52 53
   094C 48 54 55 15 2A 00   305 .db 0X48,0X54,0X55,0X15,0X2A,0X00,0X00,0X00
        00 00
   0954 00 00 00 00 56 57   306 .db 0X00,0X00,0X00,0X00,0X56,0X57,0X48,0X58
        48 58
   095C 59 5A 5B 5C 5D 5E   307 .db 0X59,0X5A,0X5B,0X5C,0X5D,0X5E,0X5F,0X15
        5F 15
   0964 60 00 00 00 00 00   308 .db 0X60,0X00,0X00,0X00,0X00,0X00,0X00,0X00
        00 00
   096C 61 62 63 64 65 66   309 .db 0X61,0X62,0X63,0X64,0X65,0X66,0X67,0X68
        67 68
   0974 69 6A 15 15 6B 00   310 .db 0X69,0X6A,0X15,0X15,0X6B,0X00,0X00,0X00
        00 00
   097C 00 00 00 00 00 6C   311 .db 0X00,0X00,0X00,0X00,0X00,0X6C,0X6D,0X6E
        6D 6E
   0984 6F 70 71 72 73 15   312 .db 0X6F,0X70,0X71,0X72,0X73,0X15,0X74,0X75
        74 75
   098C 00 00 00 00 00 00   313 .db 0X00,0X00,0X00,0X00,0X00,0X00,0X00,0X00
        00 00
   0994 00 00 76 77 78 79   314 .db 0X00,0X00,0X76,0X77,0X78,0X79,0X7A,0X7B
        7A 7B
   099C 7C 7D 7E 00 00 00   315 .db 0X7C,0X7D,0X7E,0X00,0X00,0X00,0X00,0X00
        00 00
   09A4 00 00 00 00 00 00   316 .db 0X00,0X00,0X00,0X00,0X00,0X00,0X00,0X00
        00 00
   09AC 00 7F 80 81 82 00   317 .db 0X00,0X7F,0X80,0X81,0X82,0X00,0X00,0X00
        00 00
   09B4 00 00 00 00 83 84   318 .db 0X00,0X00,0X00,0X00,0X83,0X84,0X84,0X84
        84 84
   09BC 84 84 84 84 84 84   319 .db 0X84,0X84,0X84,0X84,0X84,0X84,0X84,0X84
        84 84
   09C4 84 84 84 84 84 84   320 .db 0X84,0X84,0X84,0X84,0X84,0X84,0X84,0X85
        84 85
   09CC 86 00 00 00 00 00   321 .db 0X86,0X00,0X00,0X00,0X00,0X00,0X00,0X00
        00 00
   09D4 00 00 00 00 00 00   322 .db 0X00,0X00,0X00,0X00,0X00,0X00,0X00,0X00
        00 00
   09DC 00 00 00 87 86 00   323 .db 0X00,0X00,0X00,0X87,0X86,0X00,0X00,0X00
        00 00
   09E4 00 00 00 00 00 00   324 .db 0X00,0X00,0X00,0X00,0X00,0X00,0X00,0X00
        00 00
   09EC 00 00 00 00 00 00   325 .db 0X00,0X00,0X00,0X00,0X00,0X00,0X00,0X87
        00 87
   09F4 86 00 00 00 00 00   326 .db 0X86,0X00,0X00,0X00,0X00,0X00,0X00,0X00
        00 00
   09FC 00 00 00 00 00 00   327 .db 0X00,0X00,0X00,0X00,0X00,0X00,0X00,0X00
        00 00
   0A04 00 00 00 87 88 89   328 .db 0X00,0X00,0X00,0X87,0X88,0X89,0X89,0X89
        89 89
   0A0C 89 89 89 89 89 89   329 .db 0X89,0X89,0X89,0X89,0X89,0X89,0X89,0X89
        89 89
   0A14 89 89 89 89 89 89   330 .db 0X89,0X89,0X89,0X89,0X89,0X89,0X89,0X8A
        89 8A
ASxxxx Assembler V01.75  (GameBoy Z80-like CPU), page 1.

Symbol Table

  1 _box_close_gb_wbox_tiledata        0002 GR
  1 _box_close_gb_wbox_tilemap         08B4 GR

ASxxxx Assembler V01.75  (GameBoy Z80-like CPU), page 2.

Area Table

   0 _CODE                              size    0   flags 0
   1 _CODE_1                            size  A1C   flags 0
