                              1 .area _CODE_2
                              2 .globl _box_open_tiledata
   0000 02 00                 3 .dw _box_open_tiledata
   0002                       4 _box_open_tiledata:
   0002 00 00 00 00 00 00     5 .db 0X00,0X00,0X00,0X00,0X00,0X00,0X00,0X00
        00 00
   000A 00 00 00 00 00 00     6 .db 0X00,0X00,0X00,0X00,0X00,0X00,0X00,0X00
        00 00
   0012 3F 00 7F 00 3F 00     7 .db 0X3F,0X00,0X7F,0X00,0X3F,0X00,0X1F,0X00
        1F 00
   001A 3F 00 1F 00 3F 00     8 .db 0X3F,0X00,0X1F,0X00,0X3F,0X00,0X1F,0X00
        1F 00
   0022 FF 00 FF 00 FF 00     9 .db 0XFF,0X00,0XFF,0X00,0XFF,0X00,0XFF,0X00
        FF 00
   002A FF 00 FF 00 FF 00    10 .db 0XFF,0X00,0XFF,0X00,0XFF,0X00,0XFF,0X00
        FF 00
   0032 F8 00 FC 00 F8 00    11 .db 0XF8,0X00,0XFC,0X00,0XF8,0X00,0XFC,0X00
        FC 00
   003A F8 00 FC 00 F8 00    12 .db 0XF8,0X00,0XFC,0X00,0XF8,0X00,0XFC,0X00
        FC 00
   0042 00 00 00 00 00 00    13 .db 0X00,0X00,0X00,0X00,0X00,0X00,0X00,0X00
        00 00
   004A 2A 00 5F 00 FF 00    14 .db 0X2A,0X00,0X5F,0X00,0XFF,0X00,0XFF,0X00
        FF 00
   0052 00 00 00 00 00 00    15 .db 0X00,0X00,0X00,0X00,0X00,0X00,0X55,0X00
        55 00
   005A FF 00 FF 00 FF 00    16 .db 0XFF,0X00,0XFF,0X00,0XFF,0X00,0XFF,0X00
        FF 00
   0062 3F 00 1F 00 3F 00    17 .db 0X3F,0X00,0X1F,0X00,0X3F,0X00,0X7A,0X05
        7A 05
   006A FD 02 FE 01 FF 00    18 .db 0XFD,0X02,0XFE,0X01,0XFF,0X00,0XFF,0X00
        FF 00
   0072 FF 00 FF 00 FF 00    19 .db 0XFF,0X00,0XFF,0X00,0XFF,0X00,0XAF,0X50
        AF 50
   007A 55 AA AA 55 55 AA    20 .db 0X55,0XAA,0XAA,0X55,0X55,0XAA,0XAA,0X55
        AA 55
   0082 FF 00 FF 00 FF 00    21 .db 0XFF,0X00,0XFF,0X00,0XFF,0X00,0XFF,0X00
        FF 00
   008A 55 AA AA 55 55 AA    22 .db 0X55,0XAA,0XAA,0X55,0X55,0XAA,0XAA,0X55
        AA 55
   0092 FF 00 FF 00 FF 00    23 .db 0XFF,0X00,0XFF,0X00,0XFF,0X00,0XFF,0X00
        FF 00
   009A 55 AA AA 55 5F A0    24 .db 0X55,0XAA,0XAA,0X55,0X5F,0XA0,0XAB,0X54
        AB 54
   00A2 FF 00 FF 00 FF 00    25 .db 0XFF,0X00,0XFF,0X00,0XFF,0X00,0XFF,0X00
        FF 00
   00AA 77 88 BF 40 7F 80    26 .db 0X77,0X88,0XBF,0X40,0X7F,0X80,0XFF,0X00
        FF 00
   00B2 F8 00 FC 00 FA 00    27 .db 0XF8,0X00,0XFC,0X00,0XFA,0X00,0XFF,0X00
        FF 00
   00BA FF 00 FF 00 FF 00    28 .db 0XFF,0X00,0XFF,0X00,0XFF,0X00,0XFF,0X00
        FF 00
   00C2 00 00 00 00 00 00    29 .db 0X00,0X00,0X00,0X00,0X00,0X00,0X40,0X00
        40 00
   00CA E8 00 FD 00 FF 00    30 .db 0XE8,0X00,0XFD,0X00,0XFF,0X00,0XFF,0X00
        FF 00
   00D2 00 00 00 00 00 00    31 .db 0X00,0X00,0X00,0X00,0X00,0X00,0X00,0X00
        00 00
   00DA 00 00 00 00 A0 00    32 .db 0X00,0X00,0X00,0X00,0XA0,0X00,0XF4,0X00
        F4 00
   00E2 D5 2A EA 15 F5 0A    33 .db 0XD5,0X2A,0XEA,0X15,0XF5,0X0A,0XFA,0X05
        FA 05
   00EA FD 02 FE 01 FD 02    34 .db 0XFD,0X02,0XFE,0X01,0XFD,0X02,0XFE,0X01
        FE 01
   00F2 55 AA AA 55 55 AA    35 .db 0X55,0XAA,0XAA,0X55,0X55,0XAA,0XAA,0X55
        AA 55
   00FA 55 AA AA 55 55 AA    36 .db 0X55,0XAA,0XAA,0X55,0X55,0XAA,0XAA,0X55
        AA 55
   0102 57 A8 AB 54 55 AA    37 .db 0X57,0XA8,0XAB,0X54,0X55,0XAA,0XAA,0X55
        AA 55
   010A 55 AA AA 55 55 AA    38 .db 0X55,0XAA,0XAA,0X55,0X55,0XAA,0XAB,0X54
        AB 54
   0112 FF 00 FF 00 5F A0    39 .db 0XFF,0X00,0XFF,0X00,0X5F,0XA0,0XFF,0X00
        FF 00
   011A FF 00 AA 55 55 AA    40 .db 0XFF,0X00,0XAA,0X55,0X55,0XAA,0XAF,0X50
        AF 50
   0122 FF 00 FF 00 FF 00    41 .db 0XFF,0X00,0XFF,0X00,0XFF,0X00,0XFF,0X00
        FF 00
   012A FF 00 BF 40 5F A0    42 .db 0XFF,0X00,0XBF,0X40,0X5F,0XA0,0XFF,0X00
        FF 00
   0132 FD 02 FE 01 FD 02    43 .db 0XFD,0X02,0XFE,0X01,0XFD,0X02,0XFE,0X01
        FE 01
   013A FD 02 FE 01 FD 02    44 .db 0XFD,0X02,0XFE,0X01,0XFD,0X02,0XFE,0X01
        FE 01
   0142 55 AA AA 55 57 A8    45 .db 0X55,0XAA,0XAA,0X55,0X57,0XA8,0XBF,0X40
        BF 40
   014A 57 A8 AF 50 57 A8    46 .db 0X57,0XA8,0XAF,0X50,0X57,0XA8,0XAF,0X50
        AF 50
   0152 55 AA AB 54 FF 00    47 .db 0X55,0XAA,0XAB,0X54,0XFF,0X00,0XFF,0X00
        FF 00
   015A FF 00 FF 00 FF 00    48 .db 0XFF,0X00,0XFF,0X00,0XFF,0X00,0XFF,0X00
        FF 00
   0162 57 A8 FF 00 FF 00    49 .db 0X57,0XA8,0XFF,0X00,0XFF,0X00,0XFF,0X00
        FF 00
   016A FF 00 FF 00 FF 00    50 .db 0XFF,0X00,0XFF,0X00,0XFF,0X00,0XFF,0X00
        FF 00
   0172 FF 00 FF 00 FF 00    51 .db 0XFF,0X00,0XFF,0X00,0XFF,0X00,0XFF,0X00
        FF 00
   017A FF 00 FF 00 FF 00    52 .db 0XFF,0X00,0XFF,0X00,0XFF,0X00,0XFA,0X05
        FA 05
   0182 FD 02 FE 01 FD 02    53 .db 0XFD,0X02,0XFE,0X01,0XFD,0X02,0XFE,0X01
        FE 01
   018A FD 02 FE 01 FD 02    54 .db 0XFD,0X02,0XFE,0X01,0XFD,0X02,0XBE,0X41
        BE 41
   0192 5F A0 AF 50 5F A0    55 .db 0X5F,0XA0,0XAF,0X50,0X5F,0XA0,0XAF,0X50
        AF 50
   019A 57 A8 AF 50 5F A0    56 .db 0X57,0XA8,0XAF,0X50,0X5F,0XA0,0XAF,0X50
        AF 50
   01A2 FF 00 FF 00 FF 00    57 .db 0XFF,0X00,0XFF,0X00,0XFF,0X00,0XFF,0X00
        FF 00
   01AA FF 00 FF 00 FF 00    58 .db 0XFF,0X00,0XFF,0X00,0XFF,0X00,0XF7,0X18
        F7 18
   01B2 FF 00 FF 00 FF 00    59 .db 0XFF,0X00,0XFF,0X00,0XFF,0X00,0XFF,0X00
        FF 00
   01BA FF 00 FF 00 FF 00    60 .db 0XFF,0X00,0XFF,0X00,0XFF,0X00,0XDF,0X60
        DF 60
   01C2 FF 00 FA 05 FD 02    61 .db 0XFF,0X00,0XFA,0X05,0XFD,0X02,0XFA,0X05
        FA 05
   01CA FD 02 FA 05 FD 02    62 .db 0XFD,0X02,0XFA,0X05,0XFD,0X02,0XFA,0X05
        FA 05
   01D2 7D 82 BE 41 75 8A    63 .db 0X7D,0X82,0XBE,0X41,0X75,0X8A,0XAA,0X55
        AA 55
   01DA 55 AA AA 55 75 8A    64 .db 0X55,0XAA,0XAA,0X55,0X75,0X8A,0XAA,0X55
        AA 55
   01E2 57 A8 AF 50 57 A8    65 .db 0X57,0XA8,0XAF,0X50,0X57,0XA8,0XAF,0X50
        AF 50
   01EA 57 A8 AE 51 57 A8    66 .db 0X57,0XA8,0XAE,0X51,0X57,0XA8,0XAE,0X51
        AE 51
   01F2 7D 82 E4 1F 77 A8    67 .db 0X7D,0X82,0XE4,0X1F,0X77,0XA8,0X9F,0X70
        9F 70
   01FA F7 08 FB 04 7F 80    68 .db 0XF7,0X08,0XFB,0X04,0X7F,0X80,0XFA,0X05
        FA 05
   0202 EF F0 FF 20 FF 20    69 .db 0XEF,0XF0,0XFF,0X20,0XFF,0X20,0XFF,0X41
        FF 41
   020A FF 41 FE 43 FB 86    70 .db 0XFF,0X41,0XFE,0X43,0XFB,0X86,0X77,0X8F
        77 8F
   0212 7F A0 BF C0 3F C0    71 .db 0X7F,0XA0,0XBF,0XC0,0X3F,0XC0,0XFF,0X80
        FF 80
   021A 7F 80 EF 71 DF A2    72 .db 0X7F,0X80,0XEF,0X71,0XDF,0XA2,0XEE,0X35
        EE 35
   0222 FF 00 FF 00 FF 00    73 .db 0XFF,0X00,0XFF,0X00,0XFF,0X00,0XFF,0X00
        FF 00
   022A FF 00 7F 80 FF 80    74 .db 0XFF,0X00,0X7F,0X80,0XFF,0X80,0X7F,0X80
        7F 80
   0232 FF 00 FF 00 FF 00    75 .db 0XFF,0X00,0XFF,0X00,0XFF,0X00,0XFF,0X00
        FF 00
   023A FF 00 FF 07 C7 38    76 .db 0XFF,0X00,0XFF,0X07,0XC7,0X38,0X9D,0X62
        9D 62
   0242 FF 00 FF 00 FF 00    77 .db 0XFF,0X00,0XFF,0X00,0XFF,0X00,0XFF,0X00
        FF 00
   024A FF 00 FF 00 FE 01    78 .db 0XFF,0X00,0XFF,0X00,0XFE,0X01,0XF8,0X17
        F8 17
   0252 FF 00 FF 00 FF 00    79 .db 0XFF,0X00,0XFF,0X00,0XFF,0X00,0XFF,0X00
        FF 00
   025A FF 00 F3 0C 7F 88    80 .db 0XFF,0X00,0XF3,0X0C,0X7F,0X88,0XE7,0X1C
        E7 1C
   0262 FF 00 FF 00 FF 00    81 .db 0XFF,0X00,0XFF,0X00,0XFF,0X00,0XFF,0X00
        FF 00
   026A FF 00 FF 00 DD 22    82 .db 0XFF,0X00,0XFF,0X00,0XDD,0X22,0X9B,0X64
        9B 64
   0272 FF 00 FF 00 FF 00    83 .db 0XFF,0X00,0XFF,0X00,0XFF,0X00,0XFF,0X00
        FF 00
   027A FF 00 FE 01 DF 22    84 .db 0XFF,0X00,0XFE,0X01,0XDF,0X22,0XFF,0X24
        FF 24
   0282 FF 00 FF 00 FF 00    85 .db 0XFF,0X00,0XFF,0X00,0XFF,0X00,0XFF,0X00
        FF 00
   028A FF 00 7B 84 7A 87    86 .db 0XFF,0X00,0X7B,0X84,0X7A,0X87,0X7E,0X85
        7E 85
   0292 FD 02 FA 05 FD 02    87 .db 0XFD,0X02,0XFA,0X05,0XFD,0X02,0XFA,0X05
        FA 05
   029A FD 02 FA 05 F5 0A    88 .db 0XFD,0X02,0XFA,0X05,0XF5,0X0A,0XFA,0X05
        FA 05
   02A2 5D A2 AF 50 5D A2    89 .db 0X5D,0XA2,0XAF,0X50,0X5D,0XA2,0XAF,0X50
        AF 50
   02AA 55 AA AB 54 55 AA    90 .db 0X55,0XAA,0XAB,0X54,0X55,0XAA,0XAA,0X55
        AA 55
   02B2 7E 81 EB 15 77 8A    91 .db 0X7E,0X81,0XEB,0X15,0X77,0X8A,0XE9,0X16
        E9 16
   02BA 75 8E BB 44 7D 82    92 .db 0X75,0X8E,0XBB,0X44,0X7D,0X82,0XFF,0X00
        FF 00
   02C2 63 9E FF 14 FF 08    93 .db 0X63,0X9E,0XFF,0X14,0XFF,0X08,0XFB,0X0C
        FB 0C
   02CA FF 00 FF 00 FF 00    94 .db 0XFF,0X00,0XFF,0X00,0XFF,0X00,0XFF,0X00
        FF 00
   02D2 DE 27 FF 4C 6F 98    95 .db 0XDE,0X27,0XFF,0X4C,0X6F,0X98,0XCE,0X75
        CE 75
   02DA FD 02 FF 00 FF 00    96 .db 0XFD,0X02,0XFF,0X00,0XFF,0X00,0XFF,0X00
        FF 00
   02E2 FF 00 EF 10 FF 20    97 .db 0XFF,0X00,0XEF,0X10,0XFF,0X20,0X7F,0XC0
        7F C0
   02EA FF 00 FF 00 FF 00    98 .db 0XFF,0X00,0XFF,0X00,0XFF,0X00,0XFF,0X00
        FF 00
   02F2 FF 42 FF 44 7B 8C    99 .db 0XFF,0X42,0XFF,0X44,0X7B,0X8C,0XF5,0X5F
        F5 5F
   02FA DF 20 FF 00 FF 00   100 .db 0XDF,0X20,0XFF,0X00,0XFF,0X00,0XFF,0X00
        FF 00
   0302 FF 38 DF 71 FF A0   101 .db 0XFF,0X38,0XDF,0X71,0XFF,0XA0,0XFD,0X22
        FD 22
   030A FE 03 FF 00 FF 00   102 .db 0XFE,0X03,0XFF,0X00,0XFF,0X00,0XFF,0X00
        FF 00
   0312 CB 34 FE 25 99 67   103 .db 0XCB,0X34,0XFE,0X25,0X99,0X67,0X2D,0XD6
        2D D6
   031A D7 28 FF 00 FF 00   104 .db 0XD7,0X28,0XFF,0X00,0XFF,0X00,0XFF,0X00
        FF 00
   0322 7B C4 B7 C8 EE 99   105 .db 0X7B,0XC4,0XB7,0XC8,0XEE,0X99,0XDF,0X64
        DF 64
   032A FF 00 FF 00 FF 00   106 .db 0XFF,0X00,0XFF,0X00,0XFF,0X00,0XFF,0X00
        FF 00
   0332 9F 66 1F EC F7 08   107 .db 0X9F,0X66,0X1F,0XEC,0XF7,0X08,0XFF,0X04
        FF 04
   033A FD 02 FF 00 FF 00   108 .db 0XFD,0X02,0XFF,0X00,0XFF,0X00,0XFF,0X00
        FF 00
   0342 FE 09 FF 10 FF 22   109 .db 0XFE,0X09,0XFF,0X10,0XFF,0X22,0X3B,0XC4
        3B C4
   034A FF 02 FF 00 FF 00   110 .db 0XFF,0X02,0XFF,0X00,0XFF,0X00,0XFF,0X00
        FF 00
   0352 FF 00 FF 00 FF 40   111 .db 0XFF,0X00,0XFF,0X00,0XFF,0X40,0X7F,0X80
        7F 80
   035A FF 00 FF 00 FF 00   112 .db 0XFF,0X00,0XFF,0X00,0XFF,0X00,0XFF,0X00
        FF 00
   0362 F5 0A FA 05 F5 0A   113 .db 0XF5,0X0A,0XFA,0X05,0XF5,0X0A,0XFA,0X05
        FA 05
   036A F5 0A FA 05 F5 0A   114 .db 0XF5,0X0A,0XFA,0X05,0XF5,0X0A,0XFA,0X05
        FA 05
   0372 55 AA AB 54 57 A8   115 .db 0X55,0XAA,0XAB,0X54,0X57,0XA8,0XAB,0X54
        AB 54
   037A 57 A8 AB 54 57 A8   116 .db 0X57,0XA8,0XAB,0X54,0X57,0XA8,0XAF,0X50
        AF 50
   0382 57 A8 AB 54 57 A8   117 .db 0X57,0XA8,0XAB,0X54,0X57,0XA8,0XAB,0X54
        AB 54
   038A 57 A8 AB 54 57 A8   118 .db 0X57,0XA8,0XAB,0X54,0X57,0XA8,0XAB,0X54
        AB 54
   0392 FF 00 FF 00 DE 21   119 .db 0XFF,0X00,0XFF,0X00,0XDE,0X21,0XBF,0X61
        BF 61
   039A 7F E2 FF C6 FD 4E   120 .db 0X7F,0XE2,0XFF,0XC6,0XFD,0X4E,0XDF,0X75
        DF 75
   03A2 FF 00 FB 04 C9 3E   121 .db 0XFF,0X00,0XFB,0X04,0XC9,0X3E,0X9A,0X65
        9A 65
   03AA F5 4A FF 47 FB C7   122 .db 0XF5,0X4A,0XFF,0X47,0XFB,0XC7,0XFF,0X44
        FF 44
   03B2 FF 00 FF 00 DF 20   123 .db 0XFF,0X00,0XFF,0X00,0XDF,0X20,0X9E,0X61
        9E 61
   03BA 7F C2 FF C4 F3 8C   124 .db 0X7F,0XC2,0XFF,0XC4,0XF3,0X8C,0XF8,0X47
        F8 47
   03C2 FF 00 FF 00 FF 00   125 .db 0XFF,0X00,0XFF,0X00,0XFF,0X00,0XFF,0X00
        FF 00
   03CA FF 00 BF 40 FF 80   126 .db 0XFF,0X00,0XBF,0X40,0XFF,0X80,0XFF,0X00
        FF 00
   03D2 FF 00 ED 1E FF 20   127 .db 0XFF,0X00,0XED,0X1E,0XFF,0X20,0XFF,0X44
        FF 44
   03DA F3 8C FA 0D 6D 9B   128 .db 0XF3,0X8C,0XFA,0X0D,0X6D,0X9B,0X55,0XBE
        55 BE
   03E2 FF 00 FF 00 F7 38   129 .db 0XFF,0X00,0XFF,0X00,0XF7,0X38,0XDF,0X21
        DF 21
   03EA BF 49 EF 91 6E 93   130 .db 0XBF,0X49,0XEF,0X91,0X6E,0X93,0XEF,0X15
        EF 15
   03F2 FF 00 DF 60 DF A0   131 .db 0XFF,0X00,0XDF,0X60,0XDF,0XA0,0XDF,0X20
        DF 20
   03FA FF 80 FF 00 FF 08   132 .db 0XFF,0X80,0XFF,0X00,0XFF,0X08,0XCF,0X30
        CF 30
   0402 57 A8 AF 50 57 A8   133 .db 0X57,0XA8,0XAF,0X50,0X57,0XA8,0XAB,0X54
        AB 54
   040A 57 A8 AB 54 57 A8   134 .db 0X57,0XA8,0XAB,0X54,0X57,0XA8,0XAB,0X54
        AB 54
   0412 D7 2E FB 1C F7 38   135 .db 0XD7,0X2E,0XFB,0X1C,0XF7,0X38,0XFF,0X50
        FF 50
   041A 5F A0 FF 60 5F E0   136 .db 0X5F,0XA0,0XFF,0X60,0X5F,0XE0,0XFF,0X00
        FF 00
   0422 F7 38 FF 00 FF 00   137 .db 0XF7,0X38,0XFF,0X00,0XFF,0X00,0XFF,0X00
        FF 00
   042A FF 00 FF 00 FF 00   138 .db 0XFF,0X00,0XFF,0X00,0XFF,0X00,0XFF,0X00
        FF 00
   0432 77 88 FF 00 FF 00   139 .db 0X77,0X88,0XFF,0X00,0XFF,0X00,0XFF,0X00
        FF 00
   043A FF 00 FF 00 FF 00   140 .db 0XFF,0X00,0XFF,0X00,0XFF,0X00,0XFF,0X00
        FF 00
   0442 D7 38 FF 00 FF 00   141 .db 0XD7,0X38,0XFF,0X00,0XFF,0X00,0XFF,0X00
        FF 00
   044A FF 00 FF 00 FF 00   142 .db 0XFF,0X00,0XFF,0X00,0XFF,0X00,0XFF,0X00
        FF 00
   0452 7F 80 FF 00 FF 00   143 .db 0X7F,0X80,0XFF,0X00,0XFF,0X00,0XFF,0X00
        FF 00
   045A FF 00 FF 00 FF 00   144 .db 0XFF,0X00,0XFF,0X00,0XFF,0X00,0XEF,0X10
        EF 10
   0462 57 A8 AF 50 5F A0   145 .db 0X57,0XA8,0XAF,0X50,0X5F,0XA0,0XBF,0X40
        BF 40
   046A 5F A0 BF 40 5F A0   146 .db 0X5F,0XA0,0XBF,0X40,0X5F,0XA0,0XBE,0X41
        BE 41
   0472 FF 00 FF 00 FF 00   147 .db 0XFF,0X00,0XFF,0X00,0XFF,0X00,0XFF,0X00
        FF 00
   047A 7F 80 FF 00 DF 20   148 .db 0X7F,0X80,0XFF,0X00,0XDF,0X20,0XFF,0X01
        FF 01
   0482 EF 38 8F 70 97 78   149 .db 0XEF,0X38,0X8F,0X70,0X97,0X78,0XFF,0X50
        FF 50
   048A FF A0 FE C1 BF CF   150 .db 0XFF,0XA0,0XFE,0XC1,0XBF,0XCF,0X67,0X99
        67 99
   0492 FF 00 FF 00 FF 00   151 .db 0XFF,0X00,0XFF,0X00,0XFF,0X00,0XFF,0X00
        FF 00
   049A FF 00 FB 04 7B 8E   152 .db 0XFF,0X00,0XFB,0X04,0X7B,0X8E,0XB8,0X57
        B8 57
   04A2 FD 02 FD 03 FE 03   153 .db 0XFD,0X02,0XFD,0X03,0XFE,0X03,0XFF,0X06
        FF 06
   04AA FD 06 F5 0F FF 0C   154 .db 0XFD,0X06,0XF5,0X0F,0XFF,0X0C,0XF6,0X19
        F6 19
   04B2 7F 80 FF 00 FD 06   155 .db 0X7F,0X80,0XFF,0X00,0XFD,0X06,0XFB,0X04
        FB 04
   04BA FF 00 7F 80 FF 88   156 .db 0XFF,0X00,0X7F,0X80,0XFF,0X88,0X7F,0X90
        7F 90
   04C2 FF 00 FF 00 FF 00   157 .db 0XFF,0X00,0XFF,0X00,0XFF,0X00,0XFF,0X00
        FF 00
   04CA FF 00 FF 00 7F 88   158 .db 0XFF,0X00,0XFF,0X00,0X7F,0X88,0XFA,0X95
        FA 95
   04D2 FF 00 FF 00 FF 00   159 .db 0XFF,0X00,0XFF,0X00,0XFF,0X00,0XFF,0X00
        FF 00
   04DA FF 00 EF 10 57 E8   160 .db 0XFF,0X00,0XEF,0X10,0X57,0XE8,0X77,0X88
        77 88
   04E2 FF 00 FF 00 FF 00   161 .db 0XFF,0X00,0XFF,0X00,0XFF,0X00,0XFF,0X00
        FF 00
   04EA FF 00 FE 01 FF 01   162 .db 0XFF,0X00,0XFE,0X01,0XFF,0X01,0XFC,0X03
        FC 03
   04F2 CF 30 EF 50 7F A0   163 .db 0XCF,0X30,0XEF,0X50,0X7F,0XA0,0X3F,0XC0
        3F C0
   04FA BF C0 FF 80 D3 3C   164 .db 0XBF,0XC0,0XFF,0X80,0XD3,0X3C,0X9A,0X65
        9A 65
   0502 FF 00 FF 00 FF 00   165 .db 0XFF,0X00,0XFF,0X00,0XFF,0X00,0XFF,0X00
        FF 00
   050A FF 00 FF 00 EF 38   166 .db 0XFF,0X00,0XFF,0X00,0XEF,0X38,0XDF,0X20
        DF 20
   0512 57 A8 AA 55 57 A8   167 .db 0X57,0XA8,0XAA,0X55,0X57,0XA8,0XAA,0X55
        AA 55
   051A 57 A8 AF 50 57 A8   168 .db 0X57,0XA8,0XAF,0X50,0X57,0XA8,0XAB,0X54
        AB 54
   0522 FD 03 BB 47 DF 22   169 .db 0XFD,0X03,0XBB,0X47,0XDF,0X22,0XFC,0X03
        FC 03
   052A 75 8B AF 50 7F 80   170 .db 0X75,0X8B,0XAF,0X50,0X7F,0X80,0XFF,0X00
        FF 00
   0532 FD 12 EF 11 F6 29   171 .db 0XFD,0X12,0XEF,0X11,0XF6,0X29,0X7F,0XD1
        7F D1
   053A 7F 8E FF 00 DF 20   172 .db 0X7F,0X8E,0XFF,0X00,0XDF,0X20,0XFF,0X00
        FF 00
   0542 3D E2 BB E7 FD E3   173 .db 0X3D,0XE2,0XBB,0XE7,0XFD,0XE3,0XFB,0X26
        FB 26
   054A C9 3E FF 00 FF 00   174 .db 0XC9,0X3E,0XFF,0X00,0XFF,0X00,0XFF,0X00
        FF 00
   0552 7C B3 DD 76 FF E8   175 .db 0X7C,0XB3,0XDD,0X76,0XFF,0XE8,0XFF,0X24
        FF 24
   055A DE 23 FF 00 FF 00   176 .db 0XDE,0X23,0XFF,0X00,0XFF,0X00,0XFF,0X00
        FF 00
   0562 DE 31 AF 73 BE 67   177 .db 0XDE,0X31,0XAF,0X73,0XBE,0X67,0X27,0XF9
        27 F9
   056A DF 20 FF 00 FF 00   178 .db 0XDF,0X20,0XFF,0X00,0XFF,0X00,0XFF,0X00
        FF 00
   0572 96 E9 BE C9 77 8B   179 .db 0X96,0XE9,0XBE,0XC9,0X77,0X8B,0XED,0X17
        ED 17
   057A EF 18 FF 00 FF 00   180 .db 0XEF,0X18,0XFF,0X00,0XFF,0X00,0XFF,0X01
        FF 01
   0582 E7 18 FF 10 FB 24   181 .db 0XE7,0X18,0XFF,0X10,0XFB,0X24,0XFF,0X78
        FF 78
   058A 7F A0 FF 40 FF C0   182 .db 0X7F,0XA0,0XFF,0X40,0XFF,0XC0,0XBF,0X40
        BF 40
   0592 FF 02 FF 04 FB 04   183 .db 0XFF,0X02,0XFF,0X04,0XFB,0X04,0XFD,0X07
        FD 07
   059A F1 0E FB 0C F5 0A   184 .db 0XF1,0X0E,0XFB,0X0C,0XF5,0X0A,0XED,0X12
        ED 12
   05A2 F7 48 FE 47 FF 83   185 .db 0XF7,0X48,0XFE,0X47,0XFF,0X83,0XFF,0X44
        FF 44
   05AA E7 38 FF 00 FF 00   186 .db 0XE7,0X38,0XFF,0X00,0XFF,0X00,0XFF,0X00
        FF 00
   05B2 BF 48 EF 90 EF 92   187 .db 0XBF,0X48,0XEF,0X90,0XEF,0X92,0XEF,0X14
        EF 14
   05BA D7 38 FF 00 FF 00   188 .db 0XD7,0X38,0XFF,0X00,0XFF,0X00,0XFF,0X00
        FF 00
   05C2 FF 00 FF 00 FF 00   189 .db 0XFF,0X00,0XFF,0X00,0XFF,0X00,0XFF,0X00
        FF 00
   05CA FF 00 FF 00 FF 00   190 .db 0XFF,0X00,0XFF,0X00,0XFF,0X00,0XFE,0X01
        FE 01
   05D2 F5 0A FA 05 F4 0B   191 .db 0XF5,0X0A,0XFA,0X05,0XF4,0X0B,0XFA,0X05
        FA 05
   05DA F4 0B FB 05 F0 0F   192 .db 0XF4,0X0B,0XFB,0X05,0XF0,0X0F,0XF9,0X07
        F9 07
   05E2 55 AA AA 55 55 AA   193 .db 0X55,0XAA,0XAA,0X55,0X55,0XAA,0XAA,0X55
        AA 55
   05EA 55 AA AA 55 55 AA   194 .db 0X55,0XAA,0XAA,0X55,0X55,0XAA,0X02,0XFD
        02 FD
   05F2 FD 02 FC 03 FD 02   195 .db 0XFD,0X02,0XFC,0X03,0XFD,0X02,0XFF,0X00
        FF 00
   05FA FF 00 FF 00 FF 00   196 .db 0XFF,0X00,0XFF,0X00,0XFF,0X00,0XFF,0X00
        FF 00
   0602 FF 80 FF 00 FF 00   197 .db 0XFF,0X80,0XFF,0X00,0XFF,0X00,0XFF,0X00
        FF 00
   060A FF 00 FF 00 FF 00   198 .db 0XFF,0X00,0XFF,0X00,0XFF,0X00,0XFF,0X00
        FF 00
   0612 FF 12 FB 14 EB 1C   199 .db 0XFF,0X12,0XFB,0X14,0XEB,0X1C,0XFF,0X00
        FF 00
   061A FF 00 FF 00 FF 00   200 .db 0XFF,0X00,0XFF,0X00,0XFF,0X00,0XFF,0X00
        FF 00
   0622 FD 02 FA 05 FD 02   201 .db 0XFD,0X02,0XFA,0X05,0XFD,0X02,0XFA,0X05
        FA 05
   062A F5 0A FA 05 F5 0A   202 .db 0XF5,0X0A,0XFA,0X05,0XF5,0X0A,0XEA,0X15
        EA 15
   0632 F2 0F FD 07 F2 0F   203 .db 0XF2,0X0F,0XFD,0X07,0XF2,0X0F,0XFD,0X07
        FD 07
   063A F2 0F FD 07 F2 0F   204 .db 0XF2,0X0F,0XFD,0X07,0XF2,0X0F,0XFD,0X07
        FD 07
   0642 2B FE 14 FF 6B BE   205 .db 0X2B,0XFE,0X14,0XFF,0X6B,0XBE,0X14,0XFF
        14 FF
   064A AB FE 14 FF AB FE   206 .db 0XAB,0XFE,0X14,0XFF,0XAB,0XFE,0X54,0XFF
        54 FF
   0652 57 A8 AB 54 57 A8   207 .db 0X57,0XA8,0XAB,0X54,0X57,0XA8,0XAB,0X54
        AB 54
   065A 55 AA AB 54 55 AA   208 .db 0X55,0XAA,0XAB,0X54,0X55,0XAA,0XAB,0X54
        AB 54
   0662 F5 0A FA 05 D5 2A   209 .db 0XF5,0X0A,0XFA,0X05,0XD5,0X2A,0XAA,0X55
        AA 55
   066A 55 AA AA 55 55 AA   210 .db 0X55,0XAA,0XAA,0X55,0X55,0XAA,0XAA,0X55
        AA 55
   0672 A9 FE 54 FF A9 FE   211 .db 0XA9,0XFE,0X54,0XFF,0XA9,0XFE,0X56,0XFD
        56 FD
   067A A9 FE 54 FF AB FE   212 .db 0XA9,0XFE,0X54,0XFF,0XAB,0XFE,0X54,0XFF
        54 FF
   0682 FF 00 FF 00 FF 00   213 .db 0XFF,0X00,0XFF,0X00,0XFF,0X00,0XFF,0X00
        FF 00
   068A FF 00 AA 55 55 AA   214 .db 0XFF,0X00,0XAA,0X55,0X55,0XAA,0XAA,0X55
        AA 55
   0692 FF 00 FF 00 FF 00   215 .db 0XFF,0X00,0XFF,0X00,0XFF,0X00,0XFF,0X00
        FF 00
   069A FF 00 FF 00 55 AA   216 .db 0XFF,0X00,0XFF,0X00,0X55,0XAA,0XAA,0X55
        AA 55
   06A2 FF 00 FF 00 FF 00   217 .db 0XFF,0X00,0XFF,0X00,0XFF,0X00,0XFF,0X00
        FF 00
   06AA FF 00 FF 00 55 AA   218 .db 0XFF,0X00,0XFF,0X00,0X55,0XAA,0XAB,0X54
        AB 54
   06B2 FF 00 FF 00 FF 00   219 .db 0XFF,0X00,0XFF,0X00,0XFF,0X00,0XFF,0X00
        FF 00
   06BA FF 00 FF 00 7F 80   220 .db 0XFF,0X00,0XFF,0X00,0X7F,0X80,0XFF,0X00
        FF 00
   06C2 FD 02 FF 00 FD 02   221 .db 0XFD,0X02,0XFF,0X00,0XFD,0X02,0XFA,0X05
        FA 05
   06CA FD 02 FA 05 FD 02   222 .db 0XFD,0X02,0XFA,0X05,0XFD,0X02,0XFA,0X05
        FA 05
   06D2 F2 0F FD 07 F2 0F   223 .db 0XF2,0X0F,0XFD,0X07,0XF2,0X0F,0XF5,0X0F
        F5 0F
   06DA FA 0F F5 0F F2 0F   224 .db 0XFA,0X0F,0XF5,0X0F,0XF2,0X0F,0XFC,0X07
        FC 07
   06E2 AD FA 52 FD B5 EA   225 .db 0XAD,0XFA,0X52,0XFD,0XB5,0XEA,0X4A,0XF5
        4A F5
   06EA 95 EA 2A D5 55 AA   226 .db 0X95,0XEA,0X2A,0XD5,0X55,0XAA,0XAA,0X55
        AA 55
   06F2 55 AA AF 50 5F A0   227 .db 0X55,0XAA,0XAF,0X50,0X5F,0XA0,0XAA,0X55
        AA 55
   06FA 55 AA AA 55 55 AA   228 .db 0X55,0XAA,0XAA,0X55,0X55,0XAA,0XAB,0X54
        AB 54
   0702 F5 0A FA 05 F5 0A   229 .db 0XF5,0X0A,0XFA,0X05,0XF5,0X0A,0XFA,0X05
        FA 05
   070A FD 02 FA 05 F5 0A   230 .db 0XFD,0X02,0XFA,0X05,0XF5,0X0A,0XFA,0X05
        FA 05
   0712 FF 00 FF 00 FF 00   231 .db 0XFF,0X00,0XFF,0X00,0XFF,0X00,0X05,0X00
        05 00
   071A 00 00 00 00 00 00   232 .db 0X00,0X00,0X00,0X00,0X00,0X00,0X00,0X00
        00 00
   0722 FF 00 FF 00 FF 00   233 .db 0XFF,0X00,0XFF,0X00,0XFF,0X00,0X55,0X00
        55 00
   072A 00 00 00 00 00 00   234 .db 0X00,0X00,0X00,0X00,0X00,0X00,0X00,0X00
        00 00
   0732 F0 0F FA 05 FF 00   235 .db 0XF0,0X0F,0XFA,0X05,0XFF,0X00,0X7F,0X00
        7F 00
   073A 3F 00 1F 00 3F 00   236 .db 0X3F,0X00,0X1F,0X00,0X3F,0X00,0X1F,0X00
        1F 00
   0742 55 AA AA 55 FF 00   237 .db 0X55,0XAA,0XAA,0X55,0XFF,0X00,0XFF,0X00
        FF 00
   074A FF 00 FF 00 FF 00   238 .db 0XFF,0X00,0XFF,0X00,0XFF,0X00,0XFF,0X00
        FF 00
   0752 7F 80 FF 00 FF 00   239 .db 0X7F,0X80,0XFF,0X00,0XFF,0X00,0XFF,0X00
        FF 00
   075A FF 00 FF 00 FF 00   240 .db 0XFF,0X00,0XFF,0X00,0XFF,0X00,0XFF,0X00
        FF 00
   0762 FF 00 FF 00 FF 00   241 .db 0XFF,0X00,0XFF,0X00,0XFF,0X00,0XFF,0X00
        FF 00
   076A FA 00 F5 00 FA 00   242 .db 0XFA,0X00,0XF5,0X00,0XFA,0X00,0XFC,0X00
        FC 00
   0772 F5 0A EA 15 FF 00   243 .db 0XF5,0X0A,0XEA,0X15,0XFF,0X00,0XFD,0X00
        FD 00
   077A A8 00 00 00 00 00   244 .db 0XA8,0X00,0X00,0X00,0X00,0X00,0X00,0X00
        00 00
   0782 55 AA AF 50 FF 00   245 .db 0X55,0XAA,0XAF,0X50,0XFF,0X00,0X55,0X00
        55 00
   078A 00 00 00 00 00 00   246 .db 0X00,0X00,0X00,0X00,0X00,0X00,0X00,0X00
        00 00
   0792 1F 00 1F 00 3F 00   247 .db 0X1F,0X00,0X1F,0X00,0X3F,0X00,0X1F,0X00
        1F 00
   079A 3F 00 1F 00 3F 00   248 .db 0X3F,0X00,0X1F,0X00,0X3F,0X00,0X1F,0X00
        1F 00
   07A2 F8 00 F4 00 F8 00   249 .db 0XF8,0X00,0XF4,0X00,0XF8,0X00,0XF0,0X00
        F0 00
   07AA F8 00 F0 00 F8 00   250 .db 0XF8,0X00,0XF0,0X00,0XF8,0X00,0XF0,0X00
        F0 00
                            251 .globl _box_open_tilemap
   07B2 B4 07               252 .dw _box_open_tilemap
   07B4                     253 _box_open_tilemap:
   07B4 00 00 01 02 02 02   254 .db 0X00,0X00,0X01,0X02,0X02,0X02,0X02,0X02
        02 02
   07BC 02 02 02 02 02 02   255 .db 0X02,0X02,0X02,0X02,0X02,0X02,0X02,0X02
        02 02
   07C4 02 03 00 00 04 05   256 .db 0X02,0X03,0X00,0X00,0X04,0X05,0X06,0X07
        06 07
   07CC 08 08 08 08 09 0A   257 .db 0X08,0X08,0X08,0X08,0X09,0X0A,0X02,0X02
        02 02
   07D4 02 02 02 02 02 0B   258 .db 0X02,0X02,0X02,0X02,0X02,0X0B,0X0C,0X0D
        0C 0D
   07DC 02 02 02 0E 0F 0F   259 .db 0X02,0X02,0X02,0X0E,0X0F,0X0F,0X0F,0X0F
        0F 0F
   07E4 10 11 12 02 02 02   260 .db 0X10,0X11,0X12,0X02,0X02,0X02,0X02,0X02
        02 02
   07EC 02 02 02 02 02 02   261 .db 0X02,0X02,0X02,0X02,0X02,0X02,0X02,0X13
        02 13
   07F4 14 15 16 02 02 02   262 .db 0X14,0X15,0X16,0X02,0X02,0X02,0X02,0X02
        02 02
   07FC 02 02 02 02 02 02   263 .db 0X02,0X02,0X02,0X02,0X02,0X02,0X02,0X02
        02 02
   0804 02 02 17 18 19 02   264 .db 0X02,0X02,0X17,0X18,0X19,0X02,0X1A,0X1B
        1A 1B
   080C 02 02 02 02 02 02   265 .db 0X02,0X02,0X02,0X02,0X02,0X02,0X02,0X02
        02 02
   0814 02 02 02 02 02 02   266 .db 0X02,0X02,0X02,0X02,0X02,0X02,0X1C,0X1D
        1C 1D
   081C 1E 1F 20 21 22 23   267 .db 0X1E,0X1F,0X20,0X21,0X22,0X23,0X24,0X25
        24 25
   0824 26 27 28 02 02 02   268 .db 0X26,0X27,0X28,0X02,0X02,0X02,0X02,0X02
        02 02
   082C 02 02 29 0F 2A 2B   269 .db 0X02,0X02,0X29,0X0F,0X2A,0X2B,0X2C,0X2D
        2C 2D
   0834 2E 2F 30 31 32 33   270 .db 0X2E,0X2F,0X30,0X31,0X32,0X33,0X34,0X35
        34 35
   083C 02 02 02 02 02 02   271 .db 0X02,0X02,0X02,0X02,0X02,0X02,0X36,0X0F
        36 0F
   0844 37 02 02 02 02 02   272 .db 0X37,0X02,0X02,0X02,0X02,0X02,0X02,0X02
        02 02
   084C 02 02 02 02 02 02   273 .db 0X02,0X02,0X02,0X02,0X02,0X02,0X02,0X02
        02 02
   0854 02 02 36 0F 38 02   274 .db 0X02,0X02,0X36,0X0F,0X38,0X02,0X02,0X39
        02 39
   085C 3A 3B 3C 3D 3E 3F   275 .db 0X3A,0X3B,0X3C,0X3D,0X3E,0X3F,0X02,0X02
        02 02
   0864 02 02 02 02 02 02   276 .db 0X02,0X02,0X02,0X02,0X02,0X02,0X36,0X0F
        36 0F
   086C 40 02 1A 41 42 02   277 .db 0X40,0X02,0X1A,0X41,0X42,0X02,0X02,0X43
        02 43
   0874 44 45 02 02 02 02   278 .db 0X44,0X45,0X02,0X02,0X02,0X02,0X02,0X02
        02 02
   087C 02 02 36 0F 46 47   279 .db 0X02,0X02,0X36,0X0F,0X46,0X47,0X48,0X49
        48 49
   0884 4A 4B 4C 4D 4E 4F   280 .db 0X4A,0X4B,0X4C,0X4D,0X4E,0X4F,0X50,0X02
        50 02
   088C 02 02 02 02 02 02   281 .db 0X02,0X02,0X02,0X02,0X02,0X02,0X36,0X0F
        36 0F
   0894 51 52 53 54 55 56   282 .db 0X51,0X52,0X53,0X54,0X55,0X56,0X57,0X58
        57 58
   089C 59 5A 5B 02 02 02   283 .db 0X59,0X5A,0X5B,0X02,0X02,0X02,0X02,0X5C
        02 5C
   08A4 02 02 5D 5E 38 02   284 .db 0X02,0X02,0X5D,0X5E,0X38,0X02,0X02,0X02
        02 02
   08AC 02 02 5F 60 61 02   285 .db 0X02,0X02,0X5F,0X60,0X61,0X02,0X02,0X02
        02 02
   08B4 02 02 02 62 02 02   286 .db 0X02,0X02,0X02,0X62,0X02,0X02,0X63,0X64
        63 64
   08BC 65 02 02 02 02 02   287 .db 0X65,0X02,0X02,0X02,0X02,0X02,0X02,0X02
        02 02
   08C4 02 02 02 02 02 02   288 .db 0X02,0X02,0X02,0X02,0X02,0X02,0X5C,0X66
        5C 66
   08CC 02 02 63 67 0F 08   289 .db 0X02,0X02,0X63,0X67,0X0F,0X08,0X68,0X68
        68 68
   08D4 69 69 6A 6B 02 02   290 .db 0X69,0X69,0X6A,0X6B,0X02,0X02,0X02,0X02
        02 02
   08DC 02 02 6C 0F 02 02   291 .db 0X02,0X02,0X6C,0X0F,0X02,0X02,0X6D,0X6E
        6D 6E
   08E4 0F 0F 0F 0F 6F 02   292 .db 0X0F,0X0F,0X0F,0X0F,0X6F,0X02,0X02,0X02
        02 02
   08EC 02 02 02 02 02 02   293 .db 0X02,0X02,0X02,0X02,0X02,0X02,0X70,0X0F
        70 0F
   08F4 71 72 73 74 74 74   294 .db 0X71,0X72,0X73,0X74,0X74,0X74,0X74,0X74
        74 74
   08FC 15 75 02 02 02 02   295 .db 0X15,0X75,0X02,0X02,0X02,0X02,0X02,0X02
        02 02
   0904 02 76 77 78 00 00   296 .db 0X02,0X76,0X77,0X78,0X00,0X00,0X79,0X02
        79 02
   090C 02 02 02 02 02 02   297 .db 0X02,0X02,0X02,0X02,0X02,0X02,0X02,0X02
        02 02
   0914 02 02 02 02 02 7A   298 .db 0X02,0X02,0X02,0X02,0X02,0X7A,0X00,0X00
        00 00
ASxxxx Assembler V01.75  (GameBoy Z80-like CPU), page 1.

Symbol Table

  1 _box_open_tiledata                 0002 GR
  1 _box_open_tilemap                  07B4 GR

ASxxxx Assembler V01.75  (GameBoy Z80-like CPU), page 2.

Area Table

   0 _CODE                              size    0   flags 0
   1 _CODE_2                            size  91C   flags 0
