                              1 .area _CODE_1
                              2 .globl _caro_gb_wbox_tiledata
   0000 02 00                 3 .dw _caro_gb_wbox_tiledata
   0002                       4 _caro_gb_wbox_tiledata:
   0002 00 00 00 00 00 00     5 .db 0X00,0X00,0X00,0X00,0X00,0X00,0X00,0X00
        00 00
   000A 00 00 00 00 00 00     6 .db 0X00,0X00,0X00,0X00,0X00,0X00,0X00,0X00
        00 00
   0012 00 00 00 00 01 02     7 .db 0X00,0X00,0X00,0X00,0X01,0X02,0X00,0X07
        00 07
   001A 0E 00 00 00 00 00     8 .db 0X0E,0X00,0X00,0X00,0X00,0X00,0X00,0X00
        00 00
   0022 00 00 00 00 57 A8     9 .db 0X00,0X00,0X00,0X00,0X57,0XA8,0XC5,0X7F
        C5 7F
   002A 32 0F 35 1F 1E 3F    10 .db 0X32,0X0F,0X35,0X1F,0X1E,0X3F,0X14,0X7F
        14 7F
   0032 00 00 00 00 36 88    11 .db 0X00,0X00,0X00,0X00,0X36,0X88,0X21,0XDE
        21 DE
   003A 9B EE 14 FF 14 EB    12 .db 0X9B,0XEE,0X14,0XFF,0X14,0XEB,0X2A,0XD5
        2A D5
   0042 00 00 00 00 00 00    13 .db 0X00,0X00,0X00,0X00,0X00,0X00,0X00,0X00
        00 00
   004A 80 00 00 F0 A0 F8    14 .db 0X80,0X00,0X00,0XF0,0XA0,0XF8,0X80,0X7C
        80 7C
   0052 00 00 00 00 00 00    15 .db 0X00,0X00,0X00,0X00,0X00,0X00,0X00,0X00
        00 00
   005A 00 00 00 01 0B 00    16 .db 0X00,0X00,0X00,0X01,0X0B,0X00,0X16,0X01
        16 01
   0062 00 00 00 00 02 00    17 .db 0X00,0X00,0X00,0X00,0X02,0X00,0X1A,0X05
        1A 05
   006A 9D 22 BA 45 55 AA    18 .db 0X9D,0X22,0XBA,0X45,0X55,0XAA,0XAA,0X55
        AA 55
   0072 00 00 1A 04 DD 22    19 .db 0X00,0X00,0X1A,0X04,0XDD,0X22,0XA1,0X5F
        A1 5F
   007A 0A FF 84 7F 5A AF    20 .db 0X0A,0XFF,0X84,0X7F,0X5A,0XAF,0XAD,0X57
        AD 57
   0082 00 00 00 00 56 A8    21 .db 0X00,0X00,0X00,0X00,0X56,0XA8,0X0A,0XF5
        0A F5
   008A 51 AE 40 FF 0D FA    22 .db 0X51,0XAE,0X40,0XFF,0X0D,0XFA,0XB3,0X5C
        B3 5C
   0092 FD 3E B5 5F 3A FF    23 .db 0XFD,0X3E,0XB5,0X5F,0X3A,0XFF,0X91,0X7F
        91 7F
   009A B2 EF A1 5F 46 BB    24 .db 0XB2,0XEF,0XA1,0X5F,0X46,0XBB,0XCA,0X75
        CA 75
   00A2 55 AA 21 DF 8A FF    25 .db 0X55,0XAA,0X21,0XDF,0X8A,0XFF,0X74,0XFF
        74 FF
   00AA A6 FB 15 FF 40 BF    26 .db 0XA6,0XFB,0X15,0XFF,0X40,0XBF,0X22,0XDD
        22 DD
   00B2 28 FE 55 FE EB FE    27 .db 0X28,0XFE,0X55,0XFE,0XEB,0XFE,0X14,0XFF
        14 FF
   00BA D0 AF 2A D5 AA FF    28 .db 0XD0,0XAF,0X2A,0XD5,0XAA,0XFF,0X57,0XFF
        57 FF
   00C2 00 00 00 00 00 00    29 .db 0X00,0X00,0X00,0X00,0X00,0X00,0X00,0X00
        00 00
   00CA 00 00 00 00 40 80    30 .db 0X00,0X00,0X00,0X00,0X40,0X80,0X40,0XC0
        40 C0
   00D2 00 00 00 00 00 00    31 .db 0X00,0X00,0X00,0X00,0X00,0X00,0X01,0X00
        01 00
   00DA 03 00 00 01 03 00    32 .db 0X03,0X00,0X00,0X01,0X03,0X00,0X06,0X01
        06 01
   00E2 2F 00 56 01 AD 02    33 .db 0X2F,0X00,0X56,0X01,0XAD,0X02,0XF6,0X01
        F6 01
   00EA 5F A0 3D C0 6A 80    34 .db 0X5F,0XA0,0X3D,0XC0,0X6A,0X80,0XD4,0X00
        D4 00
   00F2 45 BA A2 5D 40 BF    35 .db 0X45,0XBA,0XA2,0X5D,0X40,0XBF,0XAD,0X57
        AD 57
   00FA ED 02 47 00 02 00    36 .db 0XED,0X02,0X47,0X00,0X02,0X00,0X00,0X00
        00 00
   0102 16 EB A8 57 10 EF    37 .db 0X16,0XEB,0XA8,0X57,0X10,0XEF,0X80,0X7F
        80 7F
   010A 08 FF 23 5D B4 0B    38 .db 0X08,0XFF,0X23,0X5D,0XB4,0X0B,0X16,0X01
        16 01
   0112 64 BB AA 55 15 EA    39 .db 0X64,0XBB,0XAA,0X55,0X15,0XEA,0X2A,0XD5
        2A D5
   011A 54 AB 22 DD 15 EA    40 .db 0X54,0XAB,0X22,0XDD,0X15,0XEA,0XAB,0X55
        AB 55
   0122 B7 EA A9 56 17 E8    41 .db 0XB7,0XEA,0XA9,0X56,0X17,0XE8,0XAA,0X55
        AA 55
   012A 51 AE 84 7F 81 FE    42 .db 0X51,0XAE,0X84,0X7F,0X81,0XFE,0X52,0XFD
        52 FD
   0132 49 BE 94 7F 0A FF    43 .db 0X49,0XBE,0X94,0X7F,0X0A,0XFF,0XD5,0X7F
        D5 7F
   013A 44 BB A9 57 D4 2B    44 .db 0X44,0XBB,0XA9,0X57,0XD4,0X2B,0XD5,0X7F
        D5 7F
   0142 AA FF D5 7F 22 FF    45 .db 0XAA,0XFF,0XD5,0X7F,0X22,0XFF,0X49,0XF7
        49 F7
   014A A1 FF F5 FF FA FF    46 .db 0XA1,0XFF,0XF5,0XFF,0XFA,0XFF,0XFD,0XFF
        FD FF
   0152 80 E0 F0 C0 D0 E0    47 .db 0X80,0XE0,0XF0,0XC0,0XD0,0XE0,0X40,0XF0
        40 F0
   015A B0 E0 C0 F0 B0 E0    48 .db 0XB0,0XE0,0XC0,0XF0,0XB0,0XE0,0X50,0XE0
        50 E0
   0162 05 02 03 04 04 08    49 .db 0X05,0X02,0X03,0X04,0X04,0X08,0X18,0X00
        18 00
   016A 10 00 10 00 20 00    50 .db 0X10,0X00,0X10,0X00,0X20,0X00,0X40,0X00
        40 00
   0172 AA 00 10 00 28 00    51 .db 0XAA,0X00,0X10,0X00,0X28,0X00,0X14,0X00
        14 00
   017A 28 00 54 00 AA 00    52 .db 0X28,0X00,0X54,0X00,0XAA,0X00,0X55,0X00
        55 00
   0182 02 00 00 00 00 00    53 .db 0X02,0X00,0X00,0X00,0X00,0X00,0X00,0X00
        00 00
   018A 00 00 00 00 00 00    54 .db 0X00,0X00,0X00,0X00,0X00,0X00,0X00,0X00
        00 00
   0192 D4 2B 59 07 BD 02    55 .db 0XD4,0X2B,0X59,0X07,0XBD,0X02,0X57,0X00
        57 00
   019A 0F 00 07 00 03 00    56 .db 0X0F,0X00,0X07,0X00,0X03,0X00,0X01,0X00
        01 00
   01A2 A8 FF 52 FD 17 E8    57 .db 0XA8,0XFF,0X52,0XFD,0X17,0XE8,0XAD,0X50
        AD 50
   01AA FE 00 AD 50 FA 00    58 .db 0XFE,0X00,0XAD,0X50,0XFA,0X00,0X55,0X00
        55 00
   01B2 2A FF 85 7F 5A AF    59 .db 0X2A,0XFF,0X85,0X7F,0X5A,0XAF,0X85,0X7F
        85 7F
   01BA DA 2F E5 1F D4 2B    60 .db 0XDA,0X2F,0XE5,0X1F,0XD4,0X2B,0XAA,0X55
        AA 55
   01C2 FB FF FF FF FE FF    61 .db 0XFB,0XFF,0XFF,0XFF,0XFE,0XFF,0X7F,0XFF
        7F FF
   01CA BA FF 5F FF BA FF    62 .db 0XBA,0XFF,0X5F,0XFF,0XBA,0XFF,0X1D,0XFF
        1D FF
   01D2 A0 E0 50 E0 E0 E0    63 .db 0XA0,0XE0,0X50,0XE0,0XE0,0XE0,0XC0,0XE0
        C0 E0
   01DA A0 E0 C0 E0 E0 C0    64 .db 0XA0,0XE0,0XC0,0XE0,0XE0,0XC0,0XC0,0XC0
        C0 C0
   01E2 00 00 41 00 02 00    65 .db 0X00,0X00,0X41,0X00,0X02,0X00,0X05,0X00
        05 00
   01EA 82 00 15 00 0A 00    66 .db 0X82,0X00,0X15,0X00,0X0A,0X00,0X05,0X00
        05 00
   01F2 AA 00 55 00 AA 00    67 .db 0XAA,0X00,0X55,0X00,0XAA,0X00,0X55,0X00
        55 00
   01FA AA 00 55 00 AA 00    68 .db 0XAA,0X00,0X55,0X00,0XAA,0X00,0X55,0X00
        55 00
   0202 80 00 55 00 AA 00    69 .db 0X80,0X00,0X55,0X00,0XAA,0X00,0X55,0X00
        55 00
   020A AA 00 55 00 AA 00    70 .db 0XAA,0X00,0X55,0X00,0XAA,0X00,0X55,0X00
        55 00
   0212 00 00 00 00 A0 00    71 .db 0X00,0X00,0X00,0X00,0XA0,0X00,0X54,0X00
        54 00
   021A AA 00 55 00 AA 00    72 .db 0XAA,0X00,0X55,0X00,0XAA,0X00,0X55,0X00
        55 00
   0222 00 00 00 00 00 00    73 .db 0X00,0X00,0X00,0X00,0X00,0X00,0X10,0X00
        10 00
   022A AA 00 55 00 AA 00    74 .db 0XAA,0X00,0X55,0X00,0XAA,0X00,0X55,0X00
        55 00
   0232 AA 00 55 00 2A 00    75 .db 0XAA,0X00,0X55,0X00,0X2A,0X00,0X15,0X00
        15 00
   023A 2B 00 07 00 8B 00    76 .db 0X2B,0X00,0X07,0X00,0X8B,0X00,0X55,0X00
        55 00
   0242 D5 2A EA 15 D5 2A    77 .db 0XD5,0X2A,0XEA,0X15,0XD5,0X2A,0X6A,0X15
        6A 15
   024A D5 2A AA 55 F5 0A    78 .db 0XD5,0X2A,0XAA,0X55,0XF5,0X0A,0XAA,0X55
        AA 55
   0252 0B FF 87 7D 58 AE    79 .db 0X0B,0XFF,0X87,0X7D,0X58,0XAE,0XFE,0X04
        FE 04
   025A 68 86 A8 56 5E A2    80 .db 0X68,0X86,0XA8,0X56,0X5E,0XA2,0X94,0X42
        94 42
   0262 80 80 00 00 00 00    81 .db 0X80,0X80,0X00,0X00,0X00,0X00,0X00,0X00
        00 00
   026A 00 00 00 00 00 00    82 .db 0X00,0X00,0X00,0X00,0X00,0X00,0X00,0X00
        00 00
   0272 00 00 00 00 00 00    83 .db 0X00,0X00,0X00,0X00,0X00,0X00,0X00,0X00
        00 00
   027A 00 00 01 00 00 00    84 .db 0X00,0X00,0X01,0X00,0X00,0X00,0X00,0X00
        00 00
   0282 00 00 00 00 02 00    85 .db 0X00,0X00,0X00,0X00,0X02,0X00,0X04,0X1F
        04 1F
   028A 6A 80 08 F7 80 E1    86 .db 0X6A,0X80,0X08,0XF7,0X80,0XE1,0X40,0XC0
        40 C0
   0292 2A 00 6D 10 E9 3E    87 .db 0X2A,0X00,0X6D,0X10,0XE9,0X3E,0X15,0XFF
        15 FF
   029A F2 0F A9 57 B4 EB    88 .db 0XF2,0X0F,0XA9,0X57,0XB4,0XEB,0X34,0X7F
        34 7F
   02A2 AA 00 55 00 AA 00    89 .db 0XAA,0X00,0X55,0X00,0XAA,0X00,0XBD,0X40
        BD 40
   02AA 9E E0 CF F0 A7 F8    90 .db 0X9E,0XE0,0XCF,0XF0,0XA7,0XF8,0X0F,0XF0
        0F F0
   02B2 AA 00 55 00 AA 00    91 .db 0XAA,0X00,0X55,0X00,0XAA,0X00,0X55,0X00
        55 00
   02BA AA 00 7F 00 F5 0A    92 .db 0XAA,0X00,0X7F,0X00,0XF5,0X0A,0XED,0X17
        ED 17
   02C2 AA 00 55 00 AA 00    93 .db 0XAA,0X00,0X55,0X00,0XAA,0X00,0X41,0X00
        41 00
   02CA A0 00 40 00 68 80    94 .db 0XA0,0X00,0X40,0X00,0X68,0X80,0X4D,0XF0
        4D F0
   02D2 AA 00 55 00 AA 00    95 .db 0XAA,0X00,0X55,0X00,0XAA,0X00,0X55,0X00
        55 00
   02DA AA 00 55 00 2A 00    96 .db 0XAA,0X00,0X55,0X00,0X2A,0X00,0X15,0X00
        15 00
   02E2 AB 00 55 00 AB 00    97 .db 0XAB,0X00,0X55,0X00,0XAB,0X00,0X55,0X00
        55 00
   02EA AB 00 5F 00 B7 08    98 .db 0XAB,0X00,0X5F,0X00,0XB7,0X08,0XFA,0X05
        FA 05
   02F2 F5 0A EE 11 75 8A    99 .db 0XF5,0X0A,0XEE,0X11,0X75,0X8A,0XED,0X10
        ED 10
   02FA EE 00 FD 00 FF 00   100 .db 0XEE,0X00,0XFD,0X00,0XFF,0X00,0XFC,0X01
        FC 01
   0302 3E 82 E2 14 4A A4   101 .db 0X3E,0X82,0XE2,0X14,0X4A,0XA4,0XFC,0X04
        FC 04
   030A 40 AC 94 48 E8 08   102 .db 0X40,0XAC,0X94,0X48,0XE8,0X08,0XD8,0X00
        D8 00
   0312 28 C0 40 50 F0 08   103 .db 0X28,0XC0,0X40,0X50,0XF0,0X08,0X09,0X50
        09 50
   031A 6A 00 71 40 53 20   104 .db 0X6A,0X00,0X71,0X40,0X53,0X20,0X64,0X11
        64 11
   0322 AE 7F 57 FF 6A BF   105 .db 0XAE,0X7F,0X57,0XFF,0X6A,0XBF,0X74,0X1F
        74 1F
   032A 94 2B BA 45 55 AA   106 .db 0X94,0X2B,0XBA,0X45,0X55,0XAA,0XEA,0X15
        EA 15
   0332 9F E0 4E F1 E7 F8   107 .db 0X9F,0XE0,0X4E,0XF1,0XE7,0XF8,0X72,0XFD
        72 FD
   033A BA FF BF 7F 7F BF   108 .db 0XBA,0XFF,0XBF,0X7F,0X7F,0XBF,0XB7,0X7F
        B7 7F
   0342 5B AF A5 5F 0A FF   109 .db 0X5B,0XAF,0XA5,0X5F,0X0A,0XFF,0XD5,0X7F
        D5 7F
   034A AA FF FF FF FA FF   110 .db 0XAA,0XFF,0XFF,0XFF,0XFA,0XFF,0XF5,0XFF
        F5 FF
   0352 F9 FE DC FF 96 EB   111 .db 0XF9,0XFE,0XDC,0XFF,0X96,0XEB,0X4A,0XF5
        4A F5
   035A A5 FA F4 FF FF FF   112 .db 0XA5,0XFA,0XF4,0XFF,0XFF,0XFF,0X5F,0XFF
        5F FF
   0362 8A 00 95 40 AB C0   113 .db 0X8A,0X00,0X95,0X40,0XAB,0XC0,0XD5,0X60
        D5 60
   036A 62 B8 A3 5C 96 E8   114 .db 0X62,0XB8,0XA3,0X5C,0X96,0XE8,0XF3,0XFC
        F3 FC
   0372 F5 0A EA 15 F5 0A   115 .db 0XF5,0X0A,0XEA,0X15,0XF5,0X0A,0X7A,0X05
        7A 05
   037A B5 0A 78 07 FC 03   116 .db 0XB5,0X0A,0X78,0X07,0XFC,0X03,0XF8,0X07
        F8 07
   0382 67 88 EE 11 55 AA   117 .db 0X67,0X88,0XEE,0X11,0X55,0XAA,0XEA,0X15
        EA 15
   038A 57 A8 AF 50 54 AB   118 .db 0X57,0XA8,0XAF,0X50,0X54,0XAB,0X04,0XFF
        04 FF
   0392 E8 00 80 50 60 80   119 .db 0XE8,0X00,0X80,0X50,0X60,0X80,0XA0,0X40
        A0 40
   039A 60 80 80 40 40 80   120 .db 0X60,0X80,0X80,0X40,0X40,0X80,0X80,0X40
        80 40
   03A2 13 20 0F 10 01 0E   121 .db 0X13,0X20,0X0F,0X10,0X01,0X0E,0X01,0X07
        01 07
   03AA 09 02 07 00 0F 00   122 .db 0X09,0X02,0X07,0X00,0X0F,0X00,0X07,0X00
        07 00
   03B2 D5 2A EE 11 FF 00   123 .db 0XD5,0X2A,0XEE,0X11,0XFF,0X00,0X2B,0XD5
        2B D5
   03BA AF FF B7 5C 54 AA   124 .db 0XAF,0XFF,0XB7,0X5C,0X54,0XAA,0XE8,0X14
        E8 14
   03C2 3D E3 F7 41 AB C0   125 .db 0X3D,0XE3,0XF7,0X41,0XAB,0XC0,0X56,0X81
        56 81
   03CA AB 00 06 01 0B 00   126 .db 0XAB,0X00,0X06,0X01,0X0B,0X00,0X06,0X01
        06 01
   03D2 EA FF D5 FF EA FF   127 .db 0XEA,0XFF,0XD5,0XFF,0XEA,0XFF,0X74,0XFF
        74 FF
   03DA 60 FF FA 75 25 FA   128 .db 0X60,0XFF,0XFA,0X75,0X25,0XFA,0XB3,0X7C
        B3 7C
   03E2 BF FF 55 FF 48 BF   129 .db 0XBF,0XFF,0X55,0XFF,0X48,0XBF,0X28,0XD7
        28 D7
   03EA 54 AB A8 57 55 AA   130 .db 0X54,0XAB,0XA8,0X57,0X55,0XAA,0XFF,0X00
        FF 00
   03F2 BE FF 9F FF AF FF   131 .db 0XBE,0XFF,0X9F,0XFF,0XAF,0XFF,0X4F,0XFF
        4F FF
   03FA 0C FE AB 5C 7E 88   132 .db 0X0C,0XFE,0XAB,0X5C,0X7E,0X88,0XD7,0X18
        D7 18
   0402 55 AA D5 FF AE FF   133 .db 0X55,0XAA,0XD5,0XFF,0XAE,0XFF,0XDA,0X05
        DA 05
   040A AC 03 5A 05 AD 02   134 .db 0XAC,0X03,0X5A,0X05,0XAD,0X02,0X57,0X00
        57 00
   0412 54 AB 55 FE A9 FE   135 .db 0X54,0XAB,0X55,0XFE,0XA9,0XFE,0X4A,0XF5
        4A F5
   041A 96 EB A8 57 79 AE   136 .db 0X96,0XEB,0XA8,0X57,0X79,0XAE,0XB0,0X5F
        B0 5F
   0422 80 00 00 00 E0 00   137 .db 0X80,0X00,0X00,0X00,0XE0,0X00,0X60,0XC0
        60 C0
   042A 80 E0 60 C0 A0 C0   138 .db 0X80,0XE0,0X60,0XC0,0XA0,0XC0,0X40,0XC0
        40 C0
   0432 0D 02 06 01 0D 02   139 .db 0X0D,0X02,0X06,0X01,0X0D,0X02,0X06,0X01
        06 01
   043A 05 02 06 01 05 02   140 .db 0X05,0X02,0X06,0X01,0X05,0X02,0X06,0X01
        06 01
   0442 50 A8 A9 50 18 E0   141 .db 0X50,0XA8,0XA9,0X50,0X18,0XE0,0X2D,0XD0
        2D D0
   044A 5E A0 AF 50 75 8A   142 .db 0X5E,0XA0,0XAF,0X50,0X75,0X8A,0XFA,0X05
        FA 05
   0452 03 00 06 01 AA 00   143 .db 0X03,0X00,0X06,0X01,0XAA,0X00,0XFD,0X00
        FD 00
   045A D7 28 A2 5D CA 3F   144 .db 0XD7,0X28,0XA2,0X5D,0XCA,0X3F,0XA5,0X5F
        A5 5F
   0462 5D BA C4 7F F3 2F   145 .db 0X5D,0XBA,0XC4,0X7F,0XF3,0X2F,0X4A,0X35
        4A 35
   046A C5 3A 92 7D AD FA   146 .db 0XC5,0X3A,0X92,0X7D,0XAD,0XFA,0X42,0XFD
        42 FD
   0472 FA 00 D5 00 9B E0   147 .db 0XFA,0X00,0XD5,0X00,0X9B,0XE0,0X5D,0XFF
        5D FF
   047A 55 AA AA 55 55 AA   148 .db 0X55,0XAA,0XAA,0X55,0X55,0XAA,0XAA,0X55
        AA 55
   0482 D2 38 ED 30 3E E0   149 .db 0XD2,0X38,0XED,0X30,0X3E,0XE0,0XBB,0XC4
        BB C4
   048A D4 2A AB 54 D7 28   150 .db 0XD4,0X2A,0XAB,0X54,0XD7,0X28,0XAD,0X50
        AD 50
   0492 AB 00 57 00 AB 00   151 .db 0XAB,0X00,0X57,0X00,0XAB,0X00,0X7F,0X00
        7F 00
   049A FD 02 BA 45 FD 02   152 .db 0XFD,0X02,0XBA,0X45,0XFD,0X02,0XF8,0X07
        F8 07
   04A2 49 BE E4 1F 0B BE   153 .db 0X49,0XBE,0XE4,0X1F,0X0B,0XBE,0XF6,0X1D
        F6 1D
   04AA 5F A0 B2 44 AC 00   154 .db 0X5F,0XA0,0XB2,0X44,0XAC,0X00,0XFC,0X00
        FC 00
   04B2 C0 80 40 80 00 80   155 .db 0XC0,0X80,0X40,0X80,0X00,0X80,0X00,0X00
        00 00
   04BA 00 00 00 00 00 00   156 .db 0X00,0X00,0X00,0X00,0X00,0X00,0X00,0X00
        00 00
   04C2 01 02 06 01 01 02   157 .db 0X01,0X02,0X06,0X01,0X01,0X02,0X06,0X01
        06 01
   04CA 01 02 02 01 03 00   158 .db 0X01,0X02,0X02,0X01,0X03,0X00,0X02,0X01
        02 01
   04D2 7D 82 DF 00 55 AA   159 .db 0X7D,0X82,0XDF,0X00,0X55,0XAA,0X82,0X75
        82 75
   04DA 5B A0 CB 30 2E 98   160 .db 0X5B,0XA0,0XCB,0X30,0X2E,0X98,0XC4,0X1F
        C4 1F
   04E2 50 AF A8 57 55 AA   161 .db 0X50,0XAF,0XA8,0X57,0X55,0XAA,0X0A,0XF5
        0A F5
   04EA 29 FE A5 5F F5 0A   162 .db 0X29,0XFE,0XA5,0X5F,0XF5,0X0A,0XEC,0X13
        EC 13
   04F2 81 FE 80 7F 4B BE   163 .db 0X81,0XFE,0X80,0X7F,0X4B,0XBE,0X84,0X7F
        84 7F
   04FA 50 AF 04 FF 28 FF   164 .db 0X50,0XAF,0X04,0XFF,0X28,0XFF,0XDC,0X7F
        DC 7F
   0502 55 AA AA 55 55 AA   165 .db 0X55,0XAA,0XAA,0X55,0X55,0XAA,0XAA,0X55
        AA 55
   050A 41 BE 20 DF 45 BA   166 .db 0X41,0XBE,0X20,0XDF,0X45,0XBA,0X2A,0XD5
        2A D5
   0512 5E A0 AD 50 5A A0   167 .db 0X5E,0XA0,0XAD,0X50,0X5A,0XA0,0XAD,0X50
        AD 50
   051A 5A A0 AD 50 5A A0   168 .db 0X5A,0XA0,0XAD,0X50,0X5A,0XA0,0XBF,0X40
        BF 40
   0522 F4 0B 7A 05 B5 0A   169 .db 0XF4,0X0B,0X7A,0X05,0XB5,0X0A,0X6B,0X14
        6B 14
   052A B4 08 68 10 B8 00   170 .db 0XB4,0X08,0X68,0X10,0XB8,0X00,0X70,0X00
        70 00
   0532 48 A0 20 C0 60 80   171 .db 0X48,0XA0,0X20,0XC0,0X60,0X80,0X00,0X00
        00 00
   053A 00 00 00 00 00 00   172 .db 0X00,0X00,0X00,0X00,0X00,0X00,0X00,0X00
        00 00
   0542 03 00 01 00 01 00   173 .db 0X03,0X00,0X01,0X00,0X01,0X00,0X01,0X00
        01 00
   054A 00 00 01 00 00 00   174 .db 0X00,0X00,0X01,0X00,0X00,0X00,0X00,0X00
        00 00
   0552 92 0F 1A 05 85 0A   175 .db 0X92,0X0F,0X1A,0X05,0X85,0X0A,0X5A,0X05
        5A 05
   055A A5 0A 5A 05 B5 0A   176 .db 0XA5,0X0A,0X5A,0X05,0XB5,0X0A,0X6A,0X15
        6A 15
   0562 9E EB 15 FF 42 BF   177 .db 0X9E,0XEB,0X15,0XFF,0X42,0XBF,0X14,0XFF
        14 FF
   056A 45 BA AA 55 55 AA   178 .db 0X45,0XBA,0XAA,0X55,0X55,0XAA,0XAA,0X55
        AA 55
   0572 F9 FE 52 FD D5 AA   179 .db 0XF9,0XFE,0X52,0XFD,0XD5,0XAA,0X2A,0XD5
        2A D5
   057A 55 AA AA 55 54 AB   180 .db 0X55,0XAA,0XAA,0X55,0X54,0XAB,0XA8,0X57
        A8 57
   0582 45 BA AA 55 D5 2A   181 .db 0X45,0XBA,0XAA,0X55,0XD5,0X2A,0XAA,0X55
        AA 55
   058A 15 EA 2A D5 15 EA   182 .db 0X15,0XEA,0X2A,0XD5,0X15,0XEA,0X0A,0XF5
        0A F5
   0592 5E A0 BD 40 56 A8   183 .db 0X5E,0XA0,0XBD,0X40,0X56,0XA8,0XAF,0X50
        AF 50
   059A 5F A0 AE 51 5D A2   184 .db 0X5F,0XA0,0XAE,0X51,0X5D,0XA2,0XBA,0X45
        BA 45
   05A2 E0 00 A0 40 60 80   185 .db 0XE0,0X00,0XA0,0X40,0X60,0X80,0XC0,0X00
        C0 00
   05AA 40 80 C0 00 80 00   186 .db 0X40,0X80,0XC0,0X00,0X80,0X00,0X00,0X00
        00 00
   05B2 00 00 00 00 00 00   187 .db 0X00,0X00,0X00,0X00,0X00,0X00,0X00,0X01
        00 01
   05BA 01 00 00 01 03 00   188 .db 0X01,0X00,0X00,0X01,0X03,0X00,0X00,0X01
        00 01
   05C2 BD 02 7F 00 3D 02   189 .db 0XBD,0X02,0X7F,0X00,0X3D,0X02,0X7F,0X00
        7F 00
   05CA BF 00 DA 05 B5 0A   190 .db 0XBF,0X00,0XDA,0X05,0XB5,0X0A,0XFA,0X05
        FA 05
   05D2 55 AA AA 55 55 AA   191 .db 0X55,0XAA,0XAA,0X55,0X55,0XAA,0XAA,0X55
        AA 55
   05DA 55 AA AA 55 55 AA   192 .db 0X55,0XAA,0XAA,0X55,0X55,0XAA,0XA2,0X5D
        A2 5D
   05E2 54 AB A8 57 50 AF   193 .db 0X54,0XAB,0XA8,0X57,0X50,0XAF,0XA8,0X57
        A8 57
   05EA 54 AB A8 57 50 AF   194 .db 0X54,0XAB,0XA8,0X57,0X50,0XAF,0X20,0XDF
        20 DF
   05F2 05 FA 0A F5 15 EA   195 .db 0X05,0XFA,0X0A,0XF5,0X15,0XEA,0X0A,0XF5
        0A F5
   05FA 55 AA 2A D5 55 AA   196 .db 0X55,0XAA,0X2A,0XD5,0X55,0XAA,0XA8,0X57
        A8 57
   0602 55 AA AB 54 54 AA   197 .db 0X55,0XAA,0XAB,0X54,0X54,0XAA,0XAB,0X54
        AB 54
   060A 56 A8 AB 54 56 A8   198 .db 0X56,0XA8,0XAB,0X54,0X56,0XA8,0X2B,0XD4
        2B D4
   0612 80 00 00 00 80 00   199 .db 0X80,0X00,0X00,0X00,0X80,0X00,0X00,0X00
        00 00
   061A 00 00 00 00 00 00   200 .db 0X00,0X00,0X00,0X00,0X00,0X00,0X00,0X00
        00 00
   0622 03 00 00 01 03 00   201 .db 0X03,0X00,0X00,0X01,0X03,0X00,0X00,0X01
        00 01
   062A 03 00 00 01 01 00   202 .db 0X03,0X00,0X00,0X01,0X01,0X00,0X01,0X00
        01 00
   0632 FD 02 BE 41 5F A0   203 .db 0XFD,0X02,0XBE,0X41,0X5F,0XA0,0XBF,0X40
        BF 40
   063A 7D 82 AE 51 D5 2A   204 .db 0X7D,0X82,0XAE,0X51,0XD5,0X2A,0XAA,0X55
        AA 55
   0642 54 AB 80 7F 54 AB   205 .db 0X54,0XAB,0X80,0X7F,0X54,0XAB,0XAA,0X55
        AA 55
   064A D5 2A AA 55 55 AA   206 .db 0XD5,0X2A,0XAA,0X55,0X55,0XAA,0XAA,0X55
        AA 55
   0652 01 FE 00 FF 00 FF   207 .db 0X01,0XFE,0X00,0XFF,0X00,0XFF,0X00,0XFF
        00 FF
   065A 40 BF 80 7F 40 BF   208 .db 0X40,0XBF,0X80,0X7F,0X40,0XBF,0XA0,0X5F
        A0 5F
   0662 50 AF 20 DF 00 FF   209 .db 0X50,0XAF,0X20,0XDF,0X00,0XFF,0X00,0XFF
        00 FF
   066A 00 FF 00 FF 00 FF   210 .db 0X00,0XFF,0X00,0XFF,0X00,0XFF,0X00,0XFF
        00 FF
   0672 56 A8 2B D4 56 A8   211 .db 0X56,0XA8,0X2B,0XD4,0X56,0XA8,0X2B,0XD4
        2B D4
   067A 56 A8 2B D4 55 AA   212 .db 0X56,0XA8,0X2B,0XD4,0X55,0XAA,0X2B,0XD4
        2B D4
   0682 00 00 00 00 80 00   213 .db 0X00,0X00,0X00,0X00,0X80,0X00,0X00,0X00
        00 00
   068A A8 00 50 00 A8 00   214 .db 0XA8,0X00,0X50,0X00,0XA8,0X00,0XD0,0X00
        D0 00
   0692 00 00 00 00 00 00   215 .db 0X00,0X00,0X00,0X00,0X00,0X00,0X00,0X00
        00 00
   069A 10 10 28 28 17 17   216 .db 0X10,0X10,0X28,0X28,0X17,0X17,0X08,0X08
        08 08
   06A2 00 00 00 00 00 00   217 .db 0X00,0X00,0X00,0X00,0X00,0X00,0X00,0X00
        00 00
   06AA 00 00 00 00 FF FF   218 .db 0X00,0X00,0X00,0X00,0XFF,0XFF,0X00,0X00
        00 00
   06B2 01 00 00 01 01 00   219 .db 0X01,0X00,0X00,0X01,0X01,0X00,0X01,0X00
        01 00
   06BA 00 00 00 00 FF FF   220 .db 0X00,0X00,0X00,0X00,0XFF,0XFF,0X00,0X00
        00 00
   06C2 55 AA AA 55 55 AA   221 .db 0X55,0XAA,0XAA,0X55,0X55,0XAA,0XAA,0X55
        AA 55
   06CA 55 AA AA 55 FF FF   222 .db 0X55,0XAA,0XAA,0X55,0XFF,0XFF,0X00,0X00
        00 00
   06D2 40 BF 80 7F 40 BF   223 .db 0X40,0XBF,0X80,0X7F,0X40,0XBF,0XA0,0X5F
        A0 5F
   06DA 54 AB AA 55 FF FF   224 .db 0X54,0XAB,0XAA,0X55,0XFF,0XFF,0X00,0X00
        00 00
   06E2 00 FF 00 FF 00 FF   225 .db 0X00,0XFF,0X00,0XFF,0X00,0XFF,0X28,0XD7
        28 D7
   06EA 50 AF A0 5F FF FF   226 .db 0X50,0XAF,0XA0,0X5F,0XFF,0XFF,0X00,0X00
        00 00
   06F2 55 AA AA 55 15 EA   227 .db 0X55,0XAA,0XAA,0X55,0X15,0XEA,0X0A,0XF5
        0A F5
   06FA 15 EA 0A F5 FF FF   228 .db 0X15,0XEA,0X0A,0XF5,0XFF,0XFF,0X00,0X00
        00 00
   0702 F0 00 E0 00 60 80   229 .db 0XF0,0X00,0XE0,0X00,0X60,0X80,0XC0,0X00
        C0 00
   070A 80 00 00 00 FF FF   230 .db 0X80,0X00,0X00,0X00,0XFF,0XFF,0X00,0X00
        00 00
   0712 00 00 00 00 00 00   231 .db 0X00,0X00,0X00,0X00,0X00,0X00,0X00,0X00
        00 00
   071A 08 08 14 14 F8 F8   232 .db 0X08,0X08,0X14,0X14,0XF8,0XF8,0X10,0X10
        10 10
   0722 08 08 08 08 08 08   233 .db 0X08,0X08,0X08,0X08,0X08,0X08,0X08,0X08
        08 08
   072A 08 08 08 08 08 08   234 .db 0X08,0X08,0X08,0X08,0X08,0X08,0X08,0X08
        08 08
   0732 10 10 10 10 10 10   235 .db 0X10,0X10,0X10,0X10,0X10,0X10,0X10,0X10
        10 10
   073A 10 10 10 10 10 10   236 .db 0X10,0X10,0X10,0X10,0X10,0X10,0X10,0X10
        10 10
   0742 08 08 08 08 08 08   237 .db 0X08,0X08,0X08,0X08,0X08,0X08,0X17,0X17
        17 17
   074A 28 28 10 10 00 00   238 .db 0X28,0X28,0X10,0X10,0X00,0X00,0X00,0X00
        00 00
   0752 00 00 00 00 00 00   239 .db 0X00,0X00,0X00,0X00,0X00,0X00,0XFF,0XFF
        FF FF
   075A 00 00 00 00 00 00   240 .db 0X00,0X00,0X00,0X00,0X00,0X00,0X00,0X00
        00 00
   0762 10 10 10 10 10 10   241 .db 0X10,0X10,0X10,0X10,0X10,0X10,0XE8,0XE8
        E8 E8
   076A 14 14 08 08 00 00   242 .db 0X14,0X14,0X08,0X08,0X00,0X00,0X00,0X00
        00 00
                            243 .globl _caro_gb_wbox_tilemap
   0772 74 07               244 .dw _caro_gb_wbox_tilemap
   0774                     245 _caro_gb_wbox_tilemap:
   0774 00 00 00 00 00 00   246 .db 0X00,0X00,0X00,0X00,0X00,0X00,0X00,0X00
        00 00
   077C 00 00 00 01 02 03   247 .db 0X00,0X00,0X00,0X01,0X02,0X03,0X04,0X00
        04 00
   0784 00 00 00 00 00 00   248 .db 0X00,0X00,0X00,0X00,0X00,0X00,0X00,0X00
        00 00
   078C 00 00 00 00 05 06   249 .db 0X00,0X00,0X00,0X00,0X05,0X06,0X07,0X08
        07 08
   0794 09 0A 0B 0C 00 00   250 .db 0X09,0X0A,0X0B,0X0C,0X00,0X00,0X00,0X00
        00 00
   079C 00 00 00 00 00 00   251 .db 0X00,0X00,0X00,0X00,0X00,0X00,0X00,0X0D
        00 0D
   07A4 0E 0F 10 11 12 13   252 .db 0X0E,0X0F,0X10,0X11,0X12,0X13,0X14,0X15
        14 15
   07AC 00 00 00 00 00 00   253 .db 0X00,0X00,0X00,0X00,0X00,0X00,0X00,0X00
        00 00
   07B4 00 00 00 16 17 00   254 .db 0X00,0X00,0X00,0X16,0X17,0X00,0X18,0X19
        18 19
   07BC 1A 1B 1C 1D 00 00   255 .db 0X1A,0X1B,0X1C,0X1D,0X00,0X00,0X00,0X00
        00 00
   07C4 00 00 00 00 00 00   256 .db 0X00,0X00,0X00,0X00,0X00,0X00,0X00,0X1E
        00 1E
   07CC 1F 20 21 22 23 24   257 .db 0X1F,0X20,0X21,0X22,0X23,0X24,0X25,0X26
        25 26
   07D4 00 00 00 00 00 00   258 .db 0X00,0X00,0X00,0X00,0X00,0X00,0X00,0X00
        00 00
   07DC 00 27 28 29 2A 2B   259 .db 0X00,0X27,0X28,0X29,0X2A,0X2B,0X2C,0X2D
        2C 2D
   07E4 2E 2F 30 00 00 00   260 .db 0X2E,0X2F,0X30,0X00,0X00,0X00,0X00,0X00
        00 00
   07EC 00 00 00 00 00 00   261 .db 0X00,0X00,0X00,0X00,0X00,0X00,0X31,0X32
        31 32
   07F4 33 34 35 36 37 38   262 .db 0X33,0X34,0X35,0X36,0X37,0X38,0X39,0X00
        39 00
   07FC 00 00 00 00 00 00   263 .db 0X00,0X00,0X00,0X00,0X00,0X00,0X00,0X00
        00 00
   0804 00 00 3A 3B 3C 3D   264 .db 0X00,0X00,0X3A,0X3B,0X3C,0X3D,0X3E,0X3F
        3E 3F
   080C 40 41 42 00 00 00   265 .db 0X40,0X41,0X42,0X00,0X00,0X00,0X00,0X00
        00 00
   0814 00 00 00 00 00 00   266 .db 0X00,0X00,0X00,0X00,0X00,0X00,0X43,0X44
        43 44
   081C 45 46 47 48 49 4A   267 .db 0X45,0X46,0X47,0X48,0X49,0X4A,0X4B,0X00
        4B 00
   0824 00 00 00 00 00 00   268 .db 0X00,0X00,0X00,0X00,0X00,0X00,0X00,0X00
        00 00
   082C 00 00 4C 4D 4E 4F   269 .db 0X00,0X00,0X4C,0X4D,0X4E,0X4F,0X50,0X51
        50 51
   0834 52 53 00 00 00 00   270 .db 0X52,0X53,0X00,0X00,0X00,0X00,0X00,0X00
        00 00
   083C 00 00 00 00 00 00   271 .db 0X00,0X00,0X00,0X00,0X00,0X00,0X54,0X55
        54 55
   0844 56 57 58 59 5A 00   272 .db 0X56,0X57,0X58,0X59,0X5A,0X00,0X00,0X00
        00 00
   084C 00 00 00 00 00 00   273 .db 0X00,0X00,0X00,0X00,0X00,0X00,0X00,0X00
        00 00
   0854 00 00 5B 5C 5D 5E   274 .db 0X00,0X00,0X5B,0X5C,0X5D,0X5E,0X5F,0X60
        5F 60
   085C 61 00 00 00 00 00   275 .db 0X61,0X00,0X00,0X00,0X00,0X00,0X00,0X00
        00 00
   0864 00 00 00 00 00 00   276 .db 0X00,0X00,0X00,0X00,0X00,0X00,0X62,0X63
        62 63
   086C 64 65 66 67 68 00   277 .db 0X64,0X65,0X66,0X67,0X68,0X00,0X00,0X00
        00 00
   0874 00 00 00 00 69 6A   278 .db 0X00,0X00,0X00,0X00,0X69,0X6A,0X6A,0X6A
        6A 6A
   087C 6A 6A 6B 6C 6C 6D   279 .db 0X6A,0X6A,0X6B,0X6C,0X6C,0X6D,0X6E,0X6F
        6E 6F
   0884 70 6A 6A 6A 6A 6A   280 .db 0X70,0X6A,0X6A,0X6A,0X6A,0X6A,0X6A,0X71
        6A 71
   088C 72 00 00 00 00 00   281 .db 0X72,0X00,0X00,0X00,0X00,0X00,0X00,0X00
        00 00
   0894 00 00 00 00 00 00   282 .db 0X00,0X00,0X00,0X00,0X00,0X00,0X00,0X00
        00 00
   089C 00 00 00 73 72 00   283 .db 0X00,0X00,0X00,0X73,0X72,0X00,0X00,0X00
        00 00
   08A4 00 00 00 00 00 00   284 .db 0X00,0X00,0X00,0X00,0X00,0X00,0X00,0X00
        00 00
   08AC 00 00 00 00 00 00   285 .db 0X00,0X00,0X00,0X00,0X00,0X00,0X00,0X73
        00 73
   08B4 72 00 00 00 00 00   286 .db 0X72,0X00,0X00,0X00,0X00,0X00,0X00,0X00
        00 00
   08BC 00 00 00 00 00 00   287 .db 0X00,0X00,0X00,0X00,0X00,0X00,0X00,0X00
        00 00
   08C4 00 00 00 73 74 75   288 .db 0X00,0X00,0X00,0X73,0X74,0X75,0X75,0X75
        75 75
   08CC 75 75 75 75 75 75   289 .db 0X75,0X75,0X75,0X75,0X75,0X75,0X75,0X75
        75 75
   08D4 75 75 75 75 75 75   290 .db 0X75,0X75,0X75,0X75,0X75,0X75,0X75,0X76
        75 76
ASxxxx Assembler V01.75  (GameBoy Z80-like CPU), page 1.

Symbol Table

  1 _caro_gb_wbox_tiledata             0002 GR
  1 _caro_gb_wbox_tilemap              0774 GR

ASxxxx Assembler V01.75  (GameBoy Z80-like CPU), page 2.

Area Table

   0 _CODE                              size    0   flags 0
   1 _CODE_1                            size  8DC   flags 0
