                              1 .area _CODE_1
                              2 .globl _box_close_gb_wchoice_tiledata
   0000 02 00                 3 .dw _box_close_gb_wchoice_tiledata
   0002                       4 _box_close_gb_wchoice_tiledata:
   0002 00 00 00 00 00 00     5 .db 0X00,0X00,0X00,0X00,0X00,0X00,0X00,0X00
        00 00
   000A 00 00 00 00 00 00     6 .db 0X00,0X00,0X00,0X00,0X00,0X00,0X00,0X00
        00 00
   0012 00 00 00 00 00 00     7 .db 0X00,0X00,0X00,0X00,0X00,0X00,0X00,0X00
        00 00
   001A 00 00 00 00 00 00     8 .db 0X00,0X00,0X00,0X00,0X00,0X00,0X05,0X00
        05 00
   0022 00 00 00 00 00 00     9 .db 0X00,0X00,0X00,0X00,0X00,0X00,0X00,0X00
        00 00
   002A 00 00 00 00 A2 00    10 .db 0X00,0X00,0X00,0X00,0XA2,0X00,0X55,0X00
        55 00
   0032 00 00 00 00 00 00    11 .db 0X00,0X00,0X00,0X00,0X00,0X00,0X00,0X00
        00 00
   003A 00 00 00 00 00 00    12 .db 0X00,0X00,0X00,0X00,0X00,0X00,0X50,0X00
        50 00
   0042 00 00 00 00 00 00    13 .db 0X00,0X00,0X00,0X00,0X00,0X00,0X00,0X00
        00 00
   004A 00 00 00 00 00 00    14 .db 0X00,0X00,0X00,0X00,0X00,0X00,0X01,0X00
        01 00
   0052 00 00 00 00 00 00    15 .db 0X00,0X00,0X00,0X00,0X00,0X00,0X00,0X00
        00 00
   005A 00 00 04 00 82 00    16 .db 0X00,0X00,0X04,0X00,0X82,0X00,0X00,0X00
        00 00
   0062 00 00 00 00 00 00    17 .db 0X00,0X00,0X00,0X00,0X00,0X00,0X00,0X00
        00 00
   006A 0A 00 54 00 02 00    18 .db 0X0A,0X00,0X54,0X00,0X02,0X00,0X10,0X00
        10 00
   0072 00 00 01 00 2A 00    19 .db 0X00,0X00,0X01,0X00,0X2A,0X00,0X41,0X00
        41 00
   007A 0A 00 54 00 80 00    20 .db 0X0A,0X00,0X54,0X00,0X80,0X00,0X50,0X00
        50 00
   0082 AA 00 55 00 0A 00    21 .db 0XAA,0X00,0X55,0X00,0X0A,0X00,0X40,0X00
        40 00
   008A AA 00 54 00 80 00    22 .db 0XAA,0X00,0X54,0X00,0X80,0X00,0X00,0X00
        00 00
   0092 A8 00 41 00 2A 00    23 .db 0XA8,0X00,0X41,0X00,0X2A,0X00,0X50,0X00
        50 00
   009A 80 00 00 00 00 00    24 .db 0X80,0X00,0X00,0X00,0X00,0X00,0X00,0X00
        00 00
   00A2 AA 00 50 00 80 00    25 .db 0XAA,0X00,0X50,0X00,0X80,0X00,0X01,0X00
        01 00
   00AA 00 00 00 00 02 00    26 .db 0X00,0X00,0X00,0X00,0X02,0X00,0X05,0X00
        05 00
   00B2 00 00 00 00 00 00    27 .db 0X00,0X00,0X00,0X00,0X00,0X00,0X01,0X00
        01 00
   00BA 0A 00 55 00 AA 00    28 .db 0X0A,0X00,0X55,0X00,0XAA,0X00,0X55,0X00
        55 00
   00C2 00 00 00 00 08 00    29 .db 0X00,0X00,0X00,0X00,0X08,0X00,0X55,0X00
        55 00
   00CA AA 00 55 00 AA 00    30 .db 0XAA,0X00,0X55,0X00,0XAA,0X00,0X55,0X00
        55 00
   00D2 00 00 00 00 00 00    31 .db 0X00,0X00,0X00,0X00,0X00,0X00,0X40,0X00
        40 00
   00DA AA 00 55 00 AA 00    32 .db 0XAA,0X00,0X55,0X00,0XAA,0X00,0X55,0X00
        55 00
   00E2 00 00 00 00 00 00    33 .db 0X00,0X00,0X00,0X00,0X00,0X00,0X00,0X00
        00 00
   00EA 00 00 40 00 AA 00    34 .db 0X00,0X00,0X40,0X00,0XAA,0X00,0X55,0X00
        55 00
   00F2 03 00 03 00 03 00    35 .db 0X03,0X00,0X03,0X00,0X03,0X00,0X03,0X00
        03 00
   00FA 03 00 03 00 03 00    36 .db 0X03,0X00,0X03,0X00,0X03,0X00,0X03,0X00
        03 00
   0102 68 80 FB 04 FF 00    37 .db 0X68,0X80,0XFB,0X04,0XFF,0X00,0XFF,0X00
        FF 00
   010A FF 00 FF 00 FF 00    38 .db 0XFF,0X00,0XFF,0X00,0XFF,0X00,0XFF,0X00
        FF 00
   0112 00 00 D4 00 DE 20    39 .db 0X00,0X00,0XD4,0X00,0XDE,0X20,0XF8,0X07
        F8 07
   011A FF 00 EF 10 FF 00    40 .db 0XFF,0X00,0XEF,0X10,0XFF,0X00,0XFF,0X00
        FF 00
   0122 00 00 00 00 20 00    41 .db 0X00,0X00,0X00,0X00,0X20,0X00,0X40,0X00
        40 00
   012A 38 C0 D9 06 FF 00    42 .db 0X38,0XC0,0XD9,0X06,0XFF,0X00,0XEB,0X14
        EB 14
   0132 A0 00 00 00 00 00    43 .db 0XA0,0X00,0X00,0X00,0X00,0X00,0X00,0X00
        00 00
   013A 00 00 40 00 1A E0    44 .db 0X00,0X00,0X40,0X00,0X1A,0XE0,0XA3,0X5C
        A3 5C
   0142 00 00 00 00 00 00    45 .db 0X00,0X00,0X00,0X00,0X00,0X00,0X01,0X00
        01 00
   014A 0A 00 15 00 8A 00    46 .db 0X0A,0X00,0X15,0X00,0X8A,0X00,0X41,0X00
        41 00
   0152 00 00 05 00 2A 00    47 .db 0X00,0X00,0X05,0X00,0X2A,0X00,0X51,0X00
        51 00
   015A AA 00 15 00 AA 00    48 .db 0XAA,0X00,0X15,0X00,0XAA,0X00,0X55,0X00
        55 00
   0162 AA 00 55 00 AA 00    49 .db 0XAA,0X00,0X55,0X00,0XAA,0X00,0X55,0X00
        55 00
   016A A2 00 55 00 AA 00    50 .db 0XA2,0X00,0X55,0X00,0XAA,0X00,0X55,0X00
        55 00
   0172 AA 00 55 00 AA 00    51 .db 0XAA,0X00,0X55,0X00,0XAA,0X00,0X55,0X00
        55 00
   017A AA 00 55 00 AA 00    52 .db 0XAA,0X00,0X55,0X00,0XAA,0X00,0X55,0X00
        55 00
   0182 AA 00 55 00 AA 00    53 .db 0XAA,0X00,0X55,0X00,0XAA,0X00,0X55,0X00
        55 00
   018A AA 00 55 00 AB 00    54 .db 0XAA,0X00,0X55,0X00,0XAB,0X00,0X5F,0X00
        5F 00
   0192 AA 00 55 00 AA 00    55 .db 0XAA,0X00,0X55,0X00,0XAA,0X00,0X55,0X00
        55 00
   019A AF 00 7F 00 FF 00    56 .db 0XAF,0X00,0X7F,0X00,0XFF,0X00,0XFF,0X00
        FF 00
   01A2 AA 00 57 00 BD 02    57 .db 0XAA,0X00,0X57,0X00,0XBD,0X02,0XFA,0X05
        FA 05
   01AA D5 2A BA 45 57 A8    58 .db 0XD5,0X2A,0XBA,0X45,0X57,0XA8,0XFF,0X00
        FF 00
   01B2 F8 00 AC 50 D8 20    59 .db 0XF8,0X00,0XAC,0X50,0XD8,0X20,0XAC,0X50
        AC 50
   01BA 58 A0 AC 50 78 80    60 .db 0X58,0XA0,0XAC,0X50,0X78,0X80,0XBC,0X40
        BC 40
   01C2 FF 00 FF 00 FF 00    61 .db 0XFF,0X00,0XFF,0X00,0XFF,0X00,0XFF,0X00
        FF 00
   01CA FF 00 FF 00 FF 00    62 .db 0XFF,0X00,0XFF,0X00,0XFF,0X00,0XFF,0X00
        FF 00
   01D2 FF 00 FF 00 FF 00    63 .db 0XFF,0X00,0XFF,0X00,0XFF,0X00,0XBF,0X40
        BF 40
   01DA FF 00 FF 00 FF 00    64 .db 0XFF,0X00,0XFF,0X00,0XFF,0X00,0XFF,0X00
        FF 00
   01E2 DF 20 EA 15 D5 2A    65 .db 0XDF,0X20,0XEA,0X15,0XD5,0X2A,0XFF,0X00
        FF 00
   01EA FF 00 FF 00 FF 00    66 .db 0XFF,0X00,0XFF,0X00,0XFF,0X00,0XFF,0X00
        FF 00
   01F2 7C 83 BF 40 FF 00    67 .db 0X7C,0X83,0XBF,0X40,0XFF,0X00,0XFF,0X00
        FF 00
   01FA FF 00 FF 00 FF 00    68 .db 0XFF,0X00,0XFF,0X00,0XFF,0X00,0XFB,0X04
        FB 04
   0202 E2 80 E0 1C EC 03    69 .db 0XE2,0X80,0XE0,0X1C,0XEC,0X03,0XFF,0X00
        FF 00
   020A FF 00 FF 00 FF 00    70 .db 0XFF,0X00,0XFF,0X00,0XFF,0X00,0XFF,0X00
        FF 00
   0212 88 00 11 00 88 00    71 .db 0X88,0X00,0X11,0X00,0X88,0X00,0X95,0X60
        95 60
   021A EE 00 FD 00 FF 00    72 .db 0XEE,0X00,0XFD,0X00,0XFF,0X00,0XFF,0X00
        FF 00
   0222 AA 00 55 00 AA 00    73 .db 0XAA,0X00,0X55,0X00,0XAA,0X00,0X57,0X00
        57 00
   022A BF 00 FF 00 FF 00    74 .db 0XBF,0X00,0XFF,0X00,0XFF,0X00,0XFF,0X00
        FF 00
   0232 AA 00 57 00 BF 00    75 .db 0XAA,0X00,0X57,0X00,0XBF,0X00,0XFF,0X00
        FF 00
   023A FF 00 FF 00 FF 00    76 .db 0XFF,0X00,0XFF,0X00,0XFF,0X00,0XFF,0X00
        FF 00
   0242 FF 00 FF 00 FD 02    77 .db 0XFF,0X00,0XFF,0X00,0XFD,0X02,0XFF,0X00
        FF 00
   024A FF 00 FB 04 FF 00    78 .db 0XFF,0X00,0XFB,0X04,0XFF,0X00,0XFF,0X00
        FF 00
   0252 57 A8 FF 00 FF 00    79 .db 0X57,0XA8,0XFF,0X00,0XFF,0X00,0XFF,0X00
        FF 00
   025A FF 00 FF 00 FF 00    80 .db 0XFF,0X00,0XFF,0X00,0XFF,0X00,0XFF,0X00
        FF 00
   0262 FF 00 FE 01 FF 00    81 .db 0XFF,0X00,0XFE,0X01,0XFF,0X00,0XEB,0X14
        EB 14
   026A F7 08 FF 00 FF 00    82 .db 0XF7,0X08,0XFF,0X00,0XFF,0X00,0XFE,0X01
        FE 01
   0272 78 80 BC 40 F8 00    83 .db 0X78,0X80,0XBC,0X40,0XF8,0X00,0XBC,0X40
        BC 40
   027A F8 00 FC 00 FC 00    84 .db 0XF8,0X00,0XFC,0X00,0XFC,0X00,0XFC,0X00
        FC 00
   0282 FC 00 FC 00 FC 00    85 .db 0XFC,0X00,0XFC,0X00,0XFC,0X00,0XFC,0X00
        FC 00
   028A FC 00 FC 00 FC 00    86 .db 0XFC,0X00,0XFC,0X00,0XFC,0X00,0XFC,0X00
        FC 00
   0292 FC 00 FC 00 FC 00    87 .db 0XFC,0X00,0XFC,0X00,0XFC,0X00,0XEC,0X10
        EC 10
   029A FC 00 FC 00 DD 21    88 .db 0XFC,0X00,0XFC,0X00,0XDD,0X21,0XFE,0X02
        FE 02
   02A2 00 00 00 00 00 00    89 .db 0X00,0X00,0X00,0X00,0X00,0X00,0X00,0X00
        00 00
   02AA 00 00 00 00 00 00    90 .db 0X00,0X00,0X00,0X00,0X00,0X00,0XFF,0XFF
        FF FF
   02B2 00 00 00 00 00 00    91 .db 0X00,0X00,0X00,0X00,0X00,0X00,0X00,0X00
        00 00
   02BA 00 00 00 00 10 10    92 .db 0X00,0X00,0X00,0X00,0X10,0X10,0XE8,0XE8
        E8 E8
   02C2 FF 00 FF 00 FF 00    93 .db 0XFF,0X00,0XFF,0X00,0XFF,0X00,0XFF,0X00
        FF 00
   02CA FF 00 FE 01 FD 02    94 .db 0XFF,0X00,0XFE,0X01,0XFD,0X02,0XFA,0X05
        FA 05
   02D2 FD 01 FD 01 F5 09    95 .db 0XFD,0X01,0XFD,0X01,0XF5,0X09,0XED,0X11
        ED 11
   02DA FD 01 AD 51 55 A9    96 .db 0XFD,0X01,0XAD,0X51,0X55,0XA9,0XAD,0X51
        AD 51
   02E2 10 10 10 10 10 10    97 .db 0X10,0X10,0X10,0X10,0X10,0X10,0X10,0X10
        10 10
   02EA 10 10 10 10 10 10    98 .db 0X10,0X10,0X10,0X10,0X10,0X10,0X10,0X10
        10 10
   02F2 03 00 03 00 03 00    99 .db 0X03,0X00,0X03,0X00,0X03,0X00,0X00,0X00
        00 00
   02FA 00 00 00 00 00 00   100 .db 0X00,0X00,0X00,0X00,0X00,0X00,0X00,0X00
        00 00
   0302 FF 00 FF 00 FF 00   101 .db 0XFF,0X00,0XFF,0X00,0XFF,0X00,0X7F,0X00
        7F 00
   030A 3F 00 1F 00 03 00   102 .db 0X3F,0X00,0X1F,0X00,0X03,0X00,0X00,0X00
        00 00
   0312 FF 00 FF 00 FF 00   103 .db 0XFF,0X00,0XFF,0X00,0XFF,0X00,0XFF,0X00
        FF 00
   031A FF 00 FF 00 FF 00   104 .db 0XFF,0X00,0XFF,0X00,0XFF,0X00,0XFE,0X01
        FE 01
   0322 FF 00 FF 00 FF 00   105 .db 0XFF,0X00,0XFF,0X00,0XFF,0X00,0XEB,0X14
        EB 14
   032A D5 2A EE 11 5D A2   106 .db 0XD5,0X2A,0XEE,0X11,0X5D,0XA2,0XAA,0X55
        AA 55
   0332 DD 22 BA 45 55 AA   107 .db 0XDD,0X22,0XBA,0X45,0X55,0XAA,0XBA,0X45
        BA 45
   033A 55 AA AA 55 56 A8   108 .db 0X55,0XAA,0XAA,0X55,0X56,0XA8,0XAC,0X50
        AC 50
   0342 5D A1 AD 51 D5 29   109 .db 0X5D,0XA1,0XAD,0X51,0XD5,0X29,0XAD,0X51
        AD 51
   034A 61 81 C1 01 01 01   110 .db 0X61,0X81,0XC1,0X01,0X01,0X01,0X01,0X01
        01 01
   0352 3F 00 1F 00 03 00   111 .db 0X3F,0X00,0X1F,0X00,0X03,0X00,0X01,0X00
        01 00
   035A 00 00 00 00 00 00   112 .db 0X00,0X00,0X00,0X00,0X00,0X00,0X00,0X00
        00 00
   0362 FF 00 FF 00 FF 00   113 .db 0XFF,0X00,0XFF,0X00,0XFF,0X00,0XFF,0X00
        FF 00
   036A 3F 00 0F 00 03 00   114 .db 0X3F,0X00,0X0F,0X00,0X03,0X00,0X00,0X00
        00 00
   0372 FD 02 FA 05 75 8A   115 .db 0XFD,0X02,0XFA,0X05,0X75,0X8A,0XEA,0X15
        EA 15
   037A D5 2A AA 55 D5 2A   116 .db 0XD5,0X2A,0XAA,0X55,0XD5,0X2A,0XAC,0X50
        AC 50
   0382 55 AA AA 55 55 AA   117 .db 0X55,0XAA,0XAA,0X55,0X55,0XAA,0XAC,0X50
        AC 50
   038A 50 A0 C0 00 00 00   118 .db 0X50,0XA0,0XC0,0X00,0X00,0X00,0X00,0X00
        00 00
   0392 40 A0 C0 00 00 00   119 .db 0X40,0XA0,0XC0,0X00,0X00,0X00,0X00,0X00
        00 00
   039A 00 00 00 00 00 00   120 .db 0X00,0X00,0X00,0X00,0X00,0X00,0X00,0X00
        00 00
   03A2 01 01 01 01 01 01   121 .db 0X01,0X01,0X01,0X01,0X01,0X01,0X01,0X01
        01 01
   03AA 01 01 01 01 01 01   122 .db 0X01,0X01,0X01,0X01,0X01,0X01,0X01,0X01
        01 01
   03B2 3F 00 0F 00 03 00   123 .db 0X3F,0X00,0X0F,0X00,0X03,0X00,0X00,0X00
        00 00
   03BA 00 00 00 00 00 00   124 .db 0X00,0X00,0X00,0X00,0X00,0X00,0X00,0X00
        00 00
   03C2 FF 00 FF 00 FF 00   125 .db 0XFF,0X00,0XFF,0X00,0XFF,0X00,0XFE,0X01
        FE 01
   03CA FF 00 FB 04 FD 02   126 .db 0XFF,0X00,0XFB,0X04,0XFD,0X02,0XFA,0X04
        FA 04
   03D2 FD 02 FA 05 D5 2A   127 .db 0XFD,0X02,0XFA,0X05,0XD5,0X2A,0XE8,0X14
        E8 14
   03DA D8 20 80 40 80 00   128 .db 0XD8,0X20,0X80,0X40,0X80,0X00,0X00,0X00
        00 00
   03E2 58 A0 C0 00 80 00   129 .db 0X58,0XA0,0XC0,0X00,0X80,0X00,0X00,0X00
        00 00
   03EA 00 00 00 00 00 00   130 .db 0X00,0X00,0X00,0X00,0X00,0X00,0X00,0X00
        00 00
   03F2 00 00 00 00 00 00   131 .db 0X00,0X00,0X00,0X00,0X00,0X00,0X00,0X00
        00 00
   03FA 10 10 28 28 17 17   132 .db 0X10,0X10,0X28,0X28,0X17,0X17,0X08,0X08
        08 08
   0402 00 00 00 00 00 00   133 .db 0X00,0X00,0X00,0X00,0X00,0X00,0X00,0X00
        00 00
   040A 00 00 00 00 FF FF   134 .db 0X00,0X00,0X00,0X00,0XFF,0XFF,0X00,0X00
        00 00
   0412 3F 00 07 00 03 00   135 .db 0X3F,0X00,0X07,0X00,0X03,0X00,0X00,0X00
        00 00
   041A 00 00 00 00 FF FF   136 .db 0X00,0X00,0X00,0X00,0XFF,0XFF,0X00,0X00
        00 00
   0422 F8 00 E0 00 80 00   137 .db 0XF8,0X00,0XE0,0X00,0X80,0X00,0X00,0X00
        00 00
   042A 00 00 00 00 FF FF   138 .db 0X00,0X00,0X00,0X00,0XFF,0XFF,0X00,0X00
        00 00
   0432 01 01 01 01 01 01   139 .db 0X01,0X01,0X01,0X01,0X01,0X01,0X01,0X01
        01 01
   043A 01 01 01 01 FE FE   140 .db 0X01,0X01,0X01,0X01,0XFE,0XFE,0X00,0X00
        00 00
   0442 10 10 10 10 10 10   141 .db 0X10,0X10,0X10,0X10,0X10,0X10,0X10,0X10
        10 10
   044A 08 08 14 14 E8 E8   142 .db 0X08,0X08,0X14,0X14,0XE8,0XE8,0X10,0X10
        10 10
   0452 08 08 08 08 08 08   143 .db 0X08,0X08,0X08,0X08,0X08,0X08,0X08,0X08
        08 08
   045A 08 08 08 08 08 08   144 .db 0X08,0X08,0X08,0X08,0X08,0X08,0X08,0X08
        08 08
   0462 08 08 08 08 08 08   145 .db 0X08,0X08,0X08,0X08,0X08,0X08,0X17,0X17
        17 17
   046A 28 28 10 10 00 00   146 .db 0X28,0X28,0X10,0X10,0X00,0X00,0X00,0X00
        00 00
   0472 00 00 00 00 00 00   147 .db 0X00,0X00,0X00,0X00,0X00,0X00,0XFF,0XFF
        FF FF
   047A 00 00 00 00 00 00   148 .db 0X00,0X00,0X00,0X00,0X00,0X00,0X00,0X00
        00 00
   0482 10 10 10 10 10 10   149 .db 0X10,0X10,0X10,0X10,0X10,0X10,0XE8,0XE8
        E8 E8
   048A 14 14 08 08 00 00   150 .db 0X14,0X14,0X08,0X08,0X00,0X00,0X00,0X00
        00 00
                            151 .globl _box_close_gb_wchoice_tilemap
   0492 94 04               152 .dw _box_close_gb_wchoice_tilemap
   0494                     153 _box_close_gb_wchoice_tilemap:
   0494 00 00 00 00 00 00   154 .db 0X00,0X00,0X00,0X00,0X00,0X00,0X01,0X02
        01 02
   049C 03 00 00 00 00 00   155 .db 0X03,0X00,0X00,0X00,0X00,0X00,0X00,0X00
        00 00
   04A4 00 00 00 00 00 00   156 .db 0X00,0X00,0X00,0X00,0X00,0X00,0X04,0X05
        04 05
   04AC 06 07 08 09 0A 0B   157 .db 0X06,0X07,0X08,0X09,0X0A,0X0B,0X0C,0X0D
        0C 0D
   04B4 0E 03 00 00 00 00   158 .db 0X0E,0X03,0X00,0X00,0X00,0X00,0X00,0X00
        00 00
   04BC 00 0F 10 11 12 13   159 .db 0X00,0X0F,0X10,0X11,0X12,0X13,0X14,0X15
        14 15
   04C4 16 17 18 19 1A 1B   160 .db 0X16,0X17,0X18,0X19,0X1A,0X1B,0X00,0X00
        00 00
   04CC 00 00 00 00 00 0F   161 .db 0X00,0X00,0X00,0X00,0X00,0X0F,0X1C,0X1D
        1C 1D
   04D4 1E 1F 20 21 22 23   162 .db 0X1E,0X1F,0X20,0X21,0X22,0X23,0X24,0X25
        24 25
   04DC 26 27 00 00 00 00   163 .db 0X26,0X27,0X00,0X00,0X00,0X00,0X00,0X00
        00 00
   04E4 00 0F 1C 1C 1C 1C   164 .db 0X00,0X0F,0X1C,0X1C,0X1C,0X1C,0X1C,0X1C
        1C 1C
   04EC 1C 1C 1C 1C 1C 28   165 .db 0X1C,0X1C,0X1C,0X1C,0X1C,0X28,0X00,0X00
        00 00
   04F4 00 00 00 00 00 0F   166 .db 0X00,0X00,0X00,0X00,0X00,0X0F,0X1C,0X1C
        1C 1C
   04FC 1C 1C 1C 1C 1C 1C   167 .db 0X1C,0X1C,0X1C,0X1C,0X1C,0X1C,0X1C,0X1C
        1C 1C
   0504 1C 28 00 00 00 00   168 .db 0X1C,0X28,0X00,0X00,0X00,0X00,0X00,0X00
        00 00
   050C 00 0F 1C 1C 1C 1C   169 .db 0X00,0X0F,0X1C,0X1C,0X1C,0X1C,0X1C,0X1C
        1C 1C
   0514 1C 1C 1C 1C 1C 28   170 .db 0X1C,0X1C,0X1C,0X1C,0X1C,0X28,0X00,0X00
        00 00
   051C 00 00 00 00 00 0F   171 .db 0X00,0X00,0X00,0X00,0X00,0X0F,0X1C,0X1C
        1C 1C
   0524 1C 1C 1C 1C 1C 1C   172 .db 0X1C,0X1C,0X1C,0X1C,0X1C,0X1C,0X1C,0X1C
        1C 1C
   052C 1C 28 00 00 00 00   173 .db 0X1C,0X28,0X00,0X00,0X00,0X00,0X00,0X00
        00 00
   0534 00 0F 1C 1C 1C 1C   174 .db 0X00,0X0F,0X1C,0X1C,0X1C,0X1C,0X1C,0X1C
        1C 1C
   053C 1C 1C 1C 1C 1C 29   175 .db 0X1C,0X1C,0X1C,0X1C,0X1C,0X29,0X2A,0X2A
        2A 2A
   0544 2A 2A 2A 2B 00 0F   176 .db 0X2A,0X2A,0X2A,0X2B,0X00,0X0F,0X1C,0X1C
        1C 1C
   054C 1C 1C 1C 1C 1C 1C   177 .db 0X1C,0X1C,0X1C,0X1C,0X1C,0X1C,0X1C,0X1C
        1C 1C
   0554 2C 2D 00 00 00 00   178 .db 0X2C,0X2D,0X00,0X00,0X00,0X00,0X00,0X2E
        00 2E
   055C 00 2F 30 1C 1C 1C   179 .db 0X00,0X2F,0X30,0X1C,0X1C,0X1C,0X1C,0X1C
        1C 1C
   0564 1C 1C 31 32 33 34   180 .db 0X1C,0X1C,0X31,0X32,0X33,0X34,0X00,0X00
        00 00
   056C 00 00 00 2E 00 00   181 .db 0X00,0X00,0X00,0X2E,0X00,0X00,0X00,0X35
        00 35
   0574 36 1C 1C 1C 1C 31   182 .db 0X36,0X1C,0X1C,0X1C,0X1C,0X31,0X37,0X38
        37 38
   057C 39 3A 00 00 00 00   183 .db 0X39,0X3A,0X00,0X00,0X00,0X00,0X00,0X2E
        00 2E
   0584 00 00 00 00 00 3B   184 .db 0X00,0X00,0X00,0X00,0X00,0X3B,0X36,0X1C
        36 1C
   058C 3C 3D 3E 00 00 3A   185 .db 0X3C,0X3D,0X3E,0X00,0X00,0X3A,0X00,0X00
        00 00
   0594 00 00 00 2E 3F 40   186 .db 0X00,0X00,0X00,0X2E,0X3F,0X40,0X40,0X40
        40 40
   059C 40 40 40 41 42 40   187 .db 0X40,0X40,0X40,0X41,0X42,0X40,0X40,0X40
        40 40
   05A4 40 43 40 40 40 40   188 .db 0X40,0X43,0X40,0X40,0X40,0X40,0X40,0X44
        40 44
   05AC 45 00 00 00 00 00   189 .db 0X45,0X00,0X00,0X00,0X00,0X00,0X00,0X00
        00 00
   05B4 00 00 00 00 00 00   190 .db 0X00,0X00,0X00,0X00,0X00,0X00,0X00,0X00
        00 00
   05BC 00 00 00 2E 45 00   191 .db 0X00,0X00,0X00,0X2E,0X45,0X00,0X00,0X00
        00 00
   05C4 00 00 00 00 00 00   192 .db 0X00,0X00,0X00,0X00,0X00,0X00,0X00,0X00
        00 00
   05CC 00 00 00 00 00 00   193 .db 0X00,0X00,0X00,0X00,0X00,0X00,0X00,0X2E
        00 2E
   05D4 45 00 00 00 00 00   194 .db 0X45,0X00,0X00,0X00,0X00,0X00,0X00,0X00
        00 00
   05DC 00 00 00 00 00 00   195 .db 0X00,0X00,0X00,0X00,0X00,0X00,0X00,0X00
        00 00
   05E4 00 00 00 2E 46 47   196 .db 0X00,0X00,0X00,0X2E,0X46,0X47,0X47,0X47
        47 47
   05EC 47 47 47 47 47 47   197 .db 0X47,0X47,0X47,0X47,0X47,0X47,0X47,0X47
        47 47
   05F4 47 47 47 47 47 47   198 .db 0X47,0X47,0X47,0X47,0X47,0X47,0X47,0X48
        47 48
ASxxxx Assembler V01.75  (GameBoy Z80-like CPU), page 1.

Symbol Table

  1 _box_close_gb_wchoice_tiledata     0002 GR
  1 _box_close_gb_wchoice_tilemap      0494 GR

ASxxxx Assembler V01.75  (GameBoy Z80-like CPU), page 2.

Area Table

   0 _CODE                              size    0   flags 0
   1 _CODE_1                            size  5FC   flags 0
