                              1 .area _CODE_1
                              2 .globl _title_screen_gb_tiledata
   0000 02 00                 3 .dw _title_screen_gb_tiledata
   0002                       4 _title_screen_gb_tiledata:
   0002 00 00 00 00 00 00     5 .db 0X00,0X00,0X00,0X00,0X00,0X00,0X00,0X00
        00 00
   000A 00 00 00 00 00 00     6 .db 0X00,0X00,0X00,0X00,0X00,0X00,0X00,0X00
        00 00
   0012 00 00 00 00 00 00     7 .db 0X00,0X00,0X00,0X00,0X00,0X00,0X00,0X00
        00 00
   001A 00 00 00 00 00 00     8 .db 0X00,0X00,0X00,0X00,0X00,0X00,0X05,0X00
        05 00
   0022 00 00 00 00 00 00     9 .db 0X00,0X00,0X00,0X00,0X00,0X00,0X00,0X00
        00 00
   002A 00 00 00 00 2B 00    10 .db 0X00,0X00,0X00,0X00,0X2B,0X00,0XE8,0X17
        E8 17
   0032 00 00 00 00 00 00    11 .db 0X00,0X00,0X00,0X00,0X00,0X00,0X00,0X00
        00 00
   003A 00 00 00 00 FF 00    12 .db 0X00,0X00,0X00,0X00,0XFF,0X00,0X02,0XFD
        02 FD
   0042 00 00 00 00 00 00    13 .db 0X00,0X00,0X00,0X00,0X00,0X00,0X00,0X00
        00 00
   004A 00 00 00 00 A0 00    14 .db 0X00,0X00,0X00,0X00,0XA0,0X00,0XAB,0X54
        AB 54
   0052 00 00 00 00 00 00    15 .db 0X00,0X00,0X00,0X00,0X00,0X00,0X00,0X00
        00 00
   005A 00 00 00 00 00 00    16 .db 0X00,0X00,0X00,0X00,0X00,0X00,0XC0,0X00
        C0 00
   0062 00 00 00 00 00 00    17 .db 0X00,0X00,0X00,0X00,0X00,0X00,0X01,0X00
        01 00
   006A 01 00 00 01 00 01    18 .db 0X01,0X00,0X00,0X01,0X00,0X01,0X01,0X01
        01 01
   0072 3C 03 FF 01 9E E0    19 .db 0X3C,0X03,0XFF,0X01,0X9E,0XE0,0XCF,0XF0
        CF F0
   007A 96 E8 4D F0 8E F0    20 .db 0X96,0XE8,0X4D,0XF0,0X8E,0XF0,0X4D,0XF0
        4D F0
   0082 2B FF 7F FF FD 02    21 .db 0X2B,0XFF,0X7F,0XFF,0XFD,0X02,0XFF,0X00
        FF 00
   008A C2 3F A5 5F C2 3F    22 .db 0XC2,0X3F,0XA5,0X5F,0XC2,0X3F,0XA5,0X5F
        A5 5F
   0092 AA FF D5 FF 57 A8    23 .db 0XAA,0XFF,0XD5,0XFF,0X57,0XA8,0XFF,0X00
        FF 00
   009A AA FF 7F FF AF FF    24 .db 0XAA,0XFF,0X7F,0XFF,0XAF,0XFF,0X5F,0XFF
        5F FF
   00A2 A1 FE 52 FD FB 00    25 .db 0XA1,0XFE,0X52,0XFD,0XFB,0X00,0XE1,0X1F
        E1 1F
   00AA FF FF FF FF FF FF    26 .db 0XFF,0XFF,0XFF,0XFF,0XFF,0XFF,0XFF,0XFF
        FF FF
   00B2 40 A0 A0 50 C0 38    27 .db 0X40,0XA0,0XA0,0X50,0XC0,0X38,0XF0,0XF8
        F0 F8
   00BA F8 F8 FC F8 FC F8    28 .db 0XF8,0XF8,0XFC,0XF8,0XFC,0XF8,0XF8,0XFC
        F8 FC
   00C2 00 00 00 00 00 00    29 .db 0X00,0X00,0X00,0X00,0X00,0X00,0X00,0X00
        00 00
   00CA 00 00 05 03 3F 0F    30 .db 0X00,0X00,0X05,0X03,0X3F,0X0F,0XFC,0X7F
        FC 7F
   00D2 00 00 00 00 00 00    31 .db 0X00,0X00,0X00,0X00,0X00,0X00,0X19,0X07
        19 07
   00DA BF 7F F4 FF 87 F8    32 .db 0XBF,0X7F,0XF4,0XFF,0X87,0XF8,0XD5,0X00
        D5 00
   00E2 00 00 01 00 CB 3F    33 .db 0X00,0X00,0X01,0X00,0XCB,0X3F,0XFF,0XFF
        FF FF
   00EA AA FF 2F D0 BD 02    34 .db 0XAA,0XFF,0X2F,0XD0,0XBD,0X02,0X87,0X7F
        87 7F
   00F2 00 00 6A 15 FF FF    35 .db 0X00,0X00,0X6A,0X15,0XFF,0XFF,0XD5,0XFF
        D5 FF
   00FA AA FF EA 15 00 FF    36 .db 0XAA,0XFF,0XEA,0X15,0X00,0XFF,0XFF,0XFF
        FF FF
   0102 00 00 AB 54 FF FF    37 .db 0X00,0X00,0XAB,0X54,0XFF,0XFF,0X55,0XFF
        55 FF
   010A AA FF A8 57 2A FF    38 .db 0XAA,0XFF,0XA8,0X57,0X2A,0XFF,0XFF,0XFF
        FF FF
   0112 08 00 F4 1E EA FF    39 .db 0X08,0X00,0XF4,0X1E,0XEA,0XFF,0XFD,0XFF
        FD FF
   011A BF FF 15 FF 8B FF    40 .db 0XBF,0XFF,0X15,0XFF,0X8B,0XFF,0XFF,0XFF
        FF FF
   0122 00 00 00 00 00 00    41 .db 0X00,0X00,0X00,0X00,0X00,0X00,0X00,0X00
        00 00
   012A 00 80 00 80 00 80    42 .db 0X00,0X80,0X00,0X80,0X00,0X80,0X00,0X00
        00 00
   0132 02 01 03 01 00 03    43 .db 0X02,0X01,0X03,0X01,0X00,0X03,0X03,0X01
        03 01
   013A 00 03 01 03 00 03    44 .db 0X00,0X03,0X01,0X03,0X00,0X03,0X01,0X03
        01 03
   0142 9A E0 0D F0 9A E0    45 .db 0X9A,0XE0,0X0D,0XF0,0X9A,0XE0,0X0D,0XF0
        0D F0
   014A 9A E0 05 F0 9A E0    46 .db 0X9A,0XE0,0X05,0XF0,0X9A,0XE0,0X05,0XF0
        05 F0
   0152 C2 3F A5 5F C2 3F    47 .db 0XC2,0X3F,0XA5,0X5F,0XC2,0X3F,0XA5,0X5F
        A5 5F
   015A C2 3F 85 7F C2 3F    48 .db 0XC2,0X3F,0X85,0X7F,0XC2,0X3F,0X85,0X7F
        85 7F
   0162 AE FF 55 FF AB FF    49 .db 0XAE,0XFF,0X55,0XFF,0XAB,0XFF,0X55,0XFF
        55 FF
   016A AA FF 57 FF AB FF    50 .db 0XAA,0XFF,0X57,0XFF,0XAB,0XFF,0X57,0XFF
        57 FF
   0172 FF FF FF FF FF FF    51 .db 0XFF,0XFF,0XFF,0XFF,0XFF,0XFF,0XFF,0XFF
        FF FF
   017A FF FF FF FF FF FF    52 .db 0XFF,0XFF,0XFF,0XFF,0XFF,0XFF,0XFF,0XFF
        FF FF
   0182 F8 FC FC FC FE FC    53 .db 0XF8,0XFC,0XFC,0XFC,0XFE,0XFC,0XFC,0XFC
        FC FC
   018A FE FC FE FC FE FC    54 .db 0XFE,0XFC,0XFE,0XFC,0XFE,0XFC,0XFE,0XFC
        FE FC
   0192 00 00 00 00 00 00    55 .db 0X00,0X00,0X00,0X00,0X00,0X00,0X00,0X00
        00 00
   019A 00 01 05 03 06 0F    56 .db 0X00,0X01,0X05,0X03,0X06,0X0F,0X20,0X1F
        20 1F
   01A2 02 01 0F 07 2E 1F    57 .db 0X02,0X01,0X0F,0X07,0X2E,0X1F,0X73,0X7C
        73 7C
   01AA E6 F8 34 C0 6B 80    58 .db 0XE6,0XF8,0X34,0XC0,0X6B,0X80,0XC6,0X01
        C6 01
   01B2 E6 F8 35 C0 63 80    59 .db 0XE6,0XF8,0X35,0XC0,0X63,0X80,0X59,0X07
        59 07
   01BA 3B 0F 5F 3F 3F FF    60 .db 0X3B,0X0F,0X5F,0X3F,0X3F,0XFF,0X7F,0XFF
        7F FF
   01C2 AC 03 77 1F 3F FF    61 .db 0XAC,0X03,0X77,0X1F,0X3F,0XFF,0XFF,0XFF
        FF FF
   01CA FF FF FF FF FC FE    62 .db 0XFF,0XFF,0XFF,0XFF,0XFC,0XFE,0XF4,0XF8
        F4 F8
   01D2 FF FF FF FF FE FF    63 .db 0XFF,0XFF,0XFF,0XFF,0XFE,0XFF,0XFA,0XFC
        FA FC
   01DA F8 E0 40 80 00 00    64 .db 0XF8,0XE0,0X40,0X80,0X00,0X00,0X00,0X00
        00 00
   01E2 FE FF FC F0 60 80    65 .db 0XFE,0XFF,0XFC,0XF0,0X60,0X80,0X00,0X00
        00 00
   01EA 00 00 00 00 00 00    66 .db 0X00,0X00,0X00,0X00,0X00,0X00,0X00,0X00
        00 00
   01F2 68 80 00 00 00 00    67 .db 0X68,0X80,0X00,0X00,0X00,0X00,0X00,0X00
        00 00
   01FA 00 00 00 00 00 00    68 .db 0X00,0X00,0X00,0X00,0X00,0X00,0X00,0X00
        00 00
   0202 00 0E 00 00 00 00    69 .db 0X00,0X0E,0X00,0X00,0X00,0X00,0X00,0X00
        00 00
   020A 00 00 00 00 00 00    70 .db 0X00,0X00,0X00,0X00,0X00,0X00,0X00,0X00
        00 00
   0212 02 03 01 03 02 03    71 .db 0X02,0X03,0X01,0X03,0X02,0X03,0X01,0X03
        01 03
   021A 02 03 01 03 02 03    72 .db 0X02,0X03,0X01,0X03,0X02,0X03,0X01,0X03
        01 03
   0222 9A E0 05 F0 9A E0    73 .db 0X9A,0XE0,0X05,0XF0,0X9A,0XE0,0X15,0XE0
        15 E0
   022A 9A E0 05 F0 9A E0    74 .db 0X9A,0XE0,0X05,0XF0,0X9A,0XE0,0X05,0XF0
        05 F0
   0232 C2 3F 85 7F C2 3F    75 .db 0XC2,0X3F,0X85,0X7F,0XC2,0X3F,0X85,0X7F
        85 7F
   023A C2 3F 85 7F C2 3F    76 .db 0XC2,0X3F,0X85,0X7F,0XC2,0X3F,0X85,0X7F
        85 7F
   0242 AF FF 57 FF AF FF    77 .db 0XAF,0XFF,0X57,0XFF,0XAF,0XFF,0X5F,0XFF
        5F FF
   024A BF FF 5F FF BF FF    78 .db 0XBF,0XFF,0X5F,0XFF,0XBF,0XFF,0X5F,0XFF
        5F FF
   0252 FC FE FE FC FC FE    79 .db 0XFC,0XFE,0XFE,0XFC,0XFC,0XFE,0XFE,0XFC
        FE FC
   025A FC FE FE FC FC FE    80 .db 0XFC,0XFE,0XFE,0XFC,0XFC,0XFE,0XFE,0XFC
        FE FC
   0262 00 00 00 00 00 00    81 .db 0X00,0X00,0X00,0X00,0X00,0X00,0X00,0X00
        00 00
   026A 00 00 00 00 00 00    82 .db 0X00,0X00,0X00,0X00,0X00,0X00,0X01,0X00
        01 00
   0272 00 00 01 00 00 03    83 .db 0X00,0X00,0X01,0X00,0X00,0X03,0X01,0X07
        01 07
   027A 19 0E 33 1C A7 78    84 .db 0X19,0X0E,0X33,0X1C,0XA7,0X78,0X4F,0XF0
        4F F0
   0282 23 78 48 F0 9A E0    85 .db 0X23,0X78,0X48,0XF0,0X9A,0XE0,0X3D,0XC0
        3D C0
   028A 7E 80 FE 01 F8 07    86 .db 0X7E,0X80,0XFE,0X01,0XF8,0X07,0XE1,0X1F
        E1 1F
   0292 8F 03 17 0F 8F 3F    87 .db 0X8F,0X03,0X17,0X0F,0X8F,0X3F,0X1F,0X7F
        1F 7F
   029A 3F FF 1F FF 2F FF    88 .db 0X3F,0XFF,0X1F,0XFF,0X2F,0XFF,0X5F,0XFF
        5F FF
   02A2 FF FF FF FF FF FF    89 .db 0XFF,0XFF,0XFF,0XFF,0XFF,0XFF,0XFF,0XFE
        FF FE
   02AA FE FC FC F8 E8 F0    90 .db 0XFE,0XFC,0XFC,0XF8,0XE8,0XF0,0XC0,0XE0
        C0 E0
   02B2 F0 E0 80 C0 00 80    91 .db 0XF0,0XE0,0X80,0XC0,0X00,0X80,0X00,0X00
        00 00
   02BA 00 00 00 00 00 00    92 .db 0X00,0X00,0X00,0X00,0X00,0X00,0X00,0X00
        00 00
   02C2 02 03 01 03 00 03    93 .db 0X02,0X03,0X01,0X03,0X00,0X03,0X01,0X03
        01 03
   02CA 00 03 03 01 01 03    94 .db 0X00,0X03,0X03,0X01,0X01,0X03,0X03,0X01
        03 01
   02D2 9A E0 05 F0 9A E0    95 .db 0X9A,0XE0,0X05,0XF0,0X9A,0XE0,0X0D,0XF0
        0D F0
   02DA 9A E0 4D F0 9A E0    96 .db 0X9A,0XE0,0X4D,0XF0,0X9A,0XE0,0X4F,0XF0
        4F F0
   02E2 CA 3F 85 7F C2 3F    97 .db 0XCA,0X3F,0X85,0X7F,0XC2,0X3F,0X85,0X7F
        85 7F
   02EA C2 3F 85 7F C2 3F    98 .db 0XC2,0X3F,0X85,0X7F,0XC2,0X3F,0X85,0X7F
        85 7F
   02F2 BF FF 7F FF FF FF    99 .db 0XBF,0XFF,0X7F,0XFF,0XFF,0XFF,0XFF,0XFF
        FF FF
   02FA BF FF FF FF FF FF   100 .db 0XBF,0XFF,0XFF,0XFF,0XFF,0XFF,0XFF,0XFF
        FF FF
   0302 FC FE FE FC FC FE   101 .db 0XFC,0XFE,0XFE,0XFC,0XFC,0XFE,0XFE,0XFC
        FE FC
   030A FE FC FE FC FE FC   102 .db 0XFE,0XFC,0XFE,0XFC,0XFE,0XFC,0XFC,0XFC
        FC FC
   0312 00 00 00 00 00 00   103 .db 0X00,0X00,0X00,0X00,0X00,0X00,0X00,0X00
        00 00
   031A 00 00 00 01 02 03   104 .db 0X00,0X00,0X00,0X01,0X02,0X03,0X0D,0X07
        0D 07
   0322 00 03 01 07 1A 0F   105 .db 0X00,0X03,0X01,0X07,0X1A,0X0F,0X14,0X3F
        14 3F
   032A A5 7A 4B F4 97 E8   106 .db 0XA5,0X7A,0X4B,0XF4,0X97,0XE8,0X2F,0XD0
        2F D0
   0332 9F E0 3F C0 7B 80   107 .db 0X9F,0XE0,0X3F,0XC0,0X7B,0X80,0XF6,0X01
        F6 01
   033A 6C 83 D9 07 F2 0F   108 .db 0X6C,0X83,0XD9,0X07,0XF2,0X0F,0XE5,0X1F
        E5 1F
   0342 CA 3F 95 7F 2B FF   109 .db 0XCA,0X3F,0X95,0X7F,0X2B,0XFF,0X57,0XFF
        57 FF
   034A AF FF 5F FF BF FF   110 .db 0XAF,0XFF,0X5F,0XFF,0XBF,0XFF,0X7F,0XFF
        7F FF
   0352 BF FF FF FF FE FF   111 .db 0XBF,0XFF,0XFF,0XFF,0XFE,0XFF,0XF4,0XFE
        F4 FE
   035A F8 FC F0 F8 E0 F0   112 .db 0XF8,0XFC,0XF0,0XF8,0XE0,0XF0,0XD0,0XE0
        D0 E0
   0362 80 C0 00 80 00 00   113 .db 0X80,0XC0,0X00,0X80,0X00,0X00,0X00,0X00
        00 00
   036A 00 00 00 00 00 00   114 .db 0X00,0X00,0X00,0X00,0X00,0X00,0X00,0X00
        00 00
   0372 02 01 01 01 02 01   115 .db 0X02,0X01,0X01,0X01,0X02,0X01,0X01,0X01
        01 01
   037A 00 01 00 01 01 00   116 .db 0X00,0X01,0X00,0X01,0X01,0X00,0X01,0X00
        01 00
   0382 87 F8 4F F0 87 F8   117 .db 0X87,0XF8,0X4F,0XF0,0X87,0XF8,0X4F,0XF0
        4F F0
   038A A7 F8 43 FC A5 FA   118 .db 0XA7,0XF8,0X43,0XFC,0XA5,0XFA,0X42,0XFD
        42 FD
   0392 C2 3F A5 5F C2 3F   119 .db 0XC2,0X3F,0XA5,0X5F,0XC2,0X3F,0XA5,0X5F
        A5 5F
   039A CA 3F 85 7F 43 BF   120 .db 0XCA,0X3F,0X85,0X7F,0X43,0XBF,0XA5,0X5F
        A5 5F
   03A2 FF FF FF FF FF FF   121 .db 0XFF,0XFF,0XFF,0XFF,0XFF,0XFF,0XFF,0XFF
        FF FF
   03AA FF FF FF FF EF FF   122 .db 0XFF,0XFF,0XFF,0XFF,0XEF,0XFF,0XF7,0XFF
        F7 FF
   03B2 FE FC FC FC FC FE   123 .db 0XFE,0XFC,0XFC,0XFC,0XFC,0XFE,0XFE,0XFF
        FE FF
   03BA FF FF FF FF FE FF   124 .db 0XFF,0XFF,0XFF,0XFF,0XFE,0XFF,0XFF,0XFF
        FF FF
   03C2 00 00 00 00 00 03   125 .db 0X00,0X00,0X00,0X00,0X00,0X03,0XE5,0X1F
        E5 1F
   03CA E8 FF 40 FF 85 FA   126 .db 0XE8,0XFF,0X40,0XFF,0X85,0XFA,0X2A,0XD5
        2A D5
   03D2 08 3F D2 7D 85 FA   127 .db 0X08,0X3F,0XD2,0X7D,0X85,0XFA,0X0F,0XF0
        0F F0
   03DA 5F A0 BF 40 FF 00   128 .db 0X5F,0XA0,0XBF,0X40,0XFF,0X00,0XFA,0X05
        FA 05
   03E2 7F 80 F6 01 FC 03   129 .db 0X7F,0X80,0XF6,0X01,0XFC,0X03,0XF9,0X07
        F9 07
   03EA D2 2F A5 5F 0A FF   130 .db 0XD2,0X2F,0XA5,0X5F,0X0A,0XFF,0X57,0XFF
        57 FF
   03F2 4B BF 57 FF AF FF   131 .db 0X4B,0XBF,0X57,0XFF,0XAF,0XFF,0X5F,0XFF
        5F FF
   03FA BF FF 7F FF FF FF   132 .db 0XBF,0XFF,0X7F,0XFF,0XFF,0XFF,0XFF,0XFF
        FF FF
   0402 FF FF FF FF FF FF   133 .db 0XFF,0XFF,0XFF,0XFF,0XFF,0XFF,0XFE,0XFF
        FE FF
   040A FC FE F8 FC F0 F8   134 .db 0XFC,0XFE,0XF8,0XFC,0XF0,0XF8,0XE0,0XF0
        E0 F0
   0412 E0 C0 C0 80 80 00   135 .db 0XE0,0XC0,0XC0,0X80,0X80,0X00,0X00,0X00
        00 00
   041A 00 00 00 00 00 00   136 .db 0X00,0X00,0X00,0X00,0X00,0X00,0X00,0X00
        00 00
   0422 A1 FE 50 FF 28 FF   137 .db 0XA1,0XFE,0X50,0XFF,0X28,0XFF,0X50,0X7F
        50 7F
   042A 28 7F 55 3F 2A 3F   138 .db 0X28,0X7F,0X55,0X3F,0X2A,0X3F,0X35,0X1F
        35 1F
   0432 43 BF 85 7F 03 FF   139 .db 0X43,0XBF,0X85,0X7F,0X03,0XFF,0X05,0XFF
        05 FF
   043A 0A FF 55 FF AA FF   140 .db 0X0A,0XFF,0X55,0XFF,0XAA,0XFF,0X55,0XFF
        55 FF
   0442 FF FF F7 FF BF FF   141 .db 0XFF,0XFF,0XF7,0XFF,0XBF,0XFF,0X5F,0XFF
        5F FF
   044A BF FF 5F FF BF FF   142 .db 0XBF,0XFF,0X5F,0XFF,0XBF,0XFF,0X7F,0XFF
        7F FF
   0452 FE FF FC FF FE FF   143 .db 0XFE,0XFF,0XFC,0XFF,0XFE,0XFF,0XFD,0XFF
        FD FF
   045A FE FF FF FF FF FF   144 .db 0XFE,0XFF,0XFF,0XFF,0XFF,0XFF,0XFF,0XFF
        FF FF
   0462 57 A8 2F D0 15 EA   145 .db 0X57,0XA8,0X2F,0XD0,0X15,0XEA,0X01,0XFF
        01 FF
   046A AA FF D5 FF FF FF   146 .db 0XAA,0XFF,0XD5,0XFF,0XFF,0XFF,0XFF,0XFF
        FF FF
   0472 F4 0B A1 5F 0A FF   147 .db 0XF4,0X0B,0XA1,0X5F,0X0A,0XFF,0X55,0XFF
        55 FF
   047A BF FF FF FF FF FF   148 .db 0XBF,0XFF,0XFF,0XFF,0XFF,0XFF,0XFF,0XFF
        FF FF
   0482 AF FF 7F FF FF FF   149 .db 0XAF,0XFF,0X7F,0XFF,0XFF,0XFF,0XFF,0XFF
        FF FF
   048A FF FF FF FF FF FF   150 .db 0XFF,0XFF,0XFF,0XFF,0XFF,0XFF,0XFF,0XFF
        FF FF
   0492 FF FF FF FF FF FF   151 .db 0XFF,0XFF,0XFF,0XFF,0XFF,0XFF,0XFE,0XFF
        FE FF
   049A FA FC F4 F8 E8 F0   152 .db 0XFA,0XFC,0XF4,0XF8,0XE8,0XF0,0XC0,0XE0
        C0 E0
   04A2 C0 E0 80 C0 00 80   153 .db 0XC0,0XE0,0X80,0XC0,0X00,0X80,0X00,0X00
        00 00
   04AA 00 00 00 00 00 00   154 .db 0X00,0X00,0X00,0X00,0X00,0X00,0X00,0X00
        00 00
   04B2 0A 1F 15 0F 06 0F   155 .db 0X0A,0X1F,0X15,0X0F,0X06,0X0F,0X07,0X07
        07 07
   04BA 03 03 01 01 00 00   156 .db 0X03,0X03,0X01,0X01,0X00,0X00,0X00,0X00
        00 00
   04C2 AA FF 55 FF BF FF   157 .db 0XAA,0XFF,0X55,0XFF,0XBF,0XFF,0XFF,0XFF
        FF FF
   04CA FF FF FF FF FF FF   158 .db 0XFF,0XFF,0XFF,0XFF,0XFF,0XFF,0X7F,0X7F
        7F 7F
   04D2 FF FF FF FF FF FF   159 .db 0XFF,0XFF,0XFF,0XFF,0XFF,0XFF,0XFF,0XFF
        FF FF
   04DA FF FF FF FF FF FF   160 .db 0XFF,0XFF,0XFF,0XFF,0XFF,0XFF,0XFD,0XFE
        FD FE
   04E2 FF FF FF FF FC FE   161 .db 0XFF,0XFF,0XFF,0XFF,0XFC,0XFE,0XF8,0XFC
        F8 FC
   04EA E8 F0 E0 C0 00 80   162 .db 0XE8,0XF0,0XE0,0XC0,0X00,0X80,0X00,0X00
        00 00
   04F2 C0 80 80 00 00 00   163 .db 0XC0,0X80,0X80,0X00,0X00,0X00,0X00,0X00
        00 00
   04FA 00 00 00 00 00 00   164 .db 0X00,0X00,0X00,0X00,0X00,0X00,0X00,0X00
        00 00
   0502 1F 3F 17 0F 05 03   165 .db 0X1F,0X3F,0X17,0X0F,0X05,0X03,0X01,0X00
        01 00
   050A 00 00 00 00 00 00   166 .db 0X00,0X00,0X00,0X00,0X00,0X00,0X00,0X00
        00 00
   0512 FF FF FF FF FF FF   167 .db 0XFF,0XFF,0XFF,0XFF,0XFF,0XFF,0XFF,0X7F
        FF 7F
   051A 33 0F 01 00 00 00   168 .db 0X33,0X0F,0X01,0X00,0X00,0X00,0X00,0X00
        00 00
   0522 FF FF FF FF FF FF   169 .db 0XFF,0XFF,0XFF,0XFF,0XFF,0XFF,0XFF,0XFF
        FF FF
   052A FF FF E8 17 00 00   170 .db 0XFF,0XFF,0XE8,0X17,0X00,0X00,0X00,0X00
        00 00
   0532 FF FF FF FF FF FF   171 .db 0XFF,0XFF,0XFF,0XFF,0XFF,0XFF,0XFF,0XFF
        FF FF
   053A FE FF 34 C0 00 00   172 .db 0XFE,0XFF,0X34,0XC0,0X00,0X00,0X00,0X00
        00 00
   0542 FF FF FF FF FE FF   173 .db 0XFF,0XFF,0XFF,0XFF,0XFE,0XFF,0XF0,0XFC
        F0 FC
   054A 60 80 00 00 00 00   174 .db 0X60,0X80,0X00,0X00,0X00,0X00,0X00,0X00
        00 00
   0552 F0 F8 D0 E0 00 80   175 .db 0XF0,0XF8,0XD0,0XE0,0X00,0X80,0X00,0X00
        00 00
   055A 00 00 00 00 00 00   176 .db 0X00,0X00,0X00,0X00,0X00,0X00,0X00,0X00
        00 00
   0562 00 00 00 00 09 06   177 .db 0X00,0X00,0X00,0X00,0X09,0X06,0X07,0X19
        07 19
   056A 30 21 41 41 C3 82   178 .db 0X30,0X21,0X41,0X41,0XC3,0X82,0X06,0X84
        06 84
   0572 00 00 00 00 00 00   179 .db 0X00,0X00,0X00,0X00,0X00,0X00,0X00,0X00
        00 00
   057A 80 00 00 00 00 00   180 .db 0X80,0X00,0X00,0X00,0X00,0X00,0X00,0X00
        00 00
   0582 00 00 00 00 00 00   181 .db 0X00,0X00,0X00,0X00,0X00,0X00,0X00,0X00
        00 00
   058A 00 00 02 06 00 02   182 .db 0X00,0X00,0X02,0X06,0X00,0X02,0X00,0X00
        00 00
   0592 00 00 00 00 00 00   183 .db 0X00,0X00,0X00,0X00,0X00,0X00,0XC0,0X00
        C0 00
   059A 00 80 00 00 00 00   184 .db 0X00,0X80,0X00,0X00,0X00,0X00,0X00,0X00
        00 00
   05A2 00 00 00 00 00 00   185 .db 0X00,0X00,0X00,0X00,0X00,0X00,0X00,0X00
        00 00
   05AA 00 00 00 00 01 02   186 .db 0X00,0X00,0X00,0X00,0X01,0X02,0X01,0X01
        01 01
   05B2 00 00 00 00 00 00   187 .db 0X00,0X00,0X00,0X00,0X00,0X00,0X00,0X00
        00 00
   05BA 40 40 00 C0 80 E0   188 .db 0X40,0X40,0X00,0XC0,0X80,0XE0,0X60,0X80
        60 80
   05C2 00 00 00 00 00 00   189 .db 0X00,0X00,0X00,0X00,0X00,0X00,0X00,0X00
        00 00
   05CA 40 00 40 40 00 00   190 .db 0X40,0X00,0X40,0X40,0X00,0X00,0X00,0X00
        00 00
   05D2 00 01 02 01 01 02   191 .db 0X00,0X01,0X02,0X01,0X01,0X02,0X01,0X02
        01 02
   05DA 02 02 00 03 00 01   192 .db 0X02,0X02,0X00,0X03,0X00,0X01,0X00,0X00
        00 00
   05E2 08 08 01 01 01 02   193 .db 0X08,0X08,0X01,0X01,0X01,0X02,0X03,0X03
        03 03
   05EA 06 02 04 0E 00 FB   194 .db 0X06,0X02,0X04,0X0E,0X00,0XFB,0X41,0X00
        41 00
   05F2 00 C3 A0 46 88 44   195 .db 0X00,0XC3,0XA0,0X46,0X88,0X44,0X00,0X88
        00 88
   05FA 18 08 30 18 00 EF   196 .db 0X18,0X08,0X30,0X18,0X00,0XEF,0XC6,0X00
        C6 00
   0602 80 80 80 4C 18 08   197 .db 0X80,0X80,0X80,0X4C,0X18,0X08,0X18,0X10
        18 10
   060A 30 32 40 76 BC 98   198 .db 0X30,0X32,0X40,0X76,0XBC,0X98,0X10,0X00
        10 00
   0612 00 00 01 02 07 02   199 .db 0X00,0X00,0X01,0X02,0X07,0X02,0X07,0X07
        07 07
   061A 06 0A 06 04 00 04   200 .db 0X06,0X0A,0X06,0X04,0X00,0X04,0X00,0X00
        00 00
   0622 20 00 00 70 E0 90   201 .db 0X20,0X00,0X00,0X70,0XE0,0X90,0X10,0X20
        10 20
   062A 2D 20 75 08 20 70   202 .db 0X2D,0X20,0X75,0X08,0X20,0X70,0X40,0X00
        40 00
   0632 00 30 58 50 61 90   203 .db 0X00,0X30,0X58,0X50,0X61,0X90,0X83,0XE1
        83 E1
   063A 86 82 0C 84 80 FB   204 .db 0X86,0X82,0X0C,0X84,0X80,0XFB,0X72,0X01
        72 01
   0642 40 81 01 C2 86 C2   205 .db 0X40,0X81,0X01,0XC2,0X86,0XC2,0X06,0X44
        06 44
   064A 2C 4C 1C 74 40 E7   206 .db 0X2C,0X4C,0X1C,0X74,0X40,0XE7,0X82,0X00
        82 00
   0652 00 00 00 00 00 00   207 .db 0X00,0X00,0X00,0X00,0X00,0X00,0X00,0X00
        00 00
   065A 61 00 C0 40 00 80   208 .db 0X61,0X00,0XC0,0X40,0X00,0X80,0X00,0X00
        00 00
   0662 2A 04 30 3F 30 61   209 .db 0X2A,0X04,0X30,0X3F,0X30,0X61,0X41,0XE1
        41 E1
   066A 23 C0 44 43 47 BE   210 .db 0X23,0XC0,0X44,0X43,0X47,0XBE,0X0C,0X90
        0C 90
   0672 01 0E 38 10 20 22   211 .db 0X01,0X0E,0X38,0X10,0X20,0X22,0X44,0X42
        44 42
   067A 86 44 88 CD 0A 7F   212 .db 0X86,0X44,0X88,0XCD,0X0A,0X7F,0X74,0X00
        74 00
   0682 10 08 00 18 28 18   213 .db 0X10,0X08,0X00,0X18,0X28,0X18,0X4C,0X20
        4C 20
   068A 44 C9 0D 86 08 7C   214 .db 0X44,0XC9,0X0D,0X86,0X08,0X7C,0X60,0X10
        60 10
   0692 00 00 00 01 00 03   215 .db 0X00,0X00,0X00,0X01,0X00,0X03,0X02,0X06
        02 06
   069A 0C 06 04 00 04 03   216 .db 0X0C,0X06,0X04,0X00,0X04,0X03,0X00,0X00
        00 00
   06A2 00 00 10 08 08 10   217 .db 0X00,0X00,0X10,0X08,0X08,0X10,0X30,0X11
        30 11
   06AA 63 22 87 64 A1 38   218 .db 0X63,0X22,0X87,0X64,0XA1,0X38,0X10,0X00
        10 00
   06B2 04 00 54 4C 80 F4   219 .db 0X04,0X00,0X54,0X4C,0X80,0XF4,0XE4,0XC4
        E4 C4
   06BA 85 C8 80 8B 8A 0C   220 .db 0X85,0XC8,0X80,0X8B,0X8A,0X0C,0X08,0X00
        08 00
   06C2 00 00 01 01 01 03   221 .db 0X00,0X00,0X01,0X01,0X01,0X03,0X07,0X03
        07 03
   06CA 01 06 01 02 02 03   222 .db 0X01,0X06,0X01,0X02,0X02,0X03,0X06,0X04
        06 04
   06D2 90 08 08 B4 C8 28   223 .db 0X90,0X08,0X08,0XB4,0XC8,0X28,0X41,0X70
        41 70
   06DA 63 41 45 C2 F0 2C   224 .db 0X63,0X41,0X45,0XC2,0XF0,0X2C,0X20,0X10
        20 10
   06E2 00 00 20 42 84 42   225 .db 0X00,0X00,0X20,0X42,0X84,0X42,0XC4,0X84
        C4 84
   06EA 8C 88 A4 19 81 EE   226 .db 0X8C,0X88,0XA4,0X19,0X81,0XEE,0X04,0X00
        04 00
   06F2 00 00 00 00 00 00   227 .db 0X00,0X00,0X00,0X00,0X00,0X00,0X00,0X00
        00 00
   06FA 00 80 00 80 00 00   228 .db 0X00,0X80,0X00,0X80,0X00,0X00,0X00,0X00
        00 00
   0702 00 00 00 00 00 00   229 .db 0X00,0X00,0X00,0X00,0X00,0X00,0X00,0X00
        00 00
   070A 00 00 00 00 20 00   230 .db 0X00,0X00,0X00,0X00,0X20,0X00,0X50,0X20
        50 20
   0712 00 00 00 00 00 00   231 .db 0X00,0X00,0X00,0X00,0X00,0X00,0X00,0X00
        00 00
   071A 00 00 00 00 10 00   232 .db 0X00,0X00,0X00,0X00,0X10,0X00,0X70,0X08
        70 08
   0722 00 00 00 00 00 00   233 .db 0X00,0X00,0X00,0X00,0X00,0X00,0X00,0X00
        00 00
   072A 00 00 00 00 00 00   234 .db 0X00,0X00,0X00,0X00,0X00,0X00,0X80,0X00
        80 00
   0732 00 00 00 00 00 00   235 .db 0X00,0X00,0X00,0X00,0X00,0X00,0X00,0X00
        00 00
   073A 00 00 00 00 0E 00   236 .db 0X00,0X00,0X00,0X00,0X0E,0X00,0X0E,0X11
        0E 11
   0742 00 00 00 01 01 01   237 .db 0X00,0X00,0X00,0X01,0X01,0X01,0X03,0X01
        03 01
   074A 02 00 00 00 00 00   238 .db 0X02,0X00,0X00,0X00,0X00,0X00,0X06,0X00
        06 00
   0752 80 80 80 00 80 00   239 .db 0X80,0X80,0X80,0X00,0X80,0X00,0X00,0X00
        00 00
   075A 00 00 00 00 00 00   240 .db 0X00,0X00,0X00,0X00,0X00,0X00,0X00,0X00
        00 00
   0762 0C 0C 00 1C 24 18   241 .db 0X0C,0X0C,0X00,0X1C,0X24,0X18,0X00,0X38
        00 38
   076A 18 30 10 00 00 00   242 .db 0X18,0X30,0X10,0X00,0X00,0X00,0X00,0X00
        00 00
   0772 00 00 00 00 00 00   243 .db 0X00,0X00,0X00,0X00,0X00,0X00,0X00,0X00
        00 00
   077A 00 00 00 01 00 00   244 .db 0X00,0X00,0X00,0X01,0X00,0X00,0X00,0X00
        00 00
   0782 40 20 20 40 B0 40   245 .db 0X40,0X20,0X20,0X40,0XB0,0X40,0XA2,0X50
        A2 50
   078A 14 A2 3C 94 1F A0   246 .db 0X14,0XA2,0X3C,0X94,0X1F,0XA0,0X85,0X40
        85 40
   0792 00 00 00 00 00 00   247 .db 0X00,0X00,0X00,0X00,0X00,0X00,0X40,0X00
        40 00
   079A 81 40 C0 81 41 A0   248 .db 0X81,0X40,0XC0,0X81,0X41,0XA0,0X40,0X80
        40 80
   07A2 09 40 80 11 C0 03   249 .db 0X09,0X40,0X80,0X11,0XC0,0X03,0XC3,0X02
        C3 02
   07AA 86 00 00 0D B6 09   250 .db 0X86,0X00,0X00,0X0D,0XB6,0X09,0X20,0XC4
        20 C4
   07B2 20 80 A0 00 02 00   251 .db 0X20,0X80,0XA0,0X00,0X02,0X00,0X1C,0X40
        1C 40
   07BA 10 82 10 A4 EA 25   252 .db 0X10,0X82,0X10,0XA4,0XEA,0X25,0XCE,0X10
        CE 10
   07C2 00 00 00 00 00 00   253 .db 0X00,0X00,0X00,0X00,0X00,0X00,0X40,0X20
        40 20
   07CA 40 20 20 80 88 30   254 .db 0X40,0X20,0X20,0X80,0X88,0X30,0XA0,0X40
        A0 40
   07D2 03 20 0A 40 90 02   255 .db 0X03,0X20,0X0A,0X40,0X90,0X02,0X20,0X44
        20 44
   07DA 0D 0E 08 01 19 00   256 .db 0X0D,0X0E,0X08,0X01,0X19,0X00,0X01,0X10
        01 10
   07E2 00 00 00 00 32 00   257 .db 0X00,0X00,0X00,0X00,0X32,0X00,0X92,0X41
        92 41
   07EA 36 80 08 25 13 68   258 .db 0X36,0X80,0X08,0X25,0X13,0X68,0XF0,0X01
        F0 01
   07F2 04 02 0C 04 00 08   259 .db 0X04,0X02,0X0C,0X04,0X00,0X08,0X8D,0X12
        8D 12
   07FA B0 1A 32 50 55 A0   260 .db 0XB0,0X1A,0X32,0X50,0X55,0XA0,0X23,0X04
        23 04
   0802 00 00 00 00 18 00   261 .db 0X00,0X00,0X00,0X00,0X18,0X00,0X71,0X00
        71 00
   080A CA 01 05 93 BD A2   262 .db 0XCA,0X01,0X05,0X93,0XBD,0XA2,0XA2,0X50
        A2 50
   0812 00 00 00 00 00 00   263 .db 0X00,0X00,0X00,0X00,0X00,0X00,0X60,0X00
        60 00
   081A 40 A0 20 00 70 00   264 .db 0X40,0XA0,0X20,0X00,0X70,0X00,0X20,0X40
        20 40
   0822 02 01 05 02 04 02   265 .db 0X02,0X01,0X05,0X02,0X04,0X02,0X06,0X04
        06 04
   082A 00 00 00 00 00 00   266 .db 0X00,0X00,0X00,0X00,0X00,0X00,0X00,0X00
        00 00
                            267 .globl _title_screen_gb_tilemap
   0832 34 08               268 .dw _title_screen_gb_tilemap
   0834                     269 _title_screen_gb_tilemap:
   0834 00 00 00 00 00 00   270 .db 0X00,0X00,0X00,0X00,0X00,0X00,0X00,0X00
        00 00
   083C 00 00 00 00 00 00   271 .db 0X00,0X00,0X00,0X00,0X00,0X00,0X00,0X00
        00 00
   0844 00 00 00 00 00 00   272 .db 0X00,0X00,0X00,0X00,0X00,0X00,0X00,0X00
        00 00
   084C 00 00 00 00 00 00   273 .db 0X00,0X00,0X00,0X00,0X00,0X00,0X00,0X00
        00 00
   0854 00 00 00 00 00 00   274 .db 0X00,0X00,0X00,0X00,0X00,0X00,0X00,0X00
        00 00
   085C 00 00 00 00 00 00   275 .db 0X00,0X00,0X00,0X00,0X00,0X00,0X00,0X00
        00 00
   0864 00 00 00 00 00 00   276 .db 0X00,0X00,0X00,0X00,0X00,0X00,0X00,0X00
        00 00
   086C 00 00 00 00 00 00   277 .db 0X00,0X00,0X00,0X00,0X00,0X00,0X01,0X02
        01 02
   0874 03 04 05 00 00 00   278 .db 0X03,0X04,0X05,0X00,0X00,0X00,0X00,0X00
        00 00
   087C 00 00 00 00 00 00   279 .db 0X00,0X00,0X00,0X00,0X00,0X00,0X00,0X00
        00 00
   0884 00 06 07 08 09 0A   280 .db 0X00,0X06,0X07,0X08,0X09,0X0A,0X0B,0X00
        0B 00
   088C 00 00 00 00 00 0C   281 .db 0X00,0X00,0X00,0X00,0X00,0X0C,0X0D,0X0E
        0D 0E
   0894 0F 10 11 12 00 13   282 .db 0X0F,0X10,0X11,0X12,0X00,0X13,0X14,0X15
        14 15
   089C 16 17 18 00 00 00   283 .db 0X16,0X17,0X18,0X00,0X00,0X00,0X00,0X19
        00 19
   08A4 1A 1B 1C 1D 1E 1F   284 .db 0X1A,0X1B,0X1C,0X1D,0X1E,0X1F,0X20,0X00
        20 00
   08AC 00 21 22 23 24 17   285 .db 0X00,0X21,0X22,0X23,0X24,0X17,0X25,0X00
        25 00
   08B4 00 26 27 28 29 2A   286 .db 0X00,0X26,0X27,0X28,0X29,0X2A,0X2B,0X00
        2B 00
   08BC 00 00 00 00 00 2C   287 .db 0X00,0X00,0X00,0X00,0X00,0X2C,0X2D,0X2E
        2D 2E
   08C4 2F 17 30 00 31 32   288 .db 0X2F,0X17,0X30,0X00,0X31,0X32,0X33,0X34
        33 34
   08CC 35 36 00 00 00 00   289 .db 0X35,0X36,0X00,0X00,0X00,0X00,0X00,0X00
        00 00
   08D4 00 37 38 39 3A 17   290 .db 0X00,0X37,0X38,0X39,0X3A,0X17,0X3B,0X3C
        3B 3C
   08DC 3D 3E 3F 40 41 00   291 .db 0X3D,0X3E,0X3F,0X40,0X41,0X00,0X00,0X00
        00 00
   08E4 00 00 00 00 00 00   292 .db 0X00,0X00,0X00,0X00,0X00,0X00,0X42,0X43
        42 43
   08EC 44 17 45 46 47 48   293 .db 0X44,0X17,0X45,0X46,0X47,0X48,0X49,0X4A
        49 4A
   08F4 00 00 00 00 00 00   294 .db 0X00,0X00,0X00,0X00,0X00,0X00,0X00,0X00
        00 00
   08FC 00 00 4B 4C 17 17   295 .db 0X00,0X00,0X4B,0X4C,0X17,0X17,0X17,0X17
        17 17
   0904 4D 4E 4F 00 00 00   296 .db 0X4D,0X4E,0X4F,0X00,0X00,0X00,0X00,0X00
        00 00
   090C 00 00 00 00 00 00   297 .db 0X00,0X00,0X00,0X00,0X00,0X00,0X00,0X50
        00 50
   0914 51 52 53 54 55 00   298 .db 0X51,0X52,0X53,0X54,0X55,0X00,0X00,0X00
        00 00
   091C 00 00 00 00 00 00   299 .db 0X00,0X00,0X00,0X00,0X00,0X00,0X00,0X00
        00 00
   0924 00 00 00 00 00 00   300 .db 0X00,0X00,0X00,0X00,0X00,0X00,0X00,0X00
        00 00
   092C 00 00 00 00 00 00   301 .db 0X00,0X00,0X00,0X00,0X00,0X00,0X00,0X00
        00 00
   0934 00 00 00 00 00 26   302 .db 0X00,0X00,0X00,0X00,0X00,0X26,0X56,0X57
        56 57
   093C 58 00 00 59 5A 5B   303 .db 0X58,0X00,0X00,0X59,0X5A,0X5B,0X00,0X00
        00 00
   0944 00 00 00 00 00 5C   304 .db 0X00,0X00,0X00,0X00,0X00,0X5C,0X00,0X00
        00 00
   094C 00 5D 5E 5F 60 61   305 .db 0X00,0X5D,0X5E,0X5F,0X60,0X61,0X62,0X63
        62 63
   0954 64 65 66 67 68 69   306 .db 0X64,0X65,0X66,0X67,0X68,0X69,0X6A,0X6B
        6A 6B
   095C 6C 6D 6E 6F 00 00   307 .db 0X6C,0X6D,0X6E,0X6F,0X00,0X00,0X70,0X00
        70 00
   0964 71 72 00 73 00 74   308 .db 0X71,0X72,0X00,0X73,0X00,0X74,0X75,0X00
        75 00
   096C 00 00 00 00 76 00   309 .db 0X00,0X00,0X00,0X00,0X76,0X00,0X00,0X00
        00 00
   0974 00 77 78 79 7A 7B   310 .db 0X00,0X77,0X78,0X79,0X7A,0X7B,0X7C,0X7D
        7C 7D
   097C 7E 7F 80 81 00 00   311 .db 0X7E,0X7F,0X80,0X81,0X00,0X00,0X00,0X00
        00 00
   0984 00 00 00 00 00 00   312 .db 0X00,0X00,0X00,0X00,0X00,0X00,0X82,0X00
        82 00
   098C 00 00 00 00 00 00   313 .db 0X00,0X00,0X00,0X00,0X00,0X00,0X00,0X00
        00 00
   0994 00 00 00 00 00 00   314 .db 0X00,0X00,0X00,0X00,0X00,0X00,0X00,0X00
        00 00
ASxxxx Assembler V01.75  (GameBoy Z80-like CPU), page 1.

Symbol Table

  1 _title_screen_gb_tiledata          0002 GR
  1 _title_screen_gb_tilemap           0834 GR

ASxxxx Assembler V01.75  (GameBoy Z80-like CPU), page 2.

Area Table

   0 _CODE                              size    0   flags 0
   1 _CODE_1                            size  99C   flags 0
