                              1 .area _CODE_1
                              2 .globl _toni_gb_wbox_tiledata
   0000 02 00                 3 .dw _toni_gb_wbox_tiledata
   0002                       4 _toni_gb_wbox_tiledata:
   0002 00 00 00 00 00 00     5 .db 0X00,0X00,0X00,0X00,0X00,0X00,0X00,0X00
        00 00
   000A 00 00 00 00 00 00     6 .db 0X00,0X00,0X00,0X00,0X00,0X00,0X00,0X00
        00 00
   0012 00 00 00 00 00 00     7 .db 0X00,0X00,0X00,0X00,0X00,0X00,0X00,0X00
        00 00
   001A 00 00 00 00 00 00     8 .db 0X00,0X00,0X00,0X00,0X00,0X00,0X37,0X19
        37 19
   0022 00 00 00 00 00 00     9 .db 0X00,0X00,0X00,0X00,0X00,0X00,0X00,0X00
        00 00
   002A 00 00 00 00 00 00    10 .db 0X00,0X00,0X00,0X00,0X00,0X00,0XD3,0XE1
        D3 E1
   0032 00 00 00 00 00 00    11 .db 0X00,0X00,0X00,0X00,0X00,0X00,0X00,0X00
        00 00
   003A 00 00 00 00 00 00    12 .db 0X00,0X00,0X00,0X00,0X00,0X00,0X30,0XC0
        30 C0
   0042 00 00 00 00 00 00    13 .db 0X00,0X00,0X00,0X00,0X00,0X00,0X00,0X00
        00 00
   004A 00 00 01 01 07 03    14 .db 0X00,0X00,0X01,0X01,0X07,0X03,0X07,0X07
        07 07
   0052 00 00 00 01 13 0F    15 .db 0X00,0X00,0X00,0X01,0X13,0X0F,0X5F,0X3F
        5F 3F
   005A BF 7F FF FF FF FF    16 .db 0XBF,0X7F,0XFF,0XFF,0XFF,0XFF,0XFF,0XFF
        FF FF
   0062 3F 7F 7F FF FF FF    17 .db 0X3F,0X7F,0X7F,0XFF,0XFF,0XFF,0XFF,0XFF
        FF FF
   006A FF FF FF FF FF FF    18 .db 0XFF,0XFF,0XFF,0XFF,0XFF,0XFF,0XFF,0XFF
        FF FF
   0072 FF FF 7F FF FF FF    19 .db 0XFF,0XFF,0X7F,0XFF,0XFF,0XFF,0XFF,0XFF
        FF FF
   007A FF FF FF FF FF FF    20 .db 0XFF,0XFF,0XFF,0XFF,0XFF,0XFF,0XFF,0XFF
        FF FF
   0082 F4 F8 FF FF FF FF    21 .db 0XF4,0XF8,0XFF,0XFF,0XFF,0XFF,0XFF,0XFF
        FF FF
   008A FF FF FF FF FF FF    22 .db 0XFF,0XFF,0XFF,0XFF,0XFF,0XFF,0XFF,0XFF
        FF FF
   0092 00 00 C0 00 F0 F8    23 .db 0X00,0X00,0XC0,0X00,0XF0,0XF8,0XFC,0XF8
        FC F8
   009A FE FE FF FF FF FF    24 .db 0XFE,0XFE,0XFF,0XFF,0XFF,0XFF,0XFF,0XFF
        FF FF
   00A2 00 00 00 00 00 00    25 .db 0X00,0X00,0X00,0X00,0X00,0X00,0X00,0X00
        00 00
   00AA 00 00 80 00 80 C0    26 .db 0X00,0X00,0X80,0X00,0X80,0XC0,0XF0,0XE0
        F0 E0
   00B2 0F 07 07 0F 1F 0F    27 .db 0X0F,0X07,0X07,0X0F,0X1F,0X0F,0X3F,0X1F
        3F 1F
   00BA 3F 3F 3F 7F 3F 7F    28 .db 0X3F,0X3F,0X3F,0X7F,0X3F,0X7F,0XF7,0X7F
        F7 7F
   00C2 FF FF FF FF FF FF    29 .db 0XFF,0XFF,0XFF,0XFF,0XFF,0XFF,0XFF,0XFF
        FF FF
   00CA FF FF F7 FF EB FF    30 .db 0XFF,0XFF,0XF7,0XFF,0XEB,0XFF,0XF7,0XFF
        F7 FF
   00D2 FF FF FF FF FF FF    31 .db 0XFF,0XFF,0XFF,0XFF,0XFF,0XFF,0XFF,0XFF
        FF FF
   00DA FF FF FF FF FF FF    32 .db 0XFF,0XFF,0XFF,0XFF,0XFF,0XFF,0X7F,0XFF
        7F FF
   00E2 FF FF FF FF FF FF    33 .db 0XFF,0XFF,0XFF,0XFF,0XFF,0XFF,0XFF,0XFF
        FF FF
   00EA FE FF FF FF FF FF    34 .db 0XFE,0XFF,0XFF,0XFF,0XFF,0XFF,0XFF,0XFF
        FF FF
   00F2 FF FF FF FF FF FF    35 .db 0XFF,0XFF,0XFF,0XFF,0XFF,0XFF,0XFF,0XFF
        FF FF
   00FA BF FF 5F FF BE FF    36 .db 0XBF,0XFF,0X5F,0XFF,0XBE,0XFF,0XF5,0XFF
        F5 FF
   0102 FF FF FF FF FF FF    37 .db 0XFF,0XFF,0XFF,0XFF,0XFF,0XFF,0XFF,0XFF
        FF FF
   010A FF FF FF FF BF FF    38 .db 0XFF,0XFF,0XFF,0XFF,0XBF,0XFF,0X7F,0XFF
        7F FF
   0112 F0 F8 FC FC FF FE    39 .db 0XF0,0XF8,0XFC,0XFC,0XFF,0XFE,0XFF,0XFF
        FF FF
   011A FF FF FF FF FF FF    40 .db 0XFF,0XFF,0XFF,0XFF,0XFF,0XFF,0XFF,0XFF
        FF FF
   0122 00 00 00 00 00 00    41 .db 0X00,0X00,0X00,0X00,0X00,0X00,0X80,0X00
        80 00
   012A 80 80 C0 C0 E0 E0    42 .db 0X80,0X80,0XC0,0XC0,0XE0,0XE0,0XF0,0XE0
        F0 E0
   0132 00 00 00 01 00 01    43 .db 0X00,0X00,0X00,0X01,0X00,0X01,0X03,0X01
        03 01
   013A 00 03 01 03 02 03    44 .db 0X00,0X03,0X01,0X03,0X02,0X03,0X05,0X03
        05 03
   0142 EB FF DD FF FF FF    45 .db 0XEB,0XFF,0XDD,0XFF,0XFF,0XFF,0XFF,0XFF
        FF FF
   014A FF FF DF FF FF FF    46 .db 0XFF,0XFF,0XDF,0XFF,0XFF,0XFF,0X7F,0XFF
        7F FF
   0152 EF FF D5 FF FB FF    47 .db 0XEF,0XFF,0XD5,0XFF,0XFB,0XFF,0XFF,0XFF
        FF FF
   015A FB FF FD FF BA FF    48 .db 0XFB,0XFF,0XFD,0XFF,0XBA,0XFF,0XF7,0XFF
        F7 FF
   0162 FF FF FF FF BF FF    49 .db 0XFF,0XFF,0XFF,0XFF,0XBF,0XFF,0XFF,0XFF
        FF FF
   016A BF FF D7 FF BF FF    50 .db 0XBF,0XFF,0XD7,0XFF,0XBF,0XFF,0XDF,0XFF
        DF FF
   0172 FF FF FF FF FF FF    51 .db 0XFF,0XFF,0XFF,0XFF,0XFF,0XFF,0XFF,0XFF
        FF FF
   017A FF FF FF FF FE FF    52 .db 0XFF,0XFF,0XFF,0XFF,0XFE,0XFF,0XFF,0XFF
        FF FF
   0182 BA FF 7D FF FA FF    53 .db 0XBA,0XFF,0X7D,0XFF,0XFA,0XFF,0XFD,0XFF
        FD FF
   018A BE FF F5 FF FA FF    54 .db 0XBE,0XFF,0XF5,0XFF,0XFA,0XFF,0XD5,0XFF
        D5 FF
   0192 FF FF FF FF FF FF    55 .db 0XFF,0XFF,0XFF,0XFF,0XFF,0XFF,0X7F,0XFF
        7F FF
   019A FF FF 7F FF FF FF    56 .db 0XFF,0XFF,0X7F,0XFF,0XFF,0XFF,0XFF,0XFF
        FF FF
   01A2 FF FF FF FF FF FF    57 .db 0XFF,0XFF,0XFF,0XFF,0XFF,0XFF,0XFF,0XFF
        FF FF
   01AA FF FF FF FF FF FF    58 .db 0XFF,0XFF,0XFF,0XFF,0XFF,0XFF,0XFF,0XFF
        FF FF
   01B2 F0 E0 F0 F0 F0 F8    59 .db 0XF0,0XE0,0XF0,0XF0,0XF0,0XF8,0XF0,0XF8
        F0 F8
   01BA F8 F8 FC F8 FC F8    60 .db 0XF8,0XF8,0XFC,0XF8,0XFC,0XF8,0XF8,0XFC
        F8 FC
   01C2 06 03 01 07 02 07    61 .db 0X06,0X03,0X01,0X07,0X02,0X07,0X05,0X07
        05 07
   01CA 02 07 05 07 0A 07    62 .db 0X02,0X07,0X05,0X07,0X0A,0X07,0X05,0X07
        05 07
   01D2 EE FF 77 FF BA FF    63 .db 0XEE,0XFF,0X77,0XFF,0XBA,0XFF,0X55,0XFF
        55 FF
   01DA AA FF 55 FF AA FF    64 .db 0XAA,0XFF,0X55,0XFF,0XAA,0XFF,0X55,0XFF
        55 FF
   01E2 FE FF 5F FF BA FF    65 .db 0XFE,0XFF,0X5F,0XFF,0XBA,0XFF,0X55,0XFF
        55 FF
   01EA AA FF 55 FF AA FF    66 .db 0XAA,0XFF,0X55,0XFF,0XAA,0XFF,0X54,0XFF
        54 FF
   01F2 AF FF 5F FF AF FF    67 .db 0XAF,0XFF,0X5F,0XFF,0XAF,0XFF,0X5F,0XFF
        5F FF
   01FA AE FF 55 FF 2A FF    68 .db 0XAE,0XFF,0X55,0XFF,0X2A,0XFF,0X14,0XFF
        14 FF
   0202 FE FF FD FF FA FF    69 .db 0XFE,0XFF,0XFD,0XFF,0XFA,0XFF,0XF5,0XFF
        F5 FF
   020A FB FF FF FF EE FF    70 .db 0XFB,0XFF,0XFF,0XFF,0XEE,0XFF,0X40,0XFF
        40 FF
   0212 AB FF 7D FF BF FF    71 .db 0XAB,0XFF,0X7D,0XFF,0XBF,0XFF,0XFF,0XFF
        FF FF
   021A FF FF FF FF FF FF    72 .db 0XFF,0XFF,0XFF,0XFF,0XFF,0XFF,0X5F,0XFF
        5F FF
   0222 FF FF FF FF FF FF    73 .db 0XFF,0XFF,0XFF,0XFF,0XFF,0XFF,0XFF,0XFF
        FF FF
   022A FF FF FF FF FF FF    74 .db 0XFF,0XFF,0XFF,0XFF,0XFF,0XFF,0XFD,0XFF
        FD FF
   0232 FF FF FF FF FF FF    75 .db 0XFF,0XFF,0XFF,0XFF,0XFF,0XFF,0XFF,0XFF
        FF FF
   023A FF FF FF FF EE FF    76 .db 0XFF,0XFF,0XFF,0XFF,0XEE,0XFF,0X41,0XFF
        41 FF
   0242 FC F8 FC FC FC FC    77 .db 0XFC,0XF8,0XFC,0XFC,0XFC,0XFC,0XFC,0XFC
        FC FC
   024A FE FC FE FC FC FE    78 .db 0XFE,0XFC,0XFE,0XFC,0XFC,0XFE,0X7E,0XFC
        7E FC
   0252 0A 07 05 07 0B 07    79 .db 0X0A,0X07,0X05,0X07,0X0B,0X07,0X07,0X07
        07 07
   025A 03 07 07 07 03 07    80 .db 0X03,0X07,0X07,0X07,0X03,0X07,0X07,0X03
        07 03
   0262 AA FF 55 FF FB FF    81 .db 0XAA,0XFF,0X55,0XFF,0XFB,0XFF,0XFF,0XFF
        FF FF
   026A FF FF FF FF FF FF    82 .db 0XFF,0XFF,0XFF,0XFF,0XFF,0XFF,0XFF,0XFF
        FF FF
   0272 A8 FF 54 FF E1 FE    83 .db 0XA8,0XFF,0X54,0XFF,0XE1,0XFE,0XD4,0XFF
        D4 FF
   027A E9 FE F6 FD E9 FE    84 .db 0XE9,0XFE,0XF6,0XFD,0XE9,0XFE,0XF3,0XFC
        F3 FC
   0282 48 BF E8 17 F5 0A    85 .db 0X48,0XBF,0XE8,0X17,0XF5,0X0A,0XFF,0X00
        FF 00
   028A EB 00 F5 00 EA 00    86 .db 0XEB,0X00,0XF5,0X00,0XEA,0X00,0XF5,0X00
        F5 00
   0292 15 EA AA 55 5F A0    87 .db 0X15,0XEA,0XAA,0X55,0X5F,0XA0,0XFF,0X00
        FF 00
   029A FF 00 FF 00 BF 00    88 .db 0XFF,0X00,0XFF,0X00,0XBF,0X00,0X5F,0X00
        5F 00
   02A2 0F FF 85 7F 4A BF    89 .db 0X0F,0XFF,0X85,0X7F,0X4A,0XBF,0XAA,0X55
        AA 55
   02AA D7 28 FF 00 FF 00    90 .db 0XD7,0X28,0XFF,0X00,0XFF,0X00,0XFF,0X00
        FF 00
   02B2 F8 FF 52 FD 15 EA    91 .db 0XF8,0XFF,0X52,0XFD,0X15,0XEA,0XBF,0X40
        BF 40
   02BA FF 00 FF 00 FF 00    92 .db 0XFF,0X00,0XFF,0X00,0XFF,0X00,0XFF,0X00
        FF 00
   02C2 00 FF A8 57 54 AB    93 .db 0X00,0XFF,0XA8,0X57,0X54,0XAB,0XEA,0X15
        EA 15
   02CA F5 0A EA 15 F5 0A    94 .db 0XF5,0X0A,0XEA,0X15,0XF5,0X0A,0XFA,0X05
        FA 05
   02D2 BE FC 7E FC 3C FE    95 .db 0XBE,0XFC,0X7E,0XFC,0X3C,0XFE,0X1E,0XFC
        1E FC
   02DA 3C FE 9E 7C 0E FC    96 .db 0X3C,0XFE,0X9E,0X7C,0X0E,0XFC,0X98,0X7C
        98 7C
   02E2 07 03 03 07 1D 03    97 .db 0X07,0X03,0X03,0X07,0X1D,0X03,0X1E,0X01
        1E 01
   02EA 37 08 1B 04 35 0A    98 .db 0X37,0X08,0X1B,0X04,0X35,0X0A,0X1F,0X00
        1F 00
   02F2 FF FF FF FF FF FF    99 .db 0XFF,0XFF,0XFF,0XFF,0XFF,0XFF,0X7F,0XFF
        7F FF
   02FA 7F FF FF 7F AE 7F   100 .db 0X7F,0XFF,0XFF,0X7F,0XAE,0X7F,0X97,0X7F
        97 7F
   0302 E1 FE F3 FC 97 E8   101 .db 0XE1,0XFE,0XF3,0XFC,0X97,0XE8,0X7F,0XC0
        7F C0
   030A BF C0 3D C0 7B 80   102 .db 0XBF,0XC0,0X3D,0XC0,0X7B,0X80,0X5F,0X80
        5F 80
   0312 FA 00 FD 00 FA 00   103 .db 0XFA,0X00,0XFD,0X00,0XFA,0X00,0XFD,0X00
        FD 00
   031A FF 00 E8 17 CA 3F   104 .db 0XFF,0X00,0XE8,0X17,0XCA,0X3F,0X95,0X7F
        95 7F
   0322 AA 00 55 00 A2 00   105 .db 0XAA,0X00,0X55,0X00,0XA2,0X00,0XD5,0X00
        D5 00
   032A EA 00 2F D0 A1 FE   106 .db 0XEA,0X00,0X2F,0XD0,0XA1,0XFE,0X54,0XFF
        54 FF
   0332 BF 00 57 00 AB 00   107 .db 0XBF,0X00,0X57,0X00,0XAB,0X00,0X55,0X00
        55 00
   033A AA 00 55 00 FA 00   108 .db 0XAA,0X00,0X55,0X00,0XFA,0X00,0X3F,0XC0
        3F C0
   0342 FF 00 FF 00 FA 00   109 .db 0XFF,0X00,0XFF,0X00,0XFA,0X00,0X55,0X00
        55 00
   034A AA 00 55 00 EA 00   110 .db 0XAA,0X00,0X55,0X00,0XEA,0X00,0XF7,0X00
        F7 00
   0352 FD 02 FE 01 FD 02   111 .db 0XFD,0X02,0XFE,0X01,0XFD,0X02,0X7E,0X01
        7E 01
   035A BF 00 7E 01 F5 0A   112 .db 0XBF,0X00,0X7E,0X01,0XF5,0X0A,0XE1,0X1F
        E1 1F
   0362 58 B8 90 78 58 B0   113 .db 0X58,0XB8,0X90,0X78,0X58,0XB0,0X90,0X70
        90 70
   036A 40 B0 90 60 00 E0   114 .db 0X40,0XB0,0X90,0X60,0X00,0XE0,0X70,0XF0
        70 F0
   0372 3F 00 1D 00 3E 00   115 .db 0X3F,0X00,0X1D,0X00,0X3E,0X00,0X37,0X00
        37 00
   037A 3C 03 38 07 3D 02   116 .db 0X3C,0X03,0X38,0X07,0X3D,0X02,0X17,0X00
        17 00
   0382 CE 3F 8D 7F CA 3F   117 .db 0XCE,0X3F,0X8D,0X7F,0XCA,0X3F,0XA4,0X5F
        A4 5F
   038A 5A AF F4 0F EA 07   118 .db 0X5A,0XAF,0XF4,0X0F,0XEA,0X07,0X50,0X07
        50 07
   0392 7F 80 FF 00 7F 80   119 .db 0X7F,0X80,0XFF,0X00,0X7F,0X80,0XFF,0X00
        FF 00
   039A 7F 80 FF 00 FE 00   120 .db 0X7F,0X80,0XFF,0X00,0XFE,0X00,0XFF,0X00
        FF 00
   03A2 D5 2A FA 05 F4 0B   121 .db 0XD5,0X2A,0XFA,0X05,0XF4,0X0B,0XE7,0X1F
        E7 1F
   03AA D0 2F DF 00 FF 00   122 .db 0XD0,0X2F,0XDF,0X00,0XFF,0X00,0XDE,0X01
        DE 01
   03B2 0F FF 81 7F EA FF   123 .db 0X0F,0XFF,0X81,0X7F,0XEA,0XFF,0X71,0XFF
        71 FF
   03BA 24 FB A0 5F F5 0A   124 .db 0X24,0XFB,0XA0,0X5F,0XF5,0X0A,0XA8,0X57
        A8 57
   03C2 85 FA 53 FC 01 FE   125 .db 0X85,0XFA,0X53,0XFC,0X01,0XFE,0X2B,0XD4
        2B D4
   03CA 96 E8 2F D0 5E A0   126 .db 0X96,0XE8,0X2F,0XD0,0X5E,0XA0,0XFD,0X00
        FD 00
   03D2 FF 00 FA 05 F2 0F   127 .db 0XFF,0X00,0XFA,0X05,0XF2,0X0F,0XFD,0X07
        FD 07
   03DA B2 0F 59 07 A0 0F   128 .db 0XB2,0X0F,0X59,0X07,0XA0,0X0F,0X58,0X07
        58 07
   03E2 0B FF 7F FF F9 FE   129 .db 0X0B,0XFF,0X7F,0XFF,0XF9,0XFE,0X7C,0XFF
        7C FF
   03EA A2 FF D9 F7 22 FF   130 .db 0XA2,0XFF,0XD9,0XF7,0X22,0XFF,0X04,0XFF
        04 FF
   03F2 F0 F0 C0 F0 00 E0   131 .db 0XF0,0XF0,0XC0,0XF0,0X00,0XE0,0XA0,0X40
        A0 40
   03FA A0 C0 20 C0 A0 C0   132 .db 0XA0,0XC0,0X20,0XC0,0XA0,0XC0,0X00,0XC0
        00 C0
   0402 1F 00 1D 00 1E 00   133 .db 0X1F,0X00,0X1D,0X00,0X1E,0X00,0X15,0X00
        15 00
   040A 0A 00 05 00 06 00   134 .db 0X0A,0X00,0X05,0X00,0X06,0X00,0X07,0X00
        07 00
   0412 AF 02 DC 03 ED 02   135 .db 0XAF,0X02,0XDC,0X03,0XED,0X02,0X50,0X07
        50 07
   041A AF 02 78 07 BC 03   136 .db 0XAF,0X02,0X78,0X07,0XBC,0X03,0X58,0X07
        58 07
   0422 FA 00 FD 00 FA 00   137 .db 0XFA,0X00,0XFD,0X00,0XFA,0X00,0XFD,0X00
        FD 00
   042A EA 00 F5 00 7E 80   138 .db 0XEA,0X00,0XF5,0X00,0X7E,0X80,0XFF,0X00
        FF 00
   0432 AB 00 55 00 AA 00   139 .db 0XAB,0X00,0X55,0X00,0XAA,0X00,0X55,0X00
        55 00
   043A AA 00 55 00 AA 00   140 .db 0XAA,0X00,0X55,0X00,0XAA,0X00,0X75,0X00
        75 00
   0442 57 A8 7D 00 AB 00   141 .db 0X57,0XA8,0X7D,0X00,0XAB,0X00,0X55,0X00
        55 00
   044A BF 00 5F 00 FE 00   142 .db 0XBF,0X00,0X5F,0X00,0XFE,0X00,0XFD,0X00
        FD 00
   0452 FA 00 F5 00 BE 00   143 .db 0XFA,0X00,0XF5,0X00,0XBE,0X00,0X5D,0X00
        5D 00
   045A AA 00 55 00 BA 00   144 .db 0XAA,0X00,0X55,0X00,0XBA,0X00,0X7D,0X00
        7D 00
   0462 B8 07 7A 05 BD 02   145 .db 0XB8,0X07,0X7A,0X05,0XBD,0X02,0X5A,0X05
        5A 05
   046A AD 02 5A 05 AD 02   146 .db 0XAD,0X02,0X5A,0X05,0XAD,0X02,0X5A,0X05
        5A 05
   0472 14 EB 08 F7 41 BE   147 .db 0X14,0XEB,0X08,0XF7,0X41,0XBE,0XAA,0X55
        AA 55
   047A 57 A8 BF 40 7F 80   148 .db 0X57,0XA8,0XBF,0X40,0X7F,0X80,0XFE,0X01
        FE 01
   0482 60 80 80 40 60 80   149 .db 0X60,0X80,0X80,0X40,0X60,0X80,0XA0,0X40
        A0 40
   048A 60 80 80 40 40 80   150 .db 0X60,0X80,0X80,0X40,0X40,0X80,0X80,0X40
        80 40
   0492 03 00 01 00 00 00   151 .db 0X03,0X00,0X01,0X00,0X00,0X00,0X00,0X00
        00 00
   049A 00 00 00 00 00 00   152 .db 0X00,0X00,0X00,0X00,0X00,0X00,0X01,0X00
        01 00
   04A2 AD 02 E8 17 5D A2   153 .db 0XAD,0X02,0XE8,0X17,0X5D,0XA2,0X78,0XC7
        78 C7
   04AA 90 EF 68 D7 90 EF   154 .db 0X90,0XEF,0X68,0XD7,0X90,0XEF,0XE0,0XDF
        E0 DF
   04B2 7F 80 BF 40 7F 80   155 .db 0X7F,0X80,0XBF,0X40,0X7F,0X80,0XBF,0X40
        BF 40
   04BA 5F A0 2E D1 57 A8   156 .db 0X5F,0XA0,0X2E,0XD1,0X57,0XA8,0X2A,0XD5
        2A D5
   04C2 BF 00 FF 00 FF 00   157 .db 0XBF,0X00,0XFF,0X00,0XFF,0X00,0XFF,0X00
        FF 00
   04CA 7F 80 F8 07 72 8F   158 .db 0X7F,0X80,0XF8,0X07,0X72,0X8F,0XB8,0X47
        B8 47
   04D2 FA 00 FF 00 DB 20   159 .db 0XFA,0X00,0XFF,0X00,0XDB,0X20,0XB5,0X40
        B5 40
   04DA 7B 80 3F C0 07 F8   160 .db 0X7B,0X80,0X3F,0XC0,0X07,0XF8,0X02,0XFD
        02 FD
   04E2 AA 00 DD 00 EA 00   161 .db 0XAA,0X00,0XDD,0X00,0XEA,0X00,0XFF,0X00
        FF 00
   04EA C5 3A 80 7F 08 FF   162 .db 0XC5,0X3A,0X80,0X7F,0X08,0XFF,0X14,0XFF
        14 FF
   04F2 AD 02 5E 01 AD 02   163 .db 0XAD,0X02,0X5E,0X01,0XAD,0X02,0X58,0X07
        58 07
   04FA FD 02 E8 17 40 BF   164 .db 0XFD,0X02,0XE8,0X17,0X40,0XBF,0X5D,0XFF
        5D FF
   0502 5F A0 AE 51 55 AA   165 .db 0X5F,0XA0,0XAE,0X51,0X55,0XAA,0XAA,0X55
        AA 55
   050A 45 BA 82 7D 40 BE   166 .db 0X45,0XBA,0X82,0X7D,0X40,0XBE,0X22,0XDC
        22 DC
   0512 40 80 C0 00 00 80   167 .db 0X40,0X80,0XC0,0X00,0X00,0X80,0X80,0X00
        80 00
   051A 80 00 00 00 00 00   168 .db 0X80,0X00,0X00,0X00,0X00,0X00,0X00,0X00
        00 00
   0522 00 01 01 01 02 01   169 .db 0X00,0X01,0X01,0X01,0X02,0X01,0X02,0X01
        02 01
   052A 03 00 00 01 01 00   170 .db 0X03,0X00,0X00,0X01,0X01,0X00,0X00,0X01
        00 01
   0532 90 EF 3C C7 78 87   171 .db 0X90,0XEF,0X3C,0XC7,0X78,0X87,0XB8,0X47
        B8 47
   053A 7C 83 F6 01 FC 03   172 .db 0X7C,0X83,0XF6,0X01,0XFC,0X03,0XF6,0X01
        F6 01
   0542 15 EA 2A D5 54 AB   173 .db 0X15,0XEA,0X2A,0XD5,0X54,0XAB,0X08,0XF7
        08 F7
   054A 00 FF 00 FF 00 FF   174 .db 0X00,0XFF,0X00,0XFF,0X00,0XFF,0X00,0XFF
        00 FF
   0552 70 8F E9 17 70 8F   175 .db 0X70,0X8F,0XE9,0X17,0X70,0X8F,0XBA,0X45
        BA 45
   055A 1D E2 2B D4 51 AE   176 .db 0X1D,0XE2,0X2B,0XD4,0X51,0XAE,0X2B,0XD4
        2B D4
   0562 80 FF 40 FF 45 BA   177 .db 0X80,0XFF,0X40,0XFF,0X45,0XBA,0XE2,0X1D
        E2 1D
   056A EC 03 F5 00 FA 00   178 .db 0XEC,0X03,0XF5,0X00,0XFA,0X00,0XFF,0X00
        FF 00
   0572 0E FF 05 FF 52 AF   179 .db 0X0E,0XFF,0X05,0XFF,0X52,0XAF,0XAA,0X55
        AA 55
   057A 15 EA A8 57 BD 02   180 .db 0X15,0XEA,0XA8,0X57,0XBD,0X02,0X57,0X00
        57 00
   0582 FA FF DD FF AA FF   181 .db 0XFA,0XFF,0XDD,0XFF,0XAA,0XFF,0X05,0XFF
        05 FF
   058A 00 FF 00 FF 40 BF   182 .db 0X00,0XFF,0X00,0XFF,0X40,0XBF,0XA2,0X5D
        A2 5D
   0592 82 FC 40 FC AC F8   183 .db 0X82,0XFC,0X40,0XFC,0XAC,0XF8,0X74,0XD8
        74 D8
   059A C0 B8 10 F0 30 E0   184 .db 0XC0,0XB8,0X10,0XF0,0X30,0XE0,0X40,0XE0
        40 E0
   05A2 EF 00 F7 00 EB 00   185 .db 0XEF,0X00,0XF7,0X00,0XEB,0X00,0XFF,0X00
        FF 00
   05AA FF 00 F7 00 FF 00   186 .db 0XFF,0X00,0XF7,0X00,0XFF,0X00,0XFF,0X00
        FF 00
   05B2 00 FF 81 7F C0 3F   187 .db 0X00,0XFF,0X81,0X7F,0XC0,0X3F,0XE0,0X1F
        E0 1F
   05BA F4 0B E8 17 F0 0F   188 .db 0XF4,0X0B,0XE8,0X17,0XF0,0X0F,0XFA,0X05
        FA 05
   05C2 85 FA 0B F4 05 FA   189 .db 0X85,0XFA,0X0B,0XF4,0X05,0XFA,0X50,0XFF
        50 FF
   05CA A1 FE 50 FF 28 FF   190 .db 0XA1,0XFE,0X50,0XFF,0X28,0XFF,0X14,0XFF
        14 FF
   05D2 F7 08 BA 45 5C A3   191 .db 0XF7,0X08,0XBA,0X45,0X5C,0XA3,0XBA,0X45
        BA 45
   05DA 1C E3 3A C5 55 AA   192 .db 0X1C,0XE3,0X3A,0XC5,0X55,0XAA,0X2A,0XD5
        2A D5
   05E2 FF 00 BA 45 00 FF   193 .db 0XFF,0X00,0XBA,0X45,0X00,0XFF,0X15,0XFF
        15 FF
   05EA 0A FF 00 FF 40 BF   194 .db 0X0A,0XFF,0X00,0XFF,0X40,0XBF,0XA8,0X57
        A8 57
   05F2 C0 3F 81 7F 02 FF   195 .db 0XC0,0X3F,0X81,0X7F,0X02,0XFF,0XC4,0XFF
        C4 FF
   05FA 88 FE 04 FC 2C F8   196 .db 0X88,0XFE,0X04,0XFC,0X2C,0XF8,0X50,0XF8
        50 F8
   0602 A0 C0 40 80 80 00   197 .db 0XA0,0XC0,0X40,0X80,0X80,0X00,0X00,0X00
        00 00
   060A 00 00 00 00 00 00   198 .db 0X00,0X00,0X00,0X00,0X00,0X00,0X00,0X00
        00 00
   0612 FF 00 7F 00 BF 00   199 .db 0XFF,0X00,0X7F,0X00,0XBF,0X00,0X7F,0X00
        7F 00
   061A 7F 00 7F 00 3F 00   200 .db 0X7F,0X00,0X7F,0X00,0X3F,0X00,0X3F,0X00
        3F 00
   0622 F5 0A FA 05 F5 0A   201 .db 0XF5,0X0A,0XFA,0X05,0XF5,0X0A,0XFA,0X05
        FA 05
   062A F5 0A FA 05 FD 02   202 .db 0XF5,0X0A,0XFA,0X05,0XFD,0X02,0XFF,0X00
        FF 00
   0632 0A FF 87 7F 4A BF   203 .db 0X0A,0XFF,0X87,0X7F,0X4A,0XBF,0X95,0X7F
        95 7F
   063A 52 AF A9 57 74 8B   204 .db 0X52,0XAF,0XA9,0X57,0X74,0X8B,0XEA,0X15
        EA 15
   0642 80 FF 00 FF 88 FF   205 .db 0X80,0XFF,0X00,0XFF,0X88,0XFF,0X51,0XFF
        51 FF
   064A AA FF 75 FF 3F FF   206 .db 0XAA,0XFF,0X75,0XFF,0X3F,0XFF,0X1F,0XFF
        1F FF
   0652 54 AB 28 D7 10 EF   207 .db 0X54,0XAB,0X28,0XD7,0X10,0XEF,0X01,0XFF
        01 FF
   065A A2 FF 55 FF AE FF   208 .db 0XA2,0XFF,0X55,0XFF,0XAE,0XFF,0XD0,0XFC
        D0 FC
   0662 B8 F0 70 F0 A0 E0   209 .db 0XB8,0XF0,0X70,0XF0,0XA0,0XE0,0X60,0XC0
        60 C0
   066A C0 80 00 80 00 00   210 .db 0XC0,0X80,0X00,0X80,0X00,0X00,0X00,0X00
        00 00
   0672 00 00 00 00 00 00   211 .db 0X00,0X00,0X00,0X00,0X00,0X00,0X00,0X00
        00 00
   067A 10 10 28 28 17 17   212 .db 0X10,0X10,0X28,0X28,0X17,0X17,0X08,0X08
        08 08
   0682 00 00 00 00 00 00   213 .db 0X00,0X00,0X00,0X00,0X00,0X00,0X00,0X00
        00 00
   068A 00 00 00 00 FF FF   214 .db 0X00,0X00,0X00,0X00,0XFF,0XFF,0X00,0X00
        00 00
   0692 3F 00 1F 00 1F 00   215 .db 0X3F,0X00,0X1F,0X00,0X1F,0X00,0X1F,0X00
        1F 00
   069A 0F 00 06 01 FF FF   216 .db 0X0F,0X00,0X06,0X01,0XFF,0XFF,0X00,0X00
        00 00
   06A2 FD 02 FF 00 FF 00   217 .db 0XFD,0X02,0XFF,0X00,0XFF,0X00,0XFF,0X00
        FF 00
   06AA FF 00 FF 00 FF FF   218 .db 0XFF,0X00,0XFF,0X00,0XFF,0XFF,0X00,0X00
        00 00
   06B2 F5 0A FA 05 FD 02   219 .db 0XF5,0X0A,0XFA,0X05,0XFD,0X02,0XFE,0X01
        FE 01
   06BA F5 0A FA 05 FF FF   220 .db 0XF5,0X0A,0XFA,0X05,0XFF,0XFF,0X00,0X00
        00 00
   06C2 0A FF A0 5F 54 AB   221 .db 0X0A,0XFF,0XA0,0X5F,0X54,0XAB,0XA8,0X57
        A8 57
   06CA 55 AA AA 55 FF FF   222 .db 0X55,0XAA,0XAA,0X55,0XFF,0XFF,0X00,0X00
        00 00
   06D2 C0 80 00 80 00 80   223 .db 0XC0,0X80,0X00,0X80,0X00,0X80,0X80,0X00
        80 00
   06DA 00 00 00 00 FF FF   224 .db 0X00,0X00,0X00,0X00,0XFF,0XFF,0X00,0X00
        00 00
   06E2 00 00 00 00 00 00   225 .db 0X00,0X00,0X00,0X00,0X00,0X00,0X00,0X00
        00 00
   06EA 08 08 14 14 F8 F8   226 .db 0X08,0X08,0X14,0X14,0XF8,0XF8,0X10,0X10
        10 10
   06F2 08 08 08 08 08 08   227 .db 0X08,0X08,0X08,0X08,0X08,0X08,0X08,0X08
        08 08
   06FA 08 08 08 08 08 08   228 .db 0X08,0X08,0X08,0X08,0X08,0X08,0X08,0X08
        08 08
   0702 10 10 10 10 10 10   229 .db 0X10,0X10,0X10,0X10,0X10,0X10,0X10,0X10
        10 10
   070A 10 10 10 10 10 10   230 .db 0X10,0X10,0X10,0X10,0X10,0X10,0X10,0X10
        10 10
   0712 08 08 08 08 08 08   231 .db 0X08,0X08,0X08,0X08,0X08,0X08,0X17,0X17
        17 17
   071A 28 28 10 10 00 00   232 .db 0X28,0X28,0X10,0X10,0X00,0X00,0X00,0X00
        00 00
   0722 00 00 00 00 00 00   233 .db 0X00,0X00,0X00,0X00,0X00,0X00,0XFF,0XFF
        FF FF
   072A 00 00 00 00 00 00   234 .db 0X00,0X00,0X00,0X00,0X00,0X00,0X00,0X00
        00 00
   0732 10 10 10 10 10 10   235 .db 0X10,0X10,0X10,0X10,0X10,0X10,0XE8,0XE8
        E8 E8
   073A 14 14 08 08 00 00   236 .db 0X14,0X14,0X08,0X08,0X00,0X00,0X00,0X00
        00 00
                            237 .globl _toni_gb_wbox_tilemap
   0742 44 07               238 .dw _toni_gb_wbox_tilemap
   0744                     239 _toni_gb_wbox_tilemap:
   0744 00 00 00 00 00 00   240 .db 0X00,0X00,0X00,0X00,0X00,0X00,0X00,0X00
        00 00
   074C 00 01 02 03 00 00   241 .db 0X00,0X01,0X02,0X03,0X00,0X00,0X00,0X00
        00 00
   0754 00 00 00 00 00 00   242 .db 0X00,0X00,0X00,0X00,0X00,0X00,0X00,0X00
        00 00
   075C 00 00 00 04 05 06   243 .db 0X00,0X00,0X00,0X04,0X05,0X06,0X07,0X08
        07 08
   0764 09 0A 00 00 00 00   244 .db 0X09,0X0A,0X00,0X00,0X00,0X00,0X00,0X00
        00 00
   076C 00 00 00 00 00 00   245 .db 0X00,0X00,0X00,0X00,0X00,0X00,0X00,0X0B
        00 0B
   0774 0C 0D 0E 0F 10 11   246 .db 0X0C,0X0D,0X0E,0X0F,0X10,0X11,0X12,0X00
        12 00
   077C 00 00 00 00 00 00   247 .db 0X00,0X00,0X00,0X00,0X00,0X00,0X00,0X00
        00 00
   0784 00 00 13 14 15 16   248 .db 0X00,0X00,0X13,0X14,0X15,0X16,0X17,0X18
        17 18
   078C 19 1A 1B 00 00 00   249 .db 0X19,0X1A,0X1B,0X00,0X00,0X00,0X00,0X00
        00 00
   0794 00 00 00 00 00 00   250 .db 0X00,0X00,0X00,0X00,0X00,0X00,0X1C,0X1D
        1C 1D
   079C 1E 1F 20 21 22 23   251 .db 0X1E,0X1F,0X20,0X21,0X22,0X23,0X24,0X00
        24 00
   07A4 00 00 00 00 00 00   252 .db 0X00,0X00,0X00,0X00,0X00,0X00,0X00,0X00
        00 00
   07AC 00 00 25 26 27 28   253 .db 0X00,0X00,0X25,0X26,0X27,0X28,0X29,0X2A
        29 2A
   07B4 2B 2C 2D 00 00 00   254 .db 0X2B,0X2C,0X2D,0X00,0X00,0X00,0X00,0X00
        00 00
   07BC 00 00 00 00 00 00   255 .db 0X00,0X00,0X00,0X00,0X00,0X00,0X2E,0X2F
        2E 2F
   07C4 30 31 32 33 34 35   256 .db 0X30,0X31,0X32,0X33,0X34,0X35,0X36,0X00
        36 00
   07CC 00 00 00 00 00 00   257 .db 0X00,0X00,0X00,0X00,0X00,0X00,0X00,0X00
        00 00
   07D4 00 00 37 38 39 3A   258 .db 0X00,0X00,0X37,0X38,0X39,0X3A,0X3B,0X3C
        3B 3C
   07DC 3D 3E 3F 00 00 00   259 .db 0X3D,0X3E,0X3F,0X00,0X00,0X00,0X00,0X00
        00 00
   07E4 00 00 00 00 00 00   260 .db 0X00,0X00,0X00,0X00,0X00,0X00,0X40,0X41
        40 41
   07EC 42 43 44 45 46 47   261 .db 0X42,0X43,0X44,0X45,0X46,0X47,0X48,0X00
        48 00
   07F4 00 00 00 00 00 00   262 .db 0X00,0X00,0X00,0X00,0X00,0X00,0X00,0X00
        00 00
   07FC 00 00 49 4A 4B 4C   263 .db 0X00,0X00,0X49,0X4A,0X4B,0X4C,0X4D,0X4E
        4D 4E
   0804 4F 50 51 00 00 00   264 .db 0X4F,0X50,0X51,0X00,0X00,0X00,0X00,0X00
        00 00
   080C 00 00 00 00 00 00   265 .db 0X00,0X00,0X00,0X00,0X00,0X00,0X52,0X53
        52 53
   0814 54 55 56 57 58 59   266 .db 0X54,0X55,0X56,0X57,0X58,0X59,0X00,0X00
        00 00
   081C 00 00 00 00 00 00   267 .db 0X00,0X00,0X00,0X00,0X00,0X00,0X00,0X00
        00 00
   0824 00 00 00 5A 5B 5C   268 .db 0X00,0X00,0X00,0X5A,0X5B,0X5C,0X5D,0X5E
        5D 5E
   082C 5F 60 00 00 00 00   269 .db 0X5F,0X60,0X00,0X00,0X00,0X00,0X00,0X00
        00 00
   0834 00 00 00 00 00 00   270 .db 0X00,0X00,0X00,0X00,0X00,0X00,0X00,0X61
        00 61
   083C 62 63 64 65 66 00   271 .db 0X62,0X63,0X64,0X65,0X66,0X00,0X00,0X00
        00 00
   0844 00 00 00 00 67 68   272 .db 0X00,0X00,0X00,0X00,0X67,0X68,0X68,0X68
        68 68
   084C 68 68 68 69 6A 6B   273 .db 0X68,0X68,0X68,0X69,0X6A,0X6B,0X6C,0X6D
        6C 6D
   0854 68 68 68 68 68 68   274 .db 0X68,0X68,0X68,0X68,0X68,0X68,0X68,0X6E
        68 6E
   085C 6F 00 00 00 00 00   275 .db 0X6F,0X00,0X00,0X00,0X00,0X00,0X00,0X00
        00 00
   0864 00 00 00 00 00 00   276 .db 0X00,0X00,0X00,0X00,0X00,0X00,0X00,0X00
        00 00
   086C 00 00 00 70 6F 00   277 .db 0X00,0X00,0X00,0X70,0X6F,0X00,0X00,0X00
        00 00
   0874 00 00 00 00 00 00   278 .db 0X00,0X00,0X00,0X00,0X00,0X00,0X00,0X00
        00 00
   087C 00 00 00 00 00 00   279 .db 0X00,0X00,0X00,0X00,0X00,0X00,0X00,0X70
        00 70
   0884 6F 00 00 00 00 00   280 .db 0X6F,0X00,0X00,0X00,0X00,0X00,0X00,0X00
        00 00
   088C 00 00 00 00 00 00   281 .db 0X00,0X00,0X00,0X00,0X00,0X00,0X00,0X00
        00 00
   0894 00 00 00 70 71 72   282 .db 0X00,0X00,0X00,0X70,0X71,0X72,0X72,0X72
        72 72
   089C 72 72 72 72 72 72   283 .db 0X72,0X72,0X72,0X72,0X72,0X72,0X72,0X72
        72 72
   08A4 72 72 72 72 72 72   284 .db 0X72,0X72,0X72,0X72,0X72,0X72,0X72,0X73
        72 73
ASxxxx Assembler V01.75  (GameBoy Z80-like CPU), page 1.

Symbol Table

  1 _toni_gb_wbox_tiledata             0002 GR
  1 _toni_gb_wbox_tilemap              0744 GR

ASxxxx Assembler V01.75  (GameBoy Z80-like CPU), page 2.

Area Table

   0 _CODE                              size    0   flags 0
   1 _CODE_1                            size  8AC   flags 0
