                              1 .area _CODE_1
                              2 .globl _wuthrer_gb_wbox_tiledata
   0000 02 00                 3 .dw _wuthrer_gb_wbox_tiledata
   0002                       4 _wuthrer_gb_wbox_tiledata:
   0002 00 00 00 00 00 00     5 .db 0X00,0X00,0X00,0X00,0X00,0X00,0X00,0X00
        00 00
   000A 00 00 00 00 00 00     6 .db 0X00,0X00,0X00,0X00,0X00,0X00,0X00,0X00
        00 00
   0012 00 00 00 00 00 00     7 .db 0X00,0X00,0X00,0X00,0X00,0X00,0X00,0X00
        00 00
   001A 00 00 00 00 00 00     8 .db 0X00,0X00,0X00,0X00,0X00,0X00,0X07,0X01
        07 01
   0022 00 00 00 00 00 00     9 .db 0X00,0X00,0X00,0X00,0X00,0X00,0X00,0X00
        00 00
   002A 00 00 00 00 2E 03    10 .db 0X00,0X00,0X00,0X00,0X2E,0X03,0X45,0XFF
        45 FF
   0032 00 00 00 00 00 00    11 .db 0X00,0X00,0X00,0X00,0X00,0X00,0X00,0X00
        00 00
   003A 00 00 40 00 AB FE    12 .db 0X00,0X00,0X40,0X00,0XAB,0XFE,0X55,0XFF
        55 FF
   0042 00 00 00 00 00 00    13 .db 0X00,0X00,0X00,0X00,0X00,0X00,0X00,0X00
        00 00
   004A 00 00 00 00 00 00    14 .db 0X00,0X00,0X00,0X00,0X00,0X00,0X00,0XC0
        00 C0
   0052 00 00 00 00 01 00    15 .db 0X00,0X00,0X00,0X00,0X01,0X00,0X01,0X01
        01 01
   005A 02 07 04 0F 08 1F    16 .db 0X02,0X07,0X04,0X0F,0X08,0X1F,0X70,0X3F
        70 3F
   0062 0A 1F 1D 7F BA FF    17 .db 0X0A,0X1F,0X1D,0X7F,0XBA,0XFF,0X50,0XFF
        50 FF
   006A 0A FF 10 FF 01 FE    18 .db 0X0A,0XFF,0X10,0XFF,0X01,0XFE,0X0A,0XF5
        0A F5
   0072 AA FF 55 FF 80 FF    19 .db 0XAA,0XFF,0X55,0XFF,0X80,0XFF,0X00,0XFF
        00 FF
   007A 15 EA AA 55 57 A8    20 .db 0X15,0XEA,0XAA,0X55,0X57,0XA8,0XAA,0X55
        AA 55
   0082 8A FF 11 FF 00 FF    21 .db 0X8A,0XFF,0X11,0XFF,0X00,0XFF,0X00,0XFF
        00 FF
   008A 54 AB AA 55 FF 00    22 .db 0X54,0XAB,0XAA,0X55,0XFF,0X00,0XFF,0X00
        FF 00
   0092 A8 F0 46 FC A1 FF    23 .db 0XA8,0XF0,0X46,0XFC,0XA1,0XFF,0X14,0XFF
        14 FF
   009A 4A BF A9 57 7C 83    24 .db 0X4A,0XBF,0XA9,0X57,0X7C,0X83,0XFA,0X05
        FA 05
   00A2 00 00 00 00 80 00    25 .db 0X00,0X00,0X00,0X00,0X80,0X00,0X00,0XC0
        00 C0
   00AA B0 E0 40 F8 A8 FC    26 .db 0XB0,0XE0,0X40,0XF8,0XA8,0XFC,0X7C,0XFE
        7C FE
   00B2 00 00 00 00 01 00    27 .db 0X00,0X00,0X00,0X00,0X01,0X00,0X01,0X01
        01 01
   00BA 03 03 07 07 06 0F    28 .db 0X03,0X03,0X07,0X07,0X06,0X0F,0X1D,0X0F
        1D 0F
   00C2 68 7F D2 7D A5 FA    29 .db 0X68,0X7F,0XD2,0X7D,0XA5,0XFA,0XCB,0XF4
        CB F4
   00CA 97 E8 2F D0 D7 A8    30 .db 0X97,0XE8,0X2F,0XD0,0XD7,0XA8,0X2F,0XD0
        2F D0
   00D2 15 EA AF 50 7F 80    31 .db 0X15,0XEA,0XAF,0X50,0X7F,0X80,0XFF,0X00
        FF 00
   00DA FA 00 F5 00 EA 00    32 .db 0XFA,0X00,0XF5,0X00,0XEA,0X00,0XD5,0X00
        D5 00
   00E2 7F 80 FF 00 AA 00    33 .db 0X7F,0X80,0XFF,0X00,0XAA,0X00,0X55,0X00
        55 00
   00EA AA 00 54 00 A0 00    34 .db 0XAA,0X00,0X54,0X00,0XA0,0X00,0X00,0X00
        00 00
   00F2 FF 00 55 00 AA 00    35 .db 0XFF,0X00,0X55,0X00,0XAA,0X00,0X55,0X00
        55 00
   00FA 2A 00 45 00 02 00    36 .db 0X2A,0X00,0X45,0X00,0X02,0X00,0X01,0X00
        01 00
   0102 AD 02 57 00 AB 00    37 .db 0XAD,0X02,0X57,0X00,0XAB,0X00,0X45,0X00
        45 00
   010A A2 00 41 00 82 00    38 .db 0XA2,0X00,0X41,0X00,0X82,0X00,0X55,0X00
        55 00
   0112 3E FF 9F 7F CF 3F    39 .db 0X3E,0XFF,0X9F,0X7F,0XCF,0X3F,0XC7,0X3F
        C7 3F
   011A C3 3F 65 1F B2 0F    40 .db 0XC3,0X3F,0X65,0X1F,0XB2,0X0F,0X59,0X07
        59 07
   0122 00 00 80 00 80 80    41 .db 0X00,0X00,0X80,0X00,0X80,0X80,0XE0,0XC0
        E0 C0
   012A F0 E0 F8 F0 FC F8    42 .db 0XF0,0XE0,0XF8,0XF0,0XFC,0XF8,0X7C,0XFC
        7C FC
   0132 1A 1F 34 1F 39 3E    43 .db 0X1A,0X1F,0X34,0X1F,0X39,0X3E,0X1C,0X7F
        1C 7F
   013A 38 7F 52 7D 68 7F    44 .db 0X38,0X7F,0X52,0X7D,0X68,0X7F,0X70,0X7F
        70 7F
   0142 57 A8 AF 50 57 A8    45 .db 0X57,0XA8,0XAF,0X50,0X57,0XA8,0XAF,0X50
        AF 50
   014A 57 A8 AB 54 57 A8    46 .db 0X57,0XA8,0XAB,0X54,0X57,0XA8,0XAB,0X54
        AB 54
   0152 EA 00 F5 00 EA 00    47 .db 0XEA,0X00,0XF5,0X00,0XEA,0X00,0XF5,0X00
        F5 00
   015A FA 00 FD 00 FA 00    48 .db 0XFA,0X00,0XFD,0X00,0XFA,0X00,0XFD,0X00
        FD 00
   0162 80 00 40 00 80 00    49 .db 0X80,0X00,0X40,0X00,0X80,0X00,0X40,0X00
        40 00
   016A A0 00 50 00 A8 00    50 .db 0XA0,0X00,0X50,0X00,0XA8,0X00,0X50,0X00
        50 00
   0172 00 00 01 00 02 00    51 .db 0X00,0X00,0X01,0X00,0X02,0X00,0X05,0X00
        05 00
   017A 02 00 05 00 0A 00    52 .db 0X02,0X00,0X05,0X00,0X0A,0X00,0X05,0X00
        05 00
   0182 AA 00 55 00 AA 00    53 .db 0XAA,0X00,0X55,0X00,0XAA,0X00,0X55,0X00
        55 00
   018A AA 00 55 00 AA 00    54 .db 0XAA,0X00,0X55,0X00,0XAA,0X00,0X55,0X00
        55 00
   0192 A0 0F 58 07 AC 03    55 .db 0XA0,0X0F,0X58,0X07,0XAC,0X03,0X58,0X07
        58 07
   019A AC 03 5E 01 AC 03    56 .db 0XAC,0X03,0X5E,0X01,0XAC,0X03,0X5A,0X05
        5A 05
   01A2 BE FE 5F FE AE FF    57 .db 0XBE,0XFE,0X5F,0XFE,0XAE,0XFF,0X5F,0XFF
        5F FF
   01AA 2F FF 75 FF 2A FF    58 .db 0X2F,0XFF,0X75,0XFF,0X2A,0XFF,0X10,0XFF
        10 FF
   01B2 00 00 00 00 00 00    59 .db 0X00,0X00,0X00,0X00,0X00,0X00,0X80,0X00
        80 00
   01BA 80 80 80 80 80 80    60 .db 0X80,0X80,0X80,0X80,0X80,0X80,0X40,0X80
        40 80
   01C2 A9 7E D0 7F 28 FF    61 .db 0XA9,0X7E,0XD0,0X7F,0X28,0XFF,0XF4,0X7F
        F4 7F
   01CA 28 7F 74 7F 28 7F    62 .db 0X28,0X7F,0X74,0X7F,0X28,0X7F,0X3C,0X7F
        3C 7F
   01D2 55 AA AF 50 57 A8    63 .db 0X55,0XAA,0XAF,0X50,0X57,0XA8,0XBF,0X40
        BF 40
   01DA 5E A0 BD 40 7F 80    64 .db 0X5E,0XA0,0XBD,0X40,0X7F,0X80,0XBE,0X41
        BE 41
   01E2 FA 00 D5 00 AA 00    65 .db 0XFA,0X00,0XD5,0X00,0XAA,0X00,0X55,0X00
        55 00
   01EA AA 00 54 00 A8 00    66 .db 0XAA,0X00,0X54,0X00,0XA8,0X00,0XF4,0X00
        F4 00
   01F2 A0 00 10 00 00 00    67 .db 0XA0,0X00,0X10,0X00,0X00,0X00,0X10,0X00
        10 00
   01FA 00 00 00 00 00 00    68 .db 0X00,0X00,0X00,0X00,0X00,0X00,0X51,0X00
        51 00
   0202 0A 00 01 00 00 00    69 .db 0X0A,0X00,0X01,0X00,0X00,0X00,0X00,0X00
        00 00
   020A 00 00 00 00 A8 00    70 .db 0X00,0X00,0X00,0X00,0XA8,0X00,0XFD,0X00
        FD 00
   0212 AA 00 55 00 AA 00    71 .db 0XAA,0X00,0X55,0X00,0XAA,0X00,0X15,0X00
        15 00
   021A 0A 00 05 00 0A 00    72 .db 0X0A,0X00,0X05,0X00,0X0A,0X00,0X55,0X00
        55 00
   0222 BC 03 5A 05 BC 03    73 .db 0XBC,0X03,0X5A,0X05,0XBC,0X03,0X58,0X07
        58 07
   022A B4 0B 58 07 B0 0F    74 .db 0XB4,0X0B,0X58,0X07,0XB0,0X0F,0X58,0X07
        58 07
   0232 0A FF 55 FF 0A FF    75 .db 0X0A,0XFF,0X55,0XFF,0X0A,0XFF,0X11,0XFF
        11 FF
   023A 22 FF 05 FF 02 FF    76 .db 0X22,0XFF,0X05,0XFF,0X02,0XFF,0X45,0XFF
        45 FF
   0242 C0 80 40 80 80 C0    77 .db 0XC0,0X80,0X40,0X80,0X80,0XC0,0X40,0XC0
        40 C0
   024A 80 C0 40 C0 00 C0    78 .db 0X80,0XC0,0X40,0XC0,0X00,0XC0,0X00,0XC0
        00 C0
   0252 38 7F 7C 3F 38 3F    79 .db 0X38,0X7F,0X7C,0X3F,0X38,0X3F,0X3C,0X3F
        3C 3F
   025A 38 3F 19 3F 38 3F    80 .db 0X38,0X3F,0X19,0X3F,0X38,0X3F,0X38,0X3F
        38 3F
   0262 50 AF 15 FF 2A FF    81 .db 0X50,0XAF,0X15,0XFF,0X2A,0XFF,0X50,0XFF
        50 FF
   026A 80 FF 00 FF 00 FF    82 .db 0X80,0XFF,0X00,0XFF,0X00,0XFF,0X02,0XFD
        02 FD
   0272 5A A0 3D C0 1E E0    83 .db 0X5A,0XA0,0X3D,0XC0,0X1E,0XE0,0X2B,0XD4
        2B D4
   027A 05 FA 52 FD A9 FE    84 .db 0X05,0XFA,0X52,0XFD,0XA9,0XFE,0X14,0XFF
        14 FF
   0282 AB 00 55 00 AB 00    85 .db 0XAB,0X00,0X55,0X00,0XAB,0X00,0XDF,0X00
        DF 00
   028A FF 00 DE 01 AC 03    86 .db 0XFF,0X00,0XDE,0X01,0XAC,0X03,0XDA,0X05
        DA 05
   0292 C1 3E 84 7F 40 BF    87 .db 0XC1,0X3E,0X84,0X7F,0X40,0XBF,0X80,0X7F
        80 7F
   029A 01 FE 00 FF 07 F8    88 .db 0X01,0XFE,0X00,0XFF,0X07,0XF8,0X00,0XFF
        00 FF
   02A2 FA 00 3D C0 16 E8    89 .db 0XFA,0X00,0X3D,0XC0,0X16,0XE8,0X0B,0XF4
        0B F4
   02AA 55 AA AA 55 D5 2A    90 .db 0X55,0XAA,0XAA,0X55,0XD5,0X2A,0XBB,0X44
        BB 44
   02B2 AC 03 F5 03 AC 03    91 .db 0XAC,0X03,0XF5,0X03,0XAC,0X03,0X57,0X01
        57 01
   02BA AA 01 D6 01 AB 00    92 .db 0XAA,0X01,0XD6,0X01,0XAB,0X00,0XD4,0X01
        D4 01
   02C2 22 FF 45 FF 2A FF    93 .db 0X22,0XFF,0X45,0XFF,0X2A,0XFF,0X55,0XFF
        55 FF
   02CA AA FF 55 FF AA FF    94 .db 0XAA,0XFF,0X55,0XFF,0XAA,0XFF,0X51,0XFF
        51 FF
   02D2 00 C0 00 C0 C0 80    95 .db 0X00,0XC0,0X00,0XC0,0XC0,0X80,0X00,0XC0
        00 C0
   02DA 00 80 40 80 80 80    96 .db 0X00,0X80,0X40,0X80,0X80,0X80,0X40,0X80
        40 80
   02E2 38 3F 30 3F 38 3F    97 .db 0X38,0X3F,0X30,0X3F,0X38,0X3F,0X30,0X1F
        30 1F
   02EA 79 3E 52 3D 31 3E    98 .db 0X79,0X3E,0X52,0X3D,0X31,0X3E,0X52,0X3D
        52 3D
   02F2 02 FF 54 FF 2A FF    99 .db 0X02,0XFF,0X54,0XFF,0X2A,0XFF,0X40,0XFF
        40 FF
   02FA 27 F8 02 FD 01 FE   100 .db 0X27,0XF8,0X02,0XFD,0X01,0XFE,0X80,0X7F
        80 7F
   0302 0B FE 64 9F 21 9E   101 .db 0X0B,0XFE,0X64,0X9F,0X21,0X9E,0XE8,0X17
        E8 17
   030A F5 0A A8 57 51 AE   102 .db 0XF5,0X0A,0XA8,0X57,0X51,0XAE,0XB8,0X47
        B8 47
   0312 8D 02 D7 00 AA 00   103 .db 0X8D,0X02,0XD7,0X00,0XAA,0X00,0XD5,0X00
        D5 00
   031A AB 00 D5 00 8A 00   104 .db 0XAB,0X00,0XD5,0X00,0X8A,0X00,0XD5,0X00
        D5 00
   0322 0C FF 86 7F D2 2F   105 .db 0X0C,0XFF,0X86,0X7F,0XD2,0X2F,0X6F,0X10
        6F 10
   032A D5 2A E0 1F BD 02   106 .db 0XD5,0X2A,0XE0,0X1F,0XBD,0X02,0X55,0X00
        55 00
   0332 45 BA 63 9C 7D 82   107 .db 0X45,0XBA,0X63,0X9C,0X7D,0X82,0XFF,0X00
        FF 00
   033A FA 00 3D C0 5A A0   108 .db 0XFA,0X00,0X3D,0XC0,0X5A,0XA0,0X7D,0X00
        7D 00
   0342 AB 00 D5 00 AB 00   109 .db 0XAB,0X00,0XD5,0X00,0XAB,0X00,0XFD,0X00
        FD 00
   034A EB 00 5C 01 AB 00   110 .db 0XEB,0X00,0X5C,0X01,0XAB,0X00,0X55,0X00
        55 00
   0352 0A FF 57 FC 2E F8   111 .db 0X0A,0XFF,0X57,0XFC,0X2E,0XF8,0X55,0XF8
        55 F8
   035A AB F0 0F F0 5A A0   112 .db 0XAB,0XF0,0X0F,0XF0,0X5A,0XA0,0X95,0X60
        95 60
   0362 80 80 80 00 80 00   113 .db 0X80,0X80,0X80,0X00,0X80,0X00,0XC0,0X00
        C0 00
   036A C0 00 C0 00 A0 00   114 .db 0XC0,0X00,0XC0,0X00,0XA0,0X00,0X40,0X00
        40 00
   0372 31 3E 52 3D 21 3E   115 .db 0X31,0X3E,0X52,0X3D,0X21,0X3E,0X52,0X3D
        52 3D
   037A 41 3E 52 3D 01 3E   116 .db 0X41,0X3E,0X52,0X3D,0X01,0X3E,0X12,0X3D
        12 3D
   0382 75 8A BB 44 FF 00   117 .db 0X75,0X8A,0XBB,0X44,0XFF,0X00,0XFD,0X00
        FD 00
   038A FA 00 F5 00 FA 00   118 .db 0XFA,0X00,0XF5,0X00,0XFA,0X00,0XF7,0X00
        F7 00
   0392 F1 0E F8 07 F1 0E   119 .db 0XF1,0X0E,0XF8,0X07,0XF1,0X0E,0X68,0X17
        68 17
   039A F1 0E 63 1C F1 0E   120 .db 0XF1,0X0E,0X63,0X1C,0XF1,0X0E,0XEB,0X14
        EB 14
   03A2 8A 00 15 00 8A 00   121 .db 0X8A,0X00,0X15,0X00,0X8A,0X00,0X15,0X00
        15 00
   03AA AA 00 15 00 8A 00   122 .db 0XAA,0X00,0X15,0X00,0X8A,0X00,0X05,0X00
        05 00
   03B2 AA 00 45 00 A0 00   123 .db 0XAA,0X00,0X45,0X00,0XA0,0X00,0X50,0X00
        50 00
   03BA AA 00 55 00 AA 00   124 .db 0XAA,0X00,0X55,0X00,0XAA,0X00,0X55,0X00
        55 00
   03C2 AA 00 51 00 80 00   125 .db 0XAA,0X00,0X51,0X00,0X80,0X00,0X00,0X00
        00 00
   03CA 80 00 00 00 80 00   126 .db 0X80,0X00,0X00,0X00,0X80,0X00,0X55,0X00
        55 00
   03D2 AB 00 55 00 AB 00   127 .db 0XAB,0X00,0X55,0X00,0XAB,0X00,0X57,0X00
        57 00
   03DA 2F 00 5E 01 BC 03   128 .db 0X2F,0X00,0X5E,0X01,0XBC,0X03,0X5A,0X05
        5A 05
   03E2 D8 20 BC 40 6A 84   129 .db 0XD8,0X20,0XBC,0X40,0X6A,0X84,0XA3,0X44
        A3 44
   03EA 27 C0 21 C0 A8 C0   130 .db 0X27,0XC0,0X21,0XC0,0XA8,0XC0,0X30,0XC0
        30 C0
   03F2 A0 00 10 00 80 00   131 .db 0XA0,0X00,0X10,0X00,0X80,0X00,0X00,0X00
        00 00
   03FA 00 00 00 00 20 00   132 .db 0X00,0X00,0X00,0X00,0X20,0X00,0X40,0X00
        40 00
   0402 09 3E 10 3F 09 3E   133 .db 0X09,0X3E,0X10,0X3F,0X09,0X3E,0X2C,0X1F
        2C 1F
   040A 08 1F 04 1F 0E 0F   134 .db 0X08,0X1F,0X04,0X1F,0X0E,0X0F,0X05,0X0F
        05 0F
   0412 FA 00 FD 00 7E 80   135 .db 0XFA,0X00,0XFD,0X00,0X7E,0X80,0XBF,0X40
        BF 40
   041A 5F A0 2F D0 17 E8   136 .db 0X5F,0XA0,0X2F,0XD0,0X17,0XE8,0X0B,0XF4
        0B F4
   0422 F6 08 6B 14 C1 3E   137 .db 0XF6,0X08,0X6B,0X14,0XC1,0X3E,0XE4,0X1F
        E4 1F
   042A EE 1F E7 1F CA 3F   138 .db 0XEE,0X1F,0XE7,0X1F,0XCA,0X3F,0XE5,0X1F
        E5 1F
   0432 88 00 54 00 EE 00   139 .db 0X88,0X00,0X54,0X00,0XEE,0X00,0XF8,0X07
        F8 07
   043A 50 AF 20 DF 81 FE   140 .db 0X50,0XAF,0X20,0XDF,0X81,0XFE,0X03,0XFC
        03 FC
   0442 2A 00 55 00 AA 00   141 .db 0X2A,0X00,0X55,0X00,0XAA,0X00,0XD5,0X00
        D5 00
   044A 6B 80 D7 00 EB 00   142 .db 0X6B,0X80,0XD7,0X00,0XEB,0X00,0XD5,0X00
        D5 00
   0452 AA 00 55 00 AF 00   143 .db 0XAA,0X00,0X55,0X00,0XAF,0X00,0XDF,0X00
        DF 00
   045A FF 00 FF 00 FF 00   144 .db 0XFF,0X00,0XFF,0X00,0XFF,0X00,0X7F,0X00
        7F 00
   0462 BC 03 79 07 F2 0F   145 .db 0XBC,0X03,0X79,0X07,0XF2,0X0F,0XE9,0X17
        E9 17
   046A F2 0F E1 1F D2 2F   146 .db 0XF2,0X0F,0XE1,0X1F,0XD2,0X2F,0XA1,0X5F
        A1 5F
   0472 22 C0 11 C0 E2 80   147 .db 0X22,0XC0,0X11,0XC0,0XE2,0X80,0X05,0XC0
        05 C0
   047A 5A A0 0E F0 80 F8   148 .db 0X5A,0XA0,0X0E,0XF0,0X80,0XF8,0X00,0XF0
        00 F0
   0482 C0 00 80 00 80 00   149 .db 0XC0,0X00,0X80,0X00,0X80,0X00,0X00,0X00
        00 00
   048A 00 00 00 00 00 00   150 .db 0X00,0X00,0X00,0X00,0X00,0X00,0X00,0X00
        00 00
   0492 06 0F 0F 07 0F 07   151 .db 0X06,0X0F,0X0F,0X07,0X0F,0X07,0X07,0X07
        07 07
   049A 03 07 07 03 03 03   152 .db 0X03,0X07,0X07,0X03,0X03,0X03,0X03,0X01
        03 01
   04A2 05 FA 02 FD 95 EA   153 .db 0X05,0XFA,0X02,0XFD,0X95,0XEA,0X48,0XF7
        48 F7
   04AA 82 FF C5 FF A2 FF   154 .db 0X82,0XFF,0XC5,0XFF,0XA2,0XFF,0XD5,0XFF
        D5 FF
   04B2 CA 3F A5 5F 4A BF   155 .db 0XCA,0X3F,0XA5,0X5F,0X4A,0XBF,0X15,0XFF
        15 FF
   04BA 0A FF 5D FF AA FF   156 .db 0X0A,0XFF,0X5D,0XFF,0XAA,0XFF,0X54,0XFF
        54 FF
   04C2 A1 FE 08 F7 45 BA   157 .db 0XA1,0XFE,0X08,0XF7,0X45,0XBA,0X20,0XDF
        20 DF
   04CA 00 FF 14 FF 88 FF   158 .db 0X00,0XFF,0X14,0XFF,0X88,0XFF,0XBF,0X40
        BF 40
   04D2 EA 00 BD 40 7F 80   159 .db 0XEA,0X00,0XBD,0X40,0X7F,0X80,0X3A,0XC5
        3A C5
   04DA 54 AB 00 FF 24 FB   160 .db 0X54,0XAB,0X00,0XFF,0X24,0XFB,0XFE,0X01
        FE 01
   04E2 AF 00 DF 00 EF 00   161 .db 0XAF,0X00,0XDF,0X00,0XEF,0X00,0XFE,0X01
        FE 01
   04EA 7F 80 3E C1 5C A3   162 .db 0X7F,0X80,0X3E,0XC1,0X5C,0XA3,0X38,0XC7
        38 C7
   04F2 42 BF 85 7F 4A BF   163 .db 0X42,0XBF,0X85,0X7F,0X4A,0XBF,0X85,0X7F
        85 7F
   04FA 02 FF 85 7F 0A FF   164 .db 0X02,0XFF,0X85,0X7F,0X0A,0XFF,0X04,0XFF
        04 FF
   0502 88 F0 48 F0 98 E0   165 .db 0X88,0XF0,0X48,0XF0,0X98,0XE0,0X48,0XF0
        48 F0
   050A 98 E0 38 C0 10 E8   166 .db 0X98,0XE0,0X38,0XC0,0X10,0XE8,0X38,0XC0
        38 C0
   0512 03 01 01 01 00 01   167 .db 0X03,0X01,0X01,0X01,0X00,0X01,0X01,0X00
        01 00
   051A 00 00 00 00 00 00   168 .db 0X00,0X00,0X00,0X00,0X00,0X00,0X00,0X00
        00 00
   0522 EA FF F4 FF EA FF   169 .db 0XEA,0XFF,0XF4,0XFF,0XEA,0XFF,0XD4,0XFF
        D4 FF
   052A FA FF FD FF FE FF   170 .db 0XFA,0XFF,0XFD,0XFF,0XFE,0XFF,0X7D,0XFF
        7D FF
   0532 09 FE 03 FC 07 F8   171 .db 0X09,0XFE,0X03,0XFC,0X07,0XF8,0X0B,0XF4
        0B F4
   053A 81 FE 20 DF 90 EF   172 .db 0X81,0XFE,0X20,0XDF,0X90,0XEF,0X09,0XF7
        09 F7
   0542 7E 80 F5 00 FA 00   173 .db 0X7E,0X80,0XF5,0X00,0XFA,0X00,0XFF,0X00
        FF 00
   054A 5F A0 8A 75 A1 FE   174 .db 0X5F,0XA0,0X8A,0X75,0XA1,0XFE,0X50,0XFF
        50 FF
   0552 BD 02 7E 01 AF 00   175 .db 0XBD,0X02,0X7E,0X01,0XAF,0X00,0XD6,0X01
        D6 01
   055A EB 00 D6 01 6B 80   176 .db 0XEB,0X00,0XD6,0X01,0X6B,0X80,0XD6,0X01
        D6 01
   0562 74 8B F9 07 F0 0F   177 .db 0X74,0X8B,0XF9,0X07,0XF0,0X0F,0XE8,0X17
        E8 17
   056A 70 8F E8 17 71 8E   178 .db 0X70,0X8F,0XE8,0X17,0X71,0X8E,0X3A,0XC5
        3A C5
   0572 8A FF 05 FF 8A FF   179 .db 0X8A,0XFF,0X05,0XFF,0X8A,0XFF,0X01,0XFF
        01 FF
   057A 0A FF 21 DF 40 BF   180 .db 0X0A,0XFF,0X21,0XDF,0X40,0XBF,0XA0,0X5F
        A0 5F
   0582 78 80 3C C0 7C 80   181 .db 0X78,0X80,0X3C,0XC0,0X7C,0X80,0X3C,0XC0
        3C C0
   058A 7E 80 3F C0 6F 80   182 .db 0X7E,0X80,0X3F,0XC0,0X6F,0X80,0XFD,0X00
        FD 00
   0592 00 00 00 00 00 00   183 .db 0X00,0X00,0X00,0X00,0X00,0X00,0X00,0X00
        00 00
   059A 00 00 00 00 00 80   184 .db 0X00,0X00,0X00,0X00,0X00,0X80,0XC0,0X00
        C0 00
   05A2 AE 7F 45 3F 0E 3F   185 .db 0XAE,0X7F,0X45,0X3F,0X0E,0X3F,0X27,0X1F
        27 1F
   05AA 22 1F 05 1F 03 0F   186 .db 0X22,0X1F,0X05,0X1F,0X03,0X0F,0X09,0X07
        09 07
   05B2 94 EB 48 F7 E4 FB   187 .db 0X94,0XEB,0X48,0XF7,0XE4,0XFB,0XC0,0XFF
        C0 FF
   05BA E1 FE F0 FF E8 FF   188 .db 0XE1,0XFE,0XF0,0XFF,0XE8,0XFF,0XF5,0XFF
        F5 FF
   05C2 21 FE 50 FF 01 FE   189 .db 0X21,0XFE,0X50,0XFF,0X01,0XFE,0X01,0XFE
        01 FE
   05CA 01 FE 00 FF 01 FE   190 .db 0X01,0XFE,0X00,0XFF,0X01,0XFE,0X40,0XFF
        40 FF
   05D2 AE 01 DE 01 AC 03   191 .db 0XAE,0X01,0XDE,0X01,0XAC,0X03,0XF8,0X07
        F8 07
   05DA F0 0F A8 57 50 AF   192 .db 0XF0,0X0F,0XA8,0X57,0X50,0XAF,0XA1,0X5F
        A1 5F
   05E2 15 EA 0B F4 17 E8   193 .db 0X15,0XEA,0X0B,0XF4,0X17,0XE8,0X4F,0XF0
        4F F0
   05EA A7 F8 42 FD A0 FF   194 .db 0XA7,0XF8,0X42,0XFD,0XA0,0XFF,0X54,0XFF
        54 FF
   05F2 D1 2E A3 5C 41 BE   195 .db 0XD1,0X2E,0XA3,0X5C,0X41,0XBE,0XAB,0X54
        AB 54
   05FA 57 A8 2F D0 57 A8   196 .db 0X57,0XA8,0X2F,0XD0,0X57,0XA8,0X2F,0XD0
        2F D0
   0602 EB 00 D5 00 AB 00   197 .db 0XEB,0X00,0XD5,0X00,0XAB,0X00,0XD5,0X00
        D5 00
   060A EB 00 D5 00 EB 00   198 .db 0XEB,0X00,0XD5,0X00,0XEB,0X00,0XD7,0X00
        D7 00
   0612 E0 00 F4 00 F8 00   199 .db 0XE0,0X00,0XF4,0X00,0XF8,0X00,0XF0,0X00
        F0 00
   061A F0 00 F0 00 E0 00   200 .db 0XF0,0X00,0XF0,0X00,0XE0,0X00,0XC0,0X00
        C0 00
   0622 0F 03 01 07 00 03   201 .db 0X0F,0X03,0X01,0X07,0X00,0X03,0X02,0X01
        02 01
   062A 01 00 00 00 00 00   202 .db 0X01,0X00,0X00,0X00,0X00,0X00,0X00,0X00
        00 00
   0632 FA FF FD FF FE FF   203 .db 0XFA,0XFF,0XFD,0XFF,0XFE,0XFF,0X7F,0XFF
        7F FF
   063A 3F FF BF 7F 6F 3F   204 .db 0X3F,0XFF,0XBF,0X7F,0X6F,0X3F,0X17,0X3F
        17 3F
   0642 A0 FF 54 FF AA FF   205 .db 0XA0,0XFF,0X54,0XFF,0XAA,0XFF,0XDD,0XFF
        DD FF
   064A FE FF FF FF FF FF   206 .db 0XFE,0XFF,0XFF,0XFF,0XFF,0XFF,0XFF,0XFF
        FF FF
   0652 02 FF 05 FF 8B FF   207 .db 0X02,0XFF,0X05,0XFF,0X8B,0XFF,0X57,0XFF
        57 FF
   065A AF FF FD FF FA FF   208 .db 0XAF,0XFF,0XFD,0XFF,0XFA,0XFF,0XF4,0XFF
        F4 FF
   0662 A8 FF 52 FD A1 FE   209 .db 0XA8,0XFF,0X52,0XFD,0XA1,0XFE,0X42,0XFD
        42 FD
   066A B5 EA 0A F5 55 AA   210 .db 0XB5,0XEA,0X0A,0XF5,0X55,0XAA,0X2A,0XD5
        2A D5
   0672 5F A0 AF 50 DF 20   211 .db 0X5F,0XA0,0XAF,0X50,0XDF,0X20,0XBF,0X40
        BF 40
   067A 7E 80 BC 40 5E A0   212 .db 0X7E,0X80,0XBC,0X40,0X5E,0XA0,0XBC,0X40
        BC 40
   0682 EF 00 F7 00 AE 00   213 .db 0XEF,0X00,0XF7,0X00,0XAE,0X00,0X54,0X00
        54 00
   068A 08 00 00 00 00 00   214 .db 0X08,0X00,0X00,0X00,0X00,0X00,0X00,0X00
        00 00
   0692 80 00 00 00 00 00   215 .db 0X80,0X00,0X00,0X00,0X00,0X00,0X00,0X00
        00 00
   069A 00 00 00 00 00 00   216 .db 0X00,0X00,0X00,0X00,0X00,0X00,0X00,0X00
        00 00
   06A2 00 00 00 00 00 00   217 .db 0X00,0X00,0X00,0X00,0X00,0X00,0X00,0X00
        00 00
   06AA 10 10 28 28 17 17   218 .db 0X10,0X10,0X28,0X28,0X17,0X17,0X08,0X08
        08 08
   06B2 00 00 00 00 00 00   219 .db 0X00,0X00,0X00,0X00,0X00,0X00,0X00,0X00
        00 00
   06BA 00 00 00 00 FF FF   220 .db 0X00,0X00,0X00,0X00,0XFF,0XFF,0X00,0X00
        00 00
   06C2 0A 3F 35 1F 2A 1F   221 .db 0X0A,0X3F,0X35,0X1F,0X2A,0X1F,0X05,0X1F
        05 1F
   06CA 1A 0F 15 0F FF FF   222 .db 0X1A,0X0F,0X15,0X0F,0XFF,0XFF,0X00,0X00
        00 00
   06D2 BA FF 54 FF 00 FF   223 .db 0XBA,0XFF,0X54,0XFF,0X00,0XFF,0X00,0XFF
        00 FF
   06DA A0 FF 42 FD FF FF   224 .db 0XA0,0XFF,0X42,0XFD,0XFF,0XFF,0X00,0X00
        00 00
   06E2 A1 FE 02 FD 01 FE   225 .db 0XA1,0XFE,0X02,0XFD,0X01,0XFE,0X00,0XFF
        00 FF
   06EA 00 FF 00 FF FF FF   226 .db 0X00,0XFF,0X00,0XFF,0XFF,0XFF,0X00,0X00
        00 00
   06F2 55 AA AA 55 55 AA   227 .db 0X55,0XAA,0XAA,0X55,0X55,0XAA,0XAA,0X55
        AA 55
   06FA 01 FE 02 FD FF FF   228 .db 0X01,0XFE,0X02,0XFD,0XFF,0XFF,0X00,0X00
        00 00
   0702 58 A0 BC 40 58 A0   229 .db 0X58,0XA0,0XBC,0X40,0X58,0XA0,0XB0,0X40
        B0 40
   070A 78 80 B0 40 FF FF   230 .db 0X78,0X80,0XB0,0X40,0XFF,0XFF,0X00,0X00
        00 00
   0712 00 00 00 00 00 00   231 .db 0X00,0X00,0X00,0X00,0X00,0X00,0X00,0X00
        00 00
   071A 08 08 14 14 F8 F8   232 .db 0X08,0X08,0X14,0X14,0XF8,0XF8,0X10,0X10
        10 10
   0722 08 08 08 08 08 08   233 .db 0X08,0X08,0X08,0X08,0X08,0X08,0X08,0X08
        08 08
   072A 08 08 08 08 08 08   234 .db 0X08,0X08,0X08,0X08,0X08,0X08,0X08,0X08
        08 08
   0732 10 10 10 10 10 10   235 .db 0X10,0X10,0X10,0X10,0X10,0X10,0X10,0X10
        10 10
   073A 10 10 10 10 10 10   236 .db 0X10,0X10,0X10,0X10,0X10,0X10,0X10,0X10
        10 10
   0742 08 08 08 08 08 08   237 .db 0X08,0X08,0X08,0X08,0X08,0X08,0X17,0X17
        17 17
   074A 28 28 10 10 00 00   238 .db 0X28,0X28,0X10,0X10,0X00,0X00,0X00,0X00
        00 00
   0752 00 00 00 00 00 00   239 .db 0X00,0X00,0X00,0X00,0X00,0X00,0XFF,0XFF
        FF FF
   075A 00 00 00 00 00 00   240 .db 0X00,0X00,0X00,0X00,0X00,0X00,0X00,0X00
        00 00
   0762 10 10 10 10 10 10   241 .db 0X10,0X10,0X10,0X10,0X10,0X10,0XE8,0XE8
        E8 E8
   076A 14 14 08 08 00 00   242 .db 0X14,0X14,0X08,0X08,0X00,0X00,0X00,0X00
        00 00
                            243 .globl _wuthrer_gb_wbox_tilemap
   0772 74 07               244 .dw _wuthrer_gb_wbox_tilemap
   0774                     245 _wuthrer_gb_wbox_tilemap:
   0774 00 00 00 00 00 00   246 .db 0X00,0X00,0X00,0X00,0X00,0X00,0X00,0X00
        00 00
   077C 01 02 03 04 00 00   247 .db 0X01,0X02,0X03,0X04,0X00,0X00,0X00,0X00
        00 00
   0784 00 00 00 00 00 00   248 .db 0X00,0X00,0X00,0X00,0X00,0X00,0X00,0X00
        00 00
   078C 00 00 00 05 06 07   249 .db 0X00,0X00,0X00,0X05,0X06,0X07,0X08,0X09
        08 09
   0794 0A 00 00 00 00 00   250 .db 0X0A,0X00,0X00,0X00,0X00,0X00,0X00,0X00
        00 00
   079C 00 00 00 00 00 00   251 .db 0X00,0X00,0X00,0X00,0X00,0X00,0X0B,0X0C
        0B 0C
   07A4 0D 0E 0F 10 11 12   252 .db 0X0D,0X0E,0X0F,0X10,0X11,0X12,0X00,0X00
        00 00
   07AC 00 00 00 00 00 00   253 .db 0X00,0X00,0X00,0X00,0X00,0X00,0X00,0X00
        00 00
   07B4 00 00 13 14 15 16   254 .db 0X00,0X00,0X13,0X14,0X15,0X16,0X17,0X18
        17 18
   07BC 19 1A 1B 00 00 00   255 .db 0X19,0X1A,0X1B,0X00,0X00,0X00,0X00,0X00
        00 00
   07C4 00 00 00 00 00 00   256 .db 0X00,0X00,0X00,0X00,0X00,0X00,0X1C,0X1D
        1C 1D
   07CC 1E 1F 20 21 22 23   257 .db 0X1E,0X1F,0X20,0X21,0X22,0X23,0X24,0X00
        24 00
   07D4 00 00 00 00 00 00   258 .db 0X00,0X00,0X00,0X00,0X00,0X00,0X00,0X00
        00 00
   07DC 00 00 25 26 27 28   259 .db 0X00,0X00,0X25,0X26,0X27,0X28,0X29,0X2A
        29 2A
   07E4 2B 2C 2D 00 00 00   260 .db 0X2B,0X2C,0X2D,0X00,0X00,0X00,0X00,0X00
        00 00
   07EC 00 00 00 00 00 00   261 .db 0X00,0X00,0X00,0X00,0X00,0X00,0X2E,0X2F
        2E 2F
   07F4 30 31 32 33 34 35   262 .db 0X30,0X31,0X32,0X33,0X34,0X35,0X36,0X00
        36 00
   07FC 00 00 00 00 00 00   263 .db 0X00,0X00,0X00,0X00,0X00,0X00,0X00,0X00
        00 00
   0804 00 00 37 38 39 3A   264 .db 0X00,0X00,0X37,0X38,0X39,0X3A,0X3B,0X3C
        3B 3C
   080C 3D 3E 3F 00 00 00   265 .db 0X3D,0X3E,0X3F,0X00,0X00,0X00,0X00,0X00
        00 00
   0814 00 00 00 00 00 00   266 .db 0X00,0X00,0X00,0X00,0X00,0X00,0X40,0X41
        40 41
   081C 42 43 44 45 46 47   267 .db 0X42,0X43,0X44,0X45,0X46,0X47,0X48,0X00
        48 00
   0824 00 00 00 00 00 00   268 .db 0X00,0X00,0X00,0X00,0X00,0X00,0X00,0X00
        00 00
   082C 00 00 49 4A 4B 4C   269 .db 0X00,0X00,0X49,0X4A,0X4B,0X4C,0X4D,0X4E
        4D 4E
   0834 4F 50 00 00 00 00   270 .db 0X4F,0X50,0X00,0X00,0X00,0X00,0X00,0X00
        00 00
   083C 00 00 00 00 00 00   271 .db 0X00,0X00,0X00,0X00,0X00,0X00,0X51,0X52
        51 52
   0844 53 54 55 56 57 58   272 .db 0X53,0X54,0X55,0X56,0X57,0X58,0X59,0X00
        59 00
   084C 00 00 00 00 00 00   273 .db 0X00,0X00,0X00,0X00,0X00,0X00,0X00,0X00
        00 00
   0854 00 00 00 5A 5B 5C   274 .db 0X00,0X00,0X00,0X5A,0X5B,0X5C,0X5D,0X5E
        5D 5E
   085C 5F 60 61 00 00 00   275 .db 0X5F,0X60,0X61,0X00,0X00,0X00,0X00,0X00
        00 00
   0864 00 00 00 00 00 00   276 .db 0X00,0X00,0X00,0X00,0X00,0X00,0X00,0X62
        00 62
   086C 63 64 65 66 67 68   277 .db 0X63,0X64,0X65,0X66,0X67,0X68,0X69,0X00
        69 00
   0874 00 00 00 00 6A 6B   278 .db 0X00,0X00,0X00,0X00,0X6A,0X6B,0X6B,0X6B
        6B 6B
   087C 6B 6B 6B 6B 6C 6D   279 .db 0X6B,0X6B,0X6B,0X6B,0X6C,0X6D,0X6E,0X6F
        6E 6F
   0884 70 6B 6B 6B 6B 6B   280 .db 0X70,0X6B,0X6B,0X6B,0X6B,0X6B,0X6B,0X71
        6B 71
   088C 72 00 00 00 00 00   281 .db 0X72,0X00,0X00,0X00,0X00,0X00,0X00,0X00
        00 00
   0894 00 00 00 00 00 00   282 .db 0X00,0X00,0X00,0X00,0X00,0X00,0X00,0X00
        00 00
   089C 00 00 00 73 72 00   283 .db 0X00,0X00,0X00,0X73,0X72,0X00,0X00,0X00
        00 00
   08A4 00 00 00 00 00 00   284 .db 0X00,0X00,0X00,0X00,0X00,0X00,0X00,0X00
        00 00
   08AC 00 00 00 00 00 00   285 .db 0X00,0X00,0X00,0X00,0X00,0X00,0X00,0X73
        00 73
   08B4 72 00 00 00 00 00   286 .db 0X72,0X00,0X00,0X00,0X00,0X00,0X00,0X00
        00 00
   08BC 00 00 00 00 00 00   287 .db 0X00,0X00,0X00,0X00,0X00,0X00,0X00,0X00
        00 00
   08C4 00 00 00 73 74 75   288 .db 0X00,0X00,0X00,0X73,0X74,0X75,0X75,0X75
        75 75
   08CC 75 75 75 75 75 75   289 .db 0X75,0X75,0X75,0X75,0X75,0X75,0X75,0X75
        75 75
   08D4 75 75 75 75 75 75   290 .db 0X75,0X75,0X75,0X75,0X75,0X75,0X75,0X76
        75 76
ASxxxx Assembler V01.75  (GameBoy Z80-like CPU), page 1.

Symbol Table

  1 _wuthrer_gb_wbox_tiledata          0002 GR
  1 _wuthrer_gb_wbox_tilemap           0774 GR

ASxxxx Assembler V01.75  (GameBoy Z80-like CPU), page 2.

Area Table

   0 _CODE                              size    0   flags 0
   1 _CODE_1                            size  8DC   flags 0
